<?xml version="1.0" encoding="UTF-8"?>
<testsuite xmlns:xsi="http://www.w3.org/2001/XMLSchema-instance" xsi:schemaLocation="https://maven.apache.org/surefire/maven-surefire-plugin/xsd/surefire-test-report.xsd" name="com.basistech.rosette.api.RosetteAPITest" time="32.019" tests="1596" errors="0" skipped="0" failures="0">
  <properties>
    <property name="mockserver.logLevel" value="WARN"/>
    <property name="java.runtime.name" value="OpenJDK Runtime Environment"/>
    <property name="sun.boot.library.path" value="/usr/lib/jvm/java-8-openjdk-amd64/jre/lib/amd64"/>
    <property name="java.vm.version" value="25.121-b13"/>
    <property name="java.vm.vendor" value="Oracle Corporation"/>
    <property name="maven.multiModuleProjectDirectory" value="/publish/java"/>
    <property name="java.vendor.url" value="http://java.oracle.com/"/>
    <property name="path.separator" value=":"/>
    <property name="guice.disable.misplaced.annotation.check" value="true"/>
    <property name="java.vm.name" value="OpenJDK 64-Bit Server VM"/>
    <property name="file.encoding.pkg" value="sun.io"/>
    <property name="sun.java.launcher" value="SUN_STANDARD"/>
    <property name="sun.os.patch.level" value="unknown"/>
    <property name="java.vm.specification.name" value="Java Virtual Machine Specification"/>
    <property name="user.dir" value="/publish/java"/>
    <property name="java.runtime.version" value="1.8.0_121-8u121-b13-1~bpo8+1-b13"/>
    <property name="java.awt.graphicsenv" value="sun.awt.X11GraphicsEnvironment"/>
    <property name="java.endorsed.dirs" value="/usr/lib/jvm/java-8-openjdk-amd64/jre/lib/endorsed"/>
    <property name="os.arch" value="amd64"/>
    <property name="java.io.tmpdir" value="/tmp"/>
    <property name="line.separator" value="&#10;"/>
    <property name="java.vm.specification.vendor" value="Oracle Corporation"/>
    <property name="os.name" value="Linux"/>
    <property name="mockserver.mockServerPort" value="42601"/>
    <property name="classworlds.conf" value="/usr/share/maven/bin/m2.conf"/>
    <property name="sun.jnu.encoding" value="UTF-8"/>
    <property name="java.library.path" value="/usr/java/packages/lib/amd64:/usr/lib/x86_64-linux-gnu/jni:/lib/x86_64-linux-gnu:/usr/lib/x86_64-linux-gnu:/usr/lib/jni:/lib:/usr/lib"/>
    <property name="sun.nio.ch.bugLevel" value=""/>
    <property name="java.specification.name" value="Java Platform API Specification"/>
    <property name="java.class.version" value="52.0"/>
    <property name="sun.management.compiler" value="HotSpot 64-Bit Tiered Compilers"/>
    <property name="os.version" value="4.9.36-moby"/>
    <property name="mockserver.sslSubjectAlternativeNameIps" value="0.0.0.0,127.0.0.1"/>
    <property name="user.home" value="/root"/>
    <property name="user.timezone" value="America/New_York"/>
    <property name="java.awt.printerjob" value="sun.print.PSPrinterJob"/>
    <property name="java.specification.version" value="1.8"/>
    <property name="file.encoding" value="UTF-8"/>
    <property name="user.name" value="root"/>
    <property name="java.class.path" value="/usr/share/maven/boot/plexus-classworlds-2.5.2.jar"/>
    <property name="org.slf4j.simpleLogger.defaultLogLevel" value="WARN"/>
    <property name="java.vm.specification.version" value="1.8"/>
    <property name="sun.arch.data.model" value="64"/>
    <property name="java.home" value="/usr/lib/jvm/java-8-openjdk-amd64/jre"/>
    <property name="sun.java.command" value="org.codehaus.plexus.classworlds.launcher.Launcher clean install site"/>
    <property name="java.specification.vendor" value="Oracle Corporation"/>
    <property name="user.language" value="en"/>
    <property name="awt.toolkit" value="sun.awt.X11.XToolkit"/>
    <property name="java.vm.info" value="mixed mode"/>
    <property name="java.version" value="1.8.0_121"/>
    <property name="java.ext.dirs" value="/usr/lib/jvm/java-8-openjdk-amd64/jre/lib/ext:/usr/java/packages/lib/ext"/>
    <property name="securerandom.source" value="file:/dev/./urandom"/>
    <property name="sun.boot.class.path" value="/usr/lib/jvm/java-8-openjdk-amd64/jre/lib/resources.jar:/usr/lib/jvm/java-8-openjdk-amd64/jre/lib/rt.jar:/usr/lib/jvm/java-8-openjdk-amd64/jre/lib/sunrsasign.jar:/usr/lib/jvm/java-8-openjdk-amd64/jre/lib/jsse.jar:/usr/lib/jvm/java-8-openjdk-amd64/jre/lib/jce.jar:/usr/lib/jvm/java-8-openjdk-amd64/jre/lib/charsets.jar:/usr/lib/jvm/java-8-openjdk-amd64/jre/lib/jfr.jar:/usr/lib/jvm/java-8-openjdk-amd64/jre/classes"/>
    <property name="java.vendor" value="Oracle Corporation"/>
    <property name="maven.home" value="/usr/share/maven"/>
    <property name="mockserver.sslSubjectAlternativeNameDomains" value="localhost"/>
    <property name="file.separator" value="/"/>
    <property name="java.vendor.url.bug" value="http://bugreport.sun.com/bugreport/"/>
    <property name="sun.cpu.endian" value="little"/>
    <property name="sun.io.unicode.encoding" value="UnicodeLittle"/>
    <property name="sun.cpu.isalist" value=""/>
  </properties>
  <testcase name="testGetSentimentURL[0]" classname="com.basistech.rosette.api.RosetteAPITest" time="0.135"/>
  <testcase name="testIgnoredUnknownField[0]" classname="com.basistech.rosette.api.RosetteAPITest" time="0.107"/>
  <testcase name="testTranslateName[0]" classname="com.basistech.rosette.api.RosetteAPITest" time="0.083"/>
  <testcase name="testGetRelationships[0]" classname="com.basistech.rosette.api.RosetteAPITest" time="0.082"/>
  <testcase name="testGetCategories[0]" classname="com.basistech.rosette.api.RosetteAPITest" time="0.094"/>
  <testcase name="testGetSyntaxDependencies[0]" classname="com.basistech.rosette.api.RosetteAPITest" time="0.07"/>
  <testcase name="testGetRelationshipsURL[0]" classname="com.basistech.rosette.api.RosetteAPITest" time="0.06"/>
  <testcase name="testGetMorphologyDoc[0]" classname="com.basistech.rosette.api.RosetteAPITest" time="0.069"/>
  <testcase name="testGetMorphologyURL[0]" classname="com.basistech.rosette.api.RosetteAPITest" time="0.049"/>
  <testcase name="testGetSyntaxDependenciesURL[0]" classname="com.basistech.rosette.api.RosetteAPITest" time="0.06"/>
  <testcase name="testNonIgnoredUnknownField[0]" classname="com.basistech.rosette.api.RosetteAPITest" time="0.046"/>
  <testcase name="testGetEntityDoc[0]" classname="com.basistech.rosette.api.RosetteAPITest" time="0.135"/>
  <testcase name="testGetEntityURL[0]" classname="com.basistech.rosette.api.RosetteAPITest" time="0.062"/>
  <testcase name="testNameDeduplication[0]" classname="com.basistech.rosette.api.RosetteAPITest" time="0.069"/>
  <testcase name="testGetLanguageDoc[0]" classname="com.basistech.rosette.api.RosetteAPITest" time="0.062"/>
  <testcase name="testGetLanguageURL[0]" classname="com.basistech.rosette.api.RosetteAPITest" time="0.054"/>
  <testcase name="testMatchName[0]" classname="com.basistech.rosette.api.RosetteAPITest" time="0.06"/>
  <testcase name="testGetSentiment[0]" classname="com.basistech.rosette.api.RosetteAPITest" time="0.049"/>
  <testcase name="testGetCategoriesURL[0]" classname="com.basistech.rosette.api.RosetteAPITest" time="0.04"/>
  <testcase name="testGetSentimentURL[1]" classname="com.basistech.rosette.api.RosetteAPITest" time="0.055"/>
  <testcase name="testIgnoredUnknownField[1]" classname="com.basistech.rosette.api.RosetteAPITest" time="0.037"/>
  <testcase name="testTranslateName[1]" classname="com.basistech.rosette.api.RosetteAPITest" time="0.029"/>
  <testcase name="testGetRelationships[1]" classname="com.basistech.rosette.api.RosetteAPITest" time="0.061"/>
  <testcase name="testGetCategories[1]" classname="com.basistech.rosette.api.RosetteAPITest" time="0.055"/>
  <testcase name="testGetSyntaxDependencies[1]" classname="com.basistech.rosette.api.RosetteAPITest" time="0.117"/>
  <testcase name="testGetRelationshipsURL[1]" classname="com.basistech.rosette.api.RosetteAPITest" time="0.055"/>
  <testcase name="testGetMorphologyDoc[1]" classname="com.basistech.rosette.api.RosetteAPITest" time="0.071"/>
  <testcase name="testGetMorphologyURL[1]" classname="com.basistech.rosette.api.RosetteAPITest" time="0.085"/>
  <testcase name="testGetSyntaxDependenciesURL[1]" classname="com.basistech.rosette.api.RosetteAPITest" time="0.043"/>
  <testcase name="testNonIgnoredUnknownField[1]" classname="com.basistech.rosette.api.RosetteAPITest" time="0.042"/>
  <testcase name="testGetEntityDoc[1]" classname="com.basistech.rosette.api.RosetteAPITest" time="0.086"/>
  <testcase name="testGetEntityURL[1]" classname="com.basistech.rosette.api.RosetteAPITest" time="0.067"/>
  <testcase name="testNameDeduplication[1]" classname="com.basistech.rosette.api.RosetteAPITest" time="0.069"/>
  <testcase name="testGetLanguageDoc[1]" classname="com.basistech.rosette.api.RosetteAPITest" time="0.06"/>
  <testcase name="testGetLanguageURL[1]" classname="com.basistech.rosette.api.RosetteAPITest" time="0.072"/>
  <testcase name="testMatchName[1]" classname="com.basistech.rosette.api.RosetteAPITest" time="0.067"/>
  <testcase name="testGetSentiment[1]" classname="com.basistech.rosette.api.RosetteAPITest" time="0.042"/>
  <testcase name="testGetCategoriesURL[1]" classname="com.basistech.rosette.api.RosetteAPITest" time="0.06"/>
  <testcase name="testGetSentimentURL[2]" classname="com.basistech.rosette.api.RosetteAPITest" time="0.028"/>
  <testcase name="testIgnoredUnknownField[2]" classname="com.basistech.rosette.api.RosetteAPITest" time="0.03"/>
  <testcase name="testTranslateName[2]" classname="com.basistech.rosette.api.RosetteAPITest" time="0.063"/>
  <testcase name="testGetRelationships[2]" classname="com.basistech.rosette.api.RosetteAPITest" time="0.057"/>
  <testcase name="testGetCategories[2]" classname="com.basistech.rosette.api.RosetteAPITest" time="0.024"/>
  <testcase name="testGetSyntaxDependencies[2]" classname="com.basistech.rosette.api.RosetteAPITest" time="0.038"/>
  <testcase name="testGetRelationshipsURL[2]" classname="com.basistech.rosette.api.RosetteAPITest" time="0.028"/>
  <testcase name="testGetMorphologyDoc[2]" classname="com.basistech.rosette.api.RosetteAPITest" time="0.049"/>
  <testcase name="testGetMorphologyURL[2]" classname="com.basistech.rosette.api.RosetteAPITest" time="0.031"/>
  <testcase name="testGetSyntaxDependenciesURL[2]" classname="com.basistech.rosette.api.RosetteAPITest" time="0.044"/>
  <testcase name="testNonIgnoredUnknownField[2]" classname="com.basistech.rosette.api.RosetteAPITest" time="0.03"/>
  <testcase name="testGetEntityDoc[2]" classname="com.basistech.rosette.api.RosetteAPITest" time="0.029"/>
  <testcase name="testGetEntityURL[2]" classname="com.basistech.rosette.api.RosetteAPITest" time="0.034"/>
  <testcase name="testNameDeduplication[2]" classname="com.basistech.rosette.api.RosetteAPITest" time="0.045"/>
  <testcase name="testGetLanguageDoc[2]" classname="com.basistech.rosette.api.RosetteAPITest" time="0.031"/>
  <testcase name="testGetLanguageURL[2]" classname="com.basistech.rosette.api.RosetteAPITest" time="0.044"/>
  <testcase name="testMatchName[2]" classname="com.basistech.rosette.api.RosetteAPITest" time="0.073"/>
  <testcase name="testGetSentiment[2]" classname="com.basistech.rosette.api.RosetteAPITest" time="0.028"/>
  <testcase name="testGetCategoriesURL[2]" classname="com.basistech.rosette.api.RosetteAPITest" time="0.023"/>
  <testcase name="testGetSentimentURL[3]" classname="com.basistech.rosette.api.RosetteAPITest" time="0.035"/>
  <testcase name="testIgnoredUnknownField[3]" classname="com.basistech.rosette.api.RosetteAPITest" time="0.024"/>
  <testcase name="testTranslateName[3]" classname="com.basistech.rosette.api.RosetteAPITest" time="0.032"/>
  <testcase name="testGetRelationships[3]" classname="com.basistech.rosette.api.RosetteAPITest" time="0.027"/>
  <testcase name="testGetCategories[3]" classname="com.basistech.rosette.api.RosetteAPITest" time="0.045"/>
  <testcase name="testGetSyntaxDependencies[3]" classname="com.basistech.rosette.api.RosetteAPITest" time="0.065"/>
  <testcase name="testGetRelationshipsURL[3]" classname="com.basistech.rosette.api.RosetteAPITest" time="0.018"/>
  <testcase name="testGetMorphologyDoc[3]" classname="com.basistech.rosette.api.RosetteAPITest" time="0.022"/>
  <testcase name="testGetMorphologyURL[3]" classname="com.basistech.rosette.api.RosetteAPITest" time="0.048"/>
  <testcase name="testGetSyntaxDependenciesURL[3]" classname="com.basistech.rosette.api.RosetteAPITest" time="0.026"/>
  <testcase name="testNonIgnoredUnknownField[3]" classname="com.basistech.rosette.api.RosetteAPITest" time="0.02"/>
  <testcase name="testGetEntityDoc[3]" classname="com.basistech.rosette.api.RosetteAPITest" time="0.029"/>
  <testcase name="testGetEntityURL[3]" classname="com.basistech.rosette.api.RosetteAPITest" time="0.036"/>
  <testcase name="testNameDeduplication[3]" classname="com.basistech.rosette.api.RosetteAPITest" time="0.024"/>
  <testcase name="testGetLanguageDoc[3]" classname="com.basistech.rosette.api.RosetteAPITest" time="0.025"/>
  <testcase name="testGetLanguageURL[3]" classname="com.basistech.rosette.api.RosetteAPITest" time="0.023"/>
  <testcase name="testMatchName[3]" classname="com.basistech.rosette.api.RosetteAPITest" time="0.024"/>
  <testcase name="testGetSentiment[3]" classname="com.basistech.rosette.api.RosetteAPITest" time="0.024"/>
  <testcase name="testGetCategoriesURL[3]" classname="com.basistech.rosette.api.RosetteAPITest" time="0.075"/>
  <testcase name="testGetSentimentURL[4]" classname="com.basistech.rosette.api.RosetteAPITest" time="0.038"/>
  <testcase name="testIgnoredUnknownField[4]" classname="com.basistech.rosette.api.RosetteAPITest" time="0.035"/>
  <testcase name="testTranslateName[4]" classname="com.basistech.rosette.api.RosetteAPITest" time="0.048"/>
  <testcase name="testGetRelationships[4]" classname="com.basistech.rosette.api.RosetteAPITest" time="0.028"/>
  <testcase name="testGetCategories[4]" classname="com.basistech.rosette.api.RosetteAPITest" time="0.039"/>
  <testcase name="testGetSyntaxDependencies[4]" classname="com.basistech.rosette.api.RosetteAPITest" time="0.035"/>
  <testcase name="testGetRelationshipsURL[4]" classname="com.basistech.rosette.api.RosetteAPITest" time="0.026"/>
  <testcase name="testGetMorphologyDoc[4]" classname="com.basistech.rosette.api.RosetteAPITest" time="0.033"/>
  <testcase name="testGetMorphologyURL[4]" classname="com.basistech.rosette.api.RosetteAPITest" time="0.074"/>
  <testcase name="testGetSyntaxDependenciesURL[4]" classname="com.basistech.rosette.api.RosetteAPITest" time="0.041"/>
  <testcase name="testNonIgnoredUnknownField[4]" classname="com.basistech.rosette.api.RosetteAPITest" time="0.035"/>
  <testcase name="testGetEntityDoc[4]" classname="com.basistech.rosette.api.RosetteAPITest" time="0.038"/>
  <testcase name="testGetEntityURL[4]" classname="com.basistech.rosette.api.RosetteAPITest" time="0.021"/>
  <testcase name="testNameDeduplication[4]" classname="com.basistech.rosette.api.RosetteAPITest" time="0.02"/>
  <testcase name="testGetLanguageDoc[4]" classname="com.basistech.rosette.api.RosetteAPITest" time="0.03"/>
  <testcase name="testGetLanguageURL[4]" classname="com.basistech.rosette.api.RosetteAPITest" time="0.026"/>
  <testcase name="testMatchName[4]" classname="com.basistech.rosette.api.RosetteAPITest" time="0.025"/>
  <testcase name="testGetSentiment[4]" classname="com.basistech.rosette.api.RosetteAPITest" time="0.023"/>
  <testcase name="testGetCategoriesURL[4]" classname="com.basistech.rosette.api.RosetteAPITest" time="0.049"/>
  <testcase name="testGetSentimentURL[5]" classname="com.basistech.rosette.api.RosetteAPITest" time="0.043"/>
  <testcase name="testIgnoredUnknownField[5]" classname="com.basistech.rosette.api.RosetteAPITest" time="0.034"/>
  <testcase name="testTranslateName[5]" classname="com.basistech.rosette.api.RosetteAPITest" time="0.023"/>
  <testcase name="testGetRelationships[5]" classname="com.basistech.rosette.api.RosetteAPITest" time="0.02"/>
  <testcase name="testGetCategories[5]" classname="com.basistech.rosette.api.RosetteAPITest" time="0.029"/>
  <testcase name="testGetSyntaxDependencies[5]" classname="com.basistech.rosette.api.RosetteAPITest" time="0.031"/>
  <testcase name="testGetRelationshipsURL[5]" classname="com.basistech.rosette.api.RosetteAPITest" time="0.018"/>
  <testcase name="testGetMorphologyDoc[5]" classname="com.basistech.rosette.api.RosetteAPITest" time="0.023"/>
  <testcase name="testGetMorphologyURL[5]" classname="com.basistech.rosette.api.RosetteAPITest" time="0.025"/>
  <testcase name="testGetSyntaxDependenciesURL[5]" classname="com.basistech.rosette.api.RosetteAPITest" time="0.043"/>
  <testcase name="testNonIgnoredUnknownField[5]" classname="com.basistech.rosette.api.RosetteAPITest" time="0.028"/>
  <testcase name="testGetEntityDoc[5]" classname="com.basistech.rosette.api.RosetteAPITest" time="0.024"/>
  <testcase name="testGetEntityURL[5]" classname="com.basistech.rosette.api.RosetteAPITest" time="0.063"/>
  <testcase name="testNameDeduplication[5]" classname="com.basistech.rosette.api.RosetteAPITest" time="0.021"/>
  <testcase name="testGetLanguageDoc[5]" classname="com.basistech.rosette.api.RosetteAPITest" time="0.032"/>
  <testcase name="testGetLanguageURL[5]" classname="com.basistech.rosette.api.RosetteAPITest" time="0.021"/>
  <testcase name="testMatchName[5]" classname="com.basistech.rosette.api.RosetteAPITest" time="0.028"/>
  <testcase name="testGetSentiment[5]" classname="com.basistech.rosette.api.RosetteAPITest" time="0.028"/>
  <testcase name="testGetCategoriesURL[5]" classname="com.basistech.rosette.api.RosetteAPITest" time="0.027"/>
  <testcase name="testGetSentimentURL[6]" classname="com.basistech.rosette.api.RosetteAPITest" time="0.022"/>
  <testcase name="testIgnoredUnknownField[6]" classname="com.basistech.rosette.api.RosetteAPITest" time="0.024"/>
  <testcase name="testTranslateName[6]" classname="com.basistech.rosette.api.RosetteAPITest" time="0.023"/>
  <testcase name="testGetRelationships[6]" classname="com.basistech.rosette.api.RosetteAPITest" time="0.035"/>
  <testcase name="testGetCategories[6]" classname="com.basistech.rosette.api.RosetteAPITest" time="0.022"/>
  <testcase name="testGetSyntaxDependencies[6]" classname="com.basistech.rosette.api.RosetteAPITest" time="0.03"/>
  <testcase name="testGetRelationshipsURL[6]" classname="com.basistech.rosette.api.RosetteAPITest" time="0.043"/>
  <testcase name="testGetMorphologyDoc[6]" classname="com.basistech.rosette.api.RosetteAPITest" time="0.021"/>
  <testcase name="testGetMorphologyURL[6]" classname="com.basistech.rosette.api.RosetteAPITest" time="0.038"/>
  <testcase name="testGetSyntaxDependenciesURL[6]" classname="com.basistech.rosette.api.RosetteAPITest" time="0.02"/>
  <testcase name="testNonIgnoredUnknownField[6]" classname="com.basistech.rosette.api.RosetteAPITest" time="0.021"/>
  <testcase name="testGetEntityDoc[6]" classname="com.basistech.rosette.api.RosetteAPITest" time="0.033"/>
  <testcase name="testGetEntityURL[6]" classname="com.basistech.rosette.api.RosetteAPITest" time="0.032"/>
  <testcase name="testNameDeduplication[6]" classname="com.basistech.rosette.api.RosetteAPITest" time="0.019"/>
  <testcase name="testGetLanguageDoc[6]" classname="com.basistech.rosette.api.RosetteAPITest" time="0.03"/>
  <testcase name="testGetLanguageURL[6]" classname="com.basistech.rosette.api.RosetteAPITest" time="0.019"/>
  <testcase name="testMatchName[6]" classname="com.basistech.rosette.api.RosetteAPITest" time="0.028"/>
  <testcase name="testGetSentiment[6]" classname="com.basistech.rosette.api.RosetteAPITest" time="0.025"/>
  <testcase name="testGetCategoriesURL[6]" classname="com.basistech.rosette.api.RosetteAPITest" time="0.024"/>
  <testcase name="testGetSentimentURL[7]" classname="com.basistech.rosette.api.RosetteAPITest" time="0.02"/>
  <testcase name="testIgnoredUnknownField[7]" classname="com.basistech.rosette.api.RosetteAPITest" time="0.02"/>
  <testcase name="testTranslateName[7]" classname="com.basistech.rosette.api.RosetteAPITest" time="0.019"/>
  <testcase name="testGetRelationships[7]" classname="com.basistech.rosette.api.RosetteAPITest" time="0.019"/>
  <testcase name="testGetCategories[7]" classname="com.basistech.rosette.api.RosetteAPITest" time="0.024"/>
  <testcase name="testGetSyntaxDependencies[7]" classname="com.basistech.rosette.api.RosetteAPITest" time="0.026"/>
  <testcase name="testGetRelationshipsURL[7]" classname="com.basistech.rosette.api.RosetteAPITest" time="0.025"/>
  <testcase name="testGetMorphologyDoc[7]" classname="com.basistech.rosette.api.RosetteAPITest" time="0.023"/>
  <testcase name="testGetMorphologyURL[7]" classname="com.basistech.rosette.api.RosetteAPITest" time="0.02"/>
  <testcase name="testGetSyntaxDependenciesURL[7]" classname="com.basistech.rosette.api.RosetteAPITest" time="0.033"/>
  <testcase name="testNonIgnoredUnknownField[7]" classname="com.basistech.rosette.api.RosetteAPITest" time="0.031"/>
  <testcase name="testGetEntityDoc[7]" classname="com.basistech.rosette.api.RosetteAPITest" time="0.021"/>
  <testcase name="testGetEntityURL[7]" classname="com.basistech.rosette.api.RosetteAPITest" time="0.036"/>
  <testcase name="testNameDeduplication[7]" classname="com.basistech.rosette.api.RosetteAPITest" time="0.026"/>
  <testcase name="testGetLanguageDoc[7]" classname="com.basistech.rosette.api.RosetteAPITest" time="0.037"/>
  <testcase name="testGetLanguageURL[7]" classname="com.basistech.rosette.api.RosetteAPITest" time="0.025"/>
  <testcase name="testMatchName[7]" classname="com.basistech.rosette.api.RosetteAPITest" time="0.036"/>
  <testcase name="testGetSentiment[7]" classname="com.basistech.rosette.api.RosetteAPITest" time="0.02"/>
  <testcase name="testGetCategoriesURL[7]" classname="com.basistech.rosette.api.RosetteAPITest" time="0.035"/>
  <testcase name="testGetSentimentURL[8]" classname="com.basistech.rosette.api.RosetteAPITest" time="0.018"/>
  <testcase name="testIgnoredUnknownField[8]" classname="com.basistech.rosette.api.RosetteAPITest" time="0.018"/>
  <testcase name="testTranslateName[8]" classname="com.basistech.rosette.api.RosetteAPITest" time="0.02"/>
  <testcase name="testGetRelationships[8]" classname="com.basistech.rosette.api.RosetteAPITest" time="0.024"/>
  <testcase name="testGetCategories[8]" classname="com.basistech.rosette.api.RosetteAPITest" time="0.023"/>
  <testcase name="testGetSyntaxDependencies[8]" classname="com.basistech.rosette.api.RosetteAPITest" time="0.036"/>
  <testcase name="testGetRelationshipsURL[8]" classname="com.basistech.rosette.api.RosetteAPITest" time="0.022"/>
  <testcase name="testGetMorphologyDoc[8]" classname="com.basistech.rosette.api.RosetteAPITest" time="0.029"/>
  <testcase name="testGetMorphologyURL[8]" classname="com.basistech.rosette.api.RosetteAPITest" time="0.029"/>
  <testcase name="testGetSyntaxDependenciesURL[8]" classname="com.basistech.rosette.api.RosetteAPITest" time="0.019"/>
  <testcase name="testNonIgnoredUnknownField[8]" classname="com.basistech.rosette.api.RosetteAPITest" time="0.022"/>
  <testcase name="testGetEntityDoc[8]" classname="com.basistech.rosette.api.RosetteAPITest" time="0.018"/>
  <testcase name="testGetEntityURL[8]" classname="com.basistech.rosette.api.RosetteAPITest" time="0.027"/>
  <testcase name="testNameDeduplication[8]" classname="com.basistech.rosette.api.RosetteAPITest" time="0.02"/>
  <testcase name="testGetLanguageDoc[8]" classname="com.basistech.rosette.api.RosetteAPITest" time="0.031"/>
  <testcase name="testGetLanguageURL[8]" classname="com.basistech.rosette.api.RosetteAPITest" time="0.015"/>
  <testcase name="testMatchName[8]" classname="com.basistech.rosette.api.RosetteAPITest" time="0.026"/>
  <testcase name="testGetSentiment[8]" classname="com.basistech.rosette.api.RosetteAPITest" time="0.02"/>
  <testcase name="testGetCategoriesURL[8]" classname="com.basistech.rosette.api.RosetteAPITest" time="0.033"/>
  <testcase name="testGetSentimentURL[9]" classname="com.basistech.rosette.api.RosetteAPITest" time="0.026"/>
  <testcase name="testIgnoredUnknownField[9]" classname="com.basistech.rosette.api.RosetteAPITest" time="0.023"/>
  <testcase name="testTranslateName[9]" classname="com.basistech.rosette.api.RosetteAPITest" time="0.027"/>
  <testcase name="testGetRelationships[9]" classname="com.basistech.rosette.api.RosetteAPITest" time="0.021"/>
  <testcase name="testGetCategories[9]" classname="com.basistech.rosette.api.RosetteAPITest" time="0.046"/>
  <testcase name="testGetSyntaxDependencies[9]" classname="com.basistech.rosette.api.RosetteAPITest" time="0.019"/>
  <testcase name="testGetRelationshipsURL[9]" classname="com.basistech.rosette.api.RosetteAPITest" time="0.027"/>
  <testcase name="testGetMorphologyDoc[9]" classname="com.basistech.rosette.api.RosetteAPITest" time="0.02"/>
  <testcase name="testGetMorphologyURL[9]" classname="com.basistech.rosette.api.RosetteAPITest" time="0.018"/>
  <testcase name="testGetSyntaxDependenciesURL[9]" classname="com.basistech.rosette.api.RosetteAPITest" time="0.02"/>
  <testcase name="testNonIgnoredUnknownField[9]" classname="com.basistech.rosette.api.RosetteAPITest" time="0.028"/>
  <testcase name="testGetEntityDoc[9]" classname="com.basistech.rosette.api.RosetteAPITest" time="0.018"/>
  <testcase name="testGetEntityURL[9]" classname="com.basistech.rosette.api.RosetteAPITest" time="0.017"/>
  <testcase name="testNameDeduplication[9]" classname="com.basistech.rosette.api.RosetteAPITest" time="0.019"/>
  <testcase name="testGetLanguageDoc[9]" classname="com.basistech.rosette.api.RosetteAPITest" time="0.043"/>
  <testcase name="testGetLanguageURL[9]" classname="com.basistech.rosette.api.RosetteAPITest" time="0.019"/>
  <testcase name="testMatchName[9]" classname="com.basistech.rosette.api.RosetteAPITest" time="0.023"/>
  <testcase name="testGetSentiment[9]" classname="com.basistech.rosette.api.RosetteAPITest" time="0.025"/>
  <testcase name="testGetCategoriesURL[9]" classname="com.basistech.rosette.api.RosetteAPITest" time="0.027"/>
  <testcase name="testGetSentimentURL[10]" classname="com.basistech.rosette.api.RosetteAPITest" time="0.021"/>
  <testcase name="testIgnoredUnknownField[10]" classname="com.basistech.rosette.api.RosetteAPITest" time="0.025"/>
  <testcase name="testTranslateName[10]" classname="com.basistech.rosette.api.RosetteAPITest" time="0.018"/>
  <testcase name="testGetRelationships[10]" classname="com.basistech.rosette.api.RosetteAPITest" time="0.033"/>
  <testcase name="testGetCategories[10]" classname="com.basistech.rosette.api.RosetteAPITest" time="0.023"/>
  <testcase name="testGetSyntaxDependencies[10]" classname="com.basistech.rosette.api.RosetteAPITest" time="0.017"/>
  <testcase name="testGetRelationshipsURL[10]" classname="com.basistech.rosette.api.RosetteAPITest" time="0.018"/>
  <testcase name="testGetMorphologyDoc[10]" classname="com.basistech.rosette.api.RosetteAPITest" time="0.019"/>
  <testcase name="testGetMorphologyURL[10]" classname="com.basistech.rosette.api.RosetteAPITest" time="0.037"/>
  <testcase name="testGetSyntaxDependenciesURL[10]" classname="com.basistech.rosette.api.RosetteAPITest" time="0.02"/>
  <testcase name="testNonIgnoredUnknownField[10]" classname="com.basistech.rosette.api.RosetteAPITest" time="0.024"/>
  <testcase name="testGetEntityDoc[10]" classname="com.basistech.rosette.api.RosetteAPITest" time="0.032"/>
  <testcase name="testGetEntityURL[10]" classname="com.basistech.rosette.api.RosetteAPITest" time="0.019"/>
  <testcase name="testNameDeduplication[10]" classname="com.basistech.rosette.api.RosetteAPITest" time="0.018"/>
  <testcase name="testGetLanguageDoc[10]" classname="com.basistech.rosette.api.RosetteAPITest" time="0.018"/>
  <testcase name="testGetLanguageURL[10]" classname="com.basistech.rosette.api.RosetteAPITest" time="0.019"/>
  <testcase name="testMatchName[10]" classname="com.basistech.rosette.api.RosetteAPITest" time="0.019"/>
  <testcase name="testGetSentiment[10]" classname="com.basistech.rosette.api.RosetteAPITest" time="0.019"/>
  <testcase name="testGetCategoriesURL[10]" classname="com.basistech.rosette.api.RosetteAPITest" time="0.02"/>
  <testcase name="testGetSentimentURL[11]" classname="com.basistech.rosette.api.RosetteAPITest" time="0.028"/>
  <testcase name="testIgnoredUnknownField[11]" classname="com.basistech.rosette.api.RosetteAPITest" time="0.017"/>
  <testcase name="testTranslateName[11]" classname="com.basistech.rosette.api.RosetteAPITest" time="0.02"/>
  <testcase name="testGetRelationships[11]" classname="com.basistech.rosette.api.RosetteAPITest" time="0.025"/>
  <testcase name="testGetCategories[11]" classname="com.basistech.rosette.api.RosetteAPITest" time="0.018"/>
  <testcase name="testGetSyntaxDependencies[11]" classname="com.basistech.rosette.api.RosetteAPITest" time="0.019"/>
  <testcase name="testGetRelationshipsURL[11]" classname="com.basistech.rosette.api.RosetteAPITest" time="0.028"/>
  <testcase name="testGetMorphologyDoc[11]" classname="com.basistech.rosette.api.RosetteAPITest" time="0.034"/>
  <testcase name="testGetMorphologyURL[11]" classname="com.basistech.rosette.api.RosetteAPITest" time="0.019"/>
  <testcase name="testGetSyntaxDependenciesURL[11]" classname="com.basistech.rosette.api.RosetteAPITest" time="0.019"/>
  <testcase name="testNonIgnoredUnknownField[11]" classname="com.basistech.rosette.api.RosetteAPITest" time="0.02"/>
  <testcase name="testGetEntityDoc[11]" classname="com.basistech.rosette.api.RosetteAPITest" time="0.017"/>
  <testcase name="testGetEntityURL[11]" classname="com.basistech.rosette.api.RosetteAPITest" time="0.021"/>
  <testcase name="testNameDeduplication[11]" classname="com.basistech.rosette.api.RosetteAPITest" time="0.018"/>
  <testcase name="testGetLanguageDoc[11]" classname="com.basistech.rosette.api.RosetteAPITest" time="0.038"/>
  <testcase name="testGetLanguageURL[11]" classname="com.basistech.rosette.api.RosetteAPITest" time="0.019"/>
  <testcase name="testMatchName[11]" classname="com.basistech.rosette.api.RosetteAPITest" time="0.02"/>
  <testcase name="testGetSentiment[11]" classname="com.basistech.rosette.api.RosetteAPITest" time="0.017"/>
  <testcase name="testGetCategoriesURL[11]" classname="com.basistech.rosette.api.RosetteAPITest" time="0.019"/>
  <testcase name="testGetSentimentURL[12]" classname="com.basistech.rosette.api.RosetteAPITest" time="0.028"/>
  <testcase name="testIgnoredUnknownField[12]" classname="com.basistech.rosette.api.RosetteAPITest" time="0.016"/>
  <testcase name="testTranslateName[12]" classname="com.basistech.rosette.api.RosetteAPITest" time="0.017"/>
  <testcase name="testGetRelationships[12]" classname="com.basistech.rosette.api.RosetteAPITest" time="0.017"/>
  <testcase name="testGetCategories[12]" classname="com.basistech.rosette.api.RosetteAPITest" time="0.017"/>
  <testcase name="testGetSyntaxDependencies[12]" classname="com.basistech.rosette.api.RosetteAPITest" time="0.021"/>
  <testcase name="testGetRelationshipsURL[12]" classname="com.basistech.rosette.api.RosetteAPITest" time="0.019"/>
  <testcase name="testGetMorphologyDoc[12]" classname="com.basistech.rosette.api.RosetteAPITest" time="0.017"/>
  <testcase name="testGetMorphologyURL[12]" classname="com.basistech.rosette.api.RosetteAPITest" time="0.018"/>
  <testcase name="testGetSyntaxDependenciesURL[12]" classname="com.basistech.rosette.api.RosetteAPITest" time="0.017"/>
  <testcase name="testNonIgnoredUnknownField[12]" classname="com.basistech.rosette.api.RosetteAPITest" time="0.018"/>
  <testcase name="testGetEntityDoc[12]" classname="com.basistech.rosette.api.RosetteAPITest" time="0.018"/>
  <testcase name="testGetEntityURL[12]" classname="com.basistech.rosette.api.RosetteAPITest" time="0.018"/>
  <testcase name="testNameDeduplication[12]" classname="com.basistech.rosette.api.RosetteAPITest" time="0.017"/>
  <testcase name="testGetLanguageDoc[12]" classname="com.basistech.rosette.api.RosetteAPITest" time="0.018"/>
  <testcase name="testGetLanguageURL[12]" classname="com.basistech.rosette.api.RosetteAPITest" time="0.023"/>
  <testcase name="testMatchName[12]" classname="com.basistech.rosette.api.RosetteAPITest" time="0.019"/>
  <testcase name="testGetSentiment[12]" classname="com.basistech.rosette.api.RosetteAPITest" time="0.017"/>
  <testcase name="testGetCategoriesURL[12]" classname="com.basistech.rosette.api.RosetteAPITest" time="0.022"/>
  <testcase name="testGetSentimentURL[13]" classname="com.basistech.rosette.api.RosetteAPITest" time="0.026"/>
  <testcase name="testIgnoredUnknownField[13]" classname="com.basistech.rosette.api.RosetteAPITest" time="0.016"/>
  <testcase name="testTranslateName[13]" classname="com.basistech.rosette.api.RosetteAPITest" time="0.026"/>
  <testcase name="testGetRelationships[13]" classname="com.basistech.rosette.api.RosetteAPITest" time="0.021"/>
  <testcase name="testGetCategories[13]" classname="com.basistech.rosette.api.RosetteAPITest" time="0.02"/>
  <testcase name="testGetSyntaxDependencies[13]" classname="com.basistech.rosette.api.RosetteAPITest" time="0.02"/>
  <testcase name="testGetRelationshipsURL[13]" classname="com.basistech.rosette.api.RosetteAPITest" time="0.024"/>
  <testcase name="testGetMorphologyDoc[13]" classname="com.basistech.rosette.api.RosetteAPITest" time="0.016"/>
  <testcase name="testGetMorphologyURL[13]" classname="com.basistech.rosette.api.RosetteAPITest" time="0.037"/>
  <testcase name="testGetSyntaxDependenciesURL[13]" classname="com.basistech.rosette.api.RosetteAPITest" time="0.02"/>
  <testcase name="testNonIgnoredUnknownField[13]" classname="com.basistech.rosette.api.RosetteAPITest" time="0.017"/>
  <testcase name="testGetEntityDoc[13]" classname="com.basistech.rosette.api.RosetteAPITest" time="0.027"/>
  <testcase name="testGetEntityURL[13]" classname="com.basistech.rosette.api.RosetteAPITest" time="0.023"/>
  <testcase name="testNameDeduplication[13]" classname="com.basistech.rosette.api.RosetteAPITest" time="0.031"/>
  <testcase name="testGetLanguageDoc[13]" classname="com.basistech.rosette.api.RosetteAPITest" time="0.03"/>
  <testcase name="testGetLanguageURL[13]" classname="com.basistech.rosette.api.RosetteAPITest" time="0.016"/>
  <testcase name="testMatchName[13]" classname="com.basistech.rosette.api.RosetteAPITest" time="0.018"/>
  <testcase name="testGetSentiment[13]" classname="com.basistech.rosette.api.RosetteAPITest" time="0.021"/>
  <testcase name="testGetCategoriesURL[13]" classname="com.basistech.rosette.api.RosetteAPITest" time="0.03"/>
  <testcase name="testGetSentimentURL[14]" classname="com.basistech.rosette.api.RosetteAPITest" time="0.035"/>
  <testcase name="testIgnoredUnknownField[14]" classname="com.basistech.rosette.api.RosetteAPITest" time="0.024"/>
  <testcase name="testTranslateName[14]" classname="com.basistech.rosette.api.RosetteAPITest" time="0.025"/>
  <testcase name="testGetRelationships[14]" classname="com.basistech.rosette.api.RosetteAPITest" time="0.017"/>
  <testcase name="testGetCategories[14]" classname="com.basistech.rosette.api.RosetteAPITest" time="0.021"/>
  <testcase name="testGetSyntaxDependencies[14]" classname="com.basistech.rosette.api.RosetteAPITest" time="0.018"/>
  <testcase name="testGetRelationshipsURL[14]" classname="com.basistech.rosette.api.RosetteAPITest" time="0.015"/>
  <testcase name="testGetMorphologyDoc[14]" classname="com.basistech.rosette.api.RosetteAPITest" time="0.017"/>
  <testcase name="testGetMorphologyURL[14]" classname="com.basistech.rosette.api.RosetteAPITest" time="0.016"/>
  <testcase name="testGetSyntaxDependenciesURL[14]" classname="com.basistech.rosette.api.RosetteAPITest" time="0.017"/>
  <testcase name="testNonIgnoredUnknownField[14]" classname="com.basistech.rosette.api.RosetteAPITest" time="0.018"/>
  <testcase name="testGetEntityDoc[14]" classname="com.basistech.rosette.api.RosetteAPITest" time="0.024"/>
  <testcase name="testGetEntityURL[14]" classname="com.basistech.rosette.api.RosetteAPITest" time="0.017"/>
  <testcase name="testNameDeduplication[14]" classname="com.basistech.rosette.api.RosetteAPITest" time="0.017"/>
  <testcase name="testGetLanguageDoc[14]" classname="com.basistech.rosette.api.RosetteAPITest" time="0.02"/>
  <testcase name="testGetLanguageURL[14]" classname="com.basistech.rosette.api.RosetteAPITest" time="0.018"/>
  <testcase name="testMatchName[14]" classname="com.basistech.rosette.api.RosetteAPITest" time="0.031"/>
  <testcase name="testGetSentiment[14]" classname="com.basistech.rosette.api.RosetteAPITest" time="0.024"/>
  <testcase name="testGetCategoriesURL[14]" classname="com.basistech.rosette.api.RosetteAPITest" time="0.027"/>
  <testcase name="testGetSentimentURL[15]" classname="com.basistech.rosette.api.RosetteAPITest" time="0.018"/>
  <testcase name="testIgnoredUnknownField[15]" classname="com.basistech.rosette.api.RosetteAPITest" time="0.024"/>
  <testcase name="testTranslateName[15]" classname="com.basistech.rosette.api.RosetteAPITest" time="0.035"/>
  <testcase name="testGetRelationships[15]" classname="com.basistech.rosette.api.RosetteAPITest" time="0.019"/>
  <testcase name="testGetCategories[15]" classname="com.basistech.rosette.api.RosetteAPITest" time="0.021"/>
  <testcase name="testGetSyntaxDependencies[15]" classname="com.basistech.rosette.api.RosetteAPITest" time="0.017"/>
  <testcase name="testGetRelationshipsURL[15]" classname="com.basistech.rosette.api.RosetteAPITest" time="0.03"/>
  <testcase name="testGetMorphologyDoc[15]" classname="com.basistech.rosette.api.RosetteAPITest" time="0.024"/>
  <testcase name="testGetMorphologyURL[15]" classname="com.basistech.rosette.api.RosetteAPITest" time="0.018"/>
  <testcase name="testGetSyntaxDependenciesURL[15]" classname="com.basistech.rosette.api.RosetteAPITest" time="0.017"/>
  <testcase name="testNonIgnoredUnknownField[15]" classname="com.basistech.rosette.api.RosetteAPITest" time="0.03"/>
  <testcase name="testGetEntityDoc[15]" classname="com.basistech.rosette.api.RosetteAPITest" time="0.025"/>
  <testcase name="testGetEntityURL[15]" classname="com.basistech.rosette.api.RosetteAPITest" time="0.03"/>
  <testcase name="testNameDeduplication[15]" classname="com.basistech.rosette.api.RosetteAPITest" time="0.017"/>
  <testcase name="testGetLanguageDoc[15]" classname="com.basistech.rosette.api.RosetteAPITest" time="0.017"/>
  <testcase name="testGetLanguageURL[15]" classname="com.basistech.rosette.api.RosetteAPITest" time="0.018"/>
  <testcase name="testMatchName[15]" classname="com.basistech.rosette.api.RosetteAPITest" time="0.018"/>
  <testcase name="testGetSentiment[15]" classname="com.basistech.rosette.api.RosetteAPITest" time="0.026"/>
  <testcase name="testGetCategoriesURL[15]" classname="com.basistech.rosette.api.RosetteAPITest" time="0.019"/>
  <testcase name="testGetSentimentURL[16]" classname="com.basistech.rosette.api.RosetteAPITest" time="0.017"/>
  <testcase name="testIgnoredUnknownField[16]" classname="com.basistech.rosette.api.RosetteAPITest" time="0.016"/>
  <testcase name="testTranslateName[16]" classname="com.basistech.rosette.api.RosetteAPITest" time="0.016"/>
  <testcase name="testGetRelationships[16]" classname="com.basistech.rosette.api.RosetteAPITest" time="0.016"/>
  <testcase name="testGetCategories[16]" classname="com.basistech.rosette.api.RosetteAPITest" time="0.016"/>
  <testcase name="testGetSyntaxDependencies[16]" classname="com.basistech.rosette.api.RosetteAPITest" time="0.033"/>
  <testcase name="testGetRelationshipsURL[16]" classname="com.basistech.rosette.api.RosetteAPITest" time="0.018"/>
  <testcase name="testGetMorphologyDoc[16]" classname="com.basistech.rosette.api.RosetteAPITest" time="0.016"/>
  <testcase name="testGetMorphologyURL[16]" classname="com.basistech.rosette.api.RosetteAPITest" time="0.016"/>
  <testcase name="testGetSyntaxDependenciesURL[16]" classname="com.basistech.rosette.api.RosetteAPITest" time="0.016"/>
  <testcase name="testNonIgnoredUnknownField[16]" classname="com.basistech.rosette.api.RosetteAPITest" time="0.018"/>
  <testcase name="testGetEntityDoc[16]" classname="com.basistech.rosette.api.RosetteAPITest" time="0.019"/>
  <testcase name="testGetEntityURL[16]" classname="com.basistech.rosette.api.RosetteAPITest" time="0.025"/>
  <testcase name="testNameDeduplication[16]" classname="com.basistech.rosette.api.RosetteAPITest" time="0.023"/>
  <testcase name="testGetLanguageDoc[16]" classname="com.basistech.rosette.api.RosetteAPITest" time="0.034"/>
  <testcase name="testGetLanguageURL[16]" classname="com.basistech.rosette.api.RosetteAPITest" time="0.022"/>
  <testcase name="testMatchName[16]" classname="com.basistech.rosette.api.RosetteAPITest" time="0.017"/>
  <testcase name="testGetSentiment[16]" classname="com.basistech.rosette.api.RosetteAPITest" time="0.025"/>
  <testcase name="testGetCategoriesURL[16]" classname="com.basistech.rosette.api.RosetteAPITest" time="0.029"/>
  <testcase name="testGetSentimentURL[17]" classname="com.basistech.rosette.api.RosetteAPITest" time="0.017"/>
  <testcase name="testIgnoredUnknownField[17]" classname="com.basistech.rosette.api.RosetteAPITest" time="0.017"/>
  <testcase name="testTranslateName[17]" classname="com.basistech.rosette.api.RosetteAPITest" time="0.032"/>
  <testcase name="testGetRelationships[17]" classname="com.basistech.rosette.api.RosetteAPITest" time="0.018"/>
  <testcase name="testGetCategories[17]" classname="com.basistech.rosette.api.RosetteAPITest" time="0.032"/>
  <testcase name="testGetSyntaxDependencies[17]" classname="com.basistech.rosette.api.RosetteAPITest" time="0.016"/>
  <testcase name="testGetRelationshipsURL[17]" classname="com.basistech.rosette.api.RosetteAPITest" time="0.034"/>
  <testcase name="testGetMorphologyDoc[17]" classname="com.basistech.rosette.api.RosetteAPITest" time="0.017"/>
  <testcase name="testGetMorphologyURL[17]" classname="com.basistech.rosette.api.RosetteAPITest" time="0.019"/>
  <testcase name="testGetSyntaxDependenciesURL[17]" classname="com.basistech.rosette.api.RosetteAPITest" time="0.018"/>
  <testcase name="testNonIgnoredUnknownField[17]" classname="com.basistech.rosette.api.RosetteAPITest" time="0.017"/>
  <testcase name="testGetEntityDoc[17]" classname="com.basistech.rosette.api.RosetteAPITest" time="0.037"/>
  <testcase name="testGetEntityURL[17]" classname="com.basistech.rosette.api.RosetteAPITest" time="0.021"/>
  <testcase name="testNameDeduplication[17]" classname="com.basistech.rosette.api.RosetteAPITest" time="0.025"/>
  <testcase name="testGetLanguageDoc[17]" classname="com.basistech.rosette.api.RosetteAPITest" time="0.016"/>
  <testcase name="testGetLanguageURL[17]" classname="com.basistech.rosette.api.RosetteAPITest" time="0.022"/>
  <testcase name="testMatchName[17]" classname="com.basistech.rosette.api.RosetteAPITest" time="0.048"/>
  <testcase name="testGetSentiment[17]" classname="com.basistech.rosette.api.RosetteAPITest" time="0.035"/>
  <testcase name="testGetCategoriesURL[17]" classname="com.basistech.rosette.api.RosetteAPITest" time="0.017"/>
  <testcase name="testGetSentimentURL[18]" classname="com.basistech.rosette.api.RosetteAPITest" time="0.023"/>
  <testcase name="testIgnoredUnknownField[18]" classname="com.basistech.rosette.api.RosetteAPITest" time="0.015"/>
  <testcase name="testTranslateName[18]" classname="com.basistech.rosette.api.RosetteAPITest" time="0.028"/>
  <testcase name="testGetRelationships[18]" classname="com.basistech.rosette.api.RosetteAPITest" time="0.017"/>
  <testcase name="testGetCategories[18]" classname="com.basistech.rosette.api.RosetteAPITest" time="0.017"/>
  <testcase name="testGetSyntaxDependencies[18]" classname="com.basistech.rosette.api.RosetteAPITest" time="0.017"/>
  <testcase name="testGetRelationshipsURL[18]" classname="com.basistech.rosette.api.RosetteAPITest" time="0.017"/>
  <testcase name="testGetMorphologyDoc[18]" classname="com.basistech.rosette.api.RosetteAPITest" time="0.017"/>
  <testcase name="testGetMorphologyURL[18]" classname="com.basistech.rosette.api.RosetteAPITest" time="0.026"/>
  <testcase name="testGetSyntaxDependenciesURL[18]" classname="com.basistech.rosette.api.RosetteAPITest" time="0.046"/>
  <testcase name="testNonIgnoredUnknownField[18]" classname="com.basistech.rosette.api.RosetteAPITest" time="0.017"/>
  <testcase name="testGetEntityDoc[18]" classname="com.basistech.rosette.api.RosetteAPITest" time="0.016"/>
  <testcase name="testGetEntityURL[18]" classname="com.basistech.rosette.api.RosetteAPITest" time="0.034"/>
  <testcase name="testNameDeduplication[18]" classname="com.basistech.rosette.api.RosetteAPITest" time="0.016"/>
  <testcase name="testGetLanguageDoc[18]" classname="com.basistech.rosette.api.RosetteAPITest" time="0.017"/>
  <testcase name="testGetLanguageURL[18]" classname="com.basistech.rosette.api.RosetteAPITest" time="0.017"/>
  <testcase name="testMatchName[18]" classname="com.basistech.rosette.api.RosetteAPITest" time="0.019"/>
  <testcase name="testGetSentiment[18]" classname="com.basistech.rosette.api.RosetteAPITest" time="0.016"/>
  <testcase name="testGetCategoriesURL[18]" classname="com.basistech.rosette.api.RosetteAPITest" time="0.016"/>
  <testcase name="testGetSentimentURL[19]" classname="com.basistech.rosette.api.RosetteAPITest" time="0.016"/>
  <testcase name="testIgnoredUnknownField[19]" classname="com.basistech.rosette.api.RosetteAPITest" time="0.017"/>
  <testcase name="testTranslateName[19]" classname="com.basistech.rosette.api.RosetteAPITest" time="0.018"/>
  <testcase name="testGetRelationships[19]" classname="com.basistech.rosette.api.RosetteAPITest" time="0.017"/>
  <testcase name="testGetCategories[19]" classname="com.basistech.rosette.api.RosetteAPITest" time="0.018"/>
  <testcase name="testGetSyntaxDependencies[19]" classname="com.basistech.rosette.api.RosetteAPITest" time="0.03"/>
  <testcase name="testGetRelationshipsURL[19]" classname="com.basistech.rosette.api.RosetteAPITest" time="0.016"/>
  <testcase name="testGetMorphologyDoc[19]" classname="com.basistech.rosette.api.RosetteAPITest" time="0.025"/>
  <testcase name="testGetMorphologyURL[19]" classname="com.basistech.rosette.api.RosetteAPITest" time="0.017"/>
  <testcase name="testGetSyntaxDependenciesURL[19]" classname="com.basistech.rosette.api.RosetteAPITest" time="0.019"/>
  <testcase name="testNonIgnoredUnknownField[19]" classname="com.basistech.rosette.api.RosetteAPITest" time="0.016"/>
  <testcase name="testGetEntityDoc[19]" classname="com.basistech.rosette.api.RosetteAPITest" time="0.023"/>
  <testcase name="testGetEntityURL[19]" classname="com.basistech.rosette.api.RosetteAPITest" time="0.018"/>
  <testcase name="testNameDeduplication[19]" classname="com.basistech.rosette.api.RosetteAPITest" time="0.016"/>
  <testcase name="testGetLanguageDoc[19]" classname="com.basistech.rosette.api.RosetteAPITest" time="0.016"/>
  <testcase name="testGetLanguageURL[19]" classname="com.basistech.rosette.api.RosetteAPITest" time="0.018"/>
  <testcase name="testMatchName[19]" classname="com.basistech.rosette.api.RosetteAPITest" time="0.017"/>
  <testcase name="testGetSentiment[19]" classname="com.basistech.rosette.api.RosetteAPITest" time="0.017"/>
  <testcase name="testGetCategoriesURL[19]" classname="com.basistech.rosette.api.RosetteAPITest" time="0.018"/>
  <testcase name="testGetSentimentURL[20]" classname="com.basistech.rosette.api.RosetteAPITest" time="0.025"/>
  <testcase name="testIgnoredUnknownField[20]" classname="com.basistech.rosette.api.RosetteAPITest" time="0.019"/>
  <testcase name="testTranslateName[20]" classname="com.basistech.rosette.api.RosetteAPITest" time="0.029"/>
  <testcase name="testGetRelationships[20]" classname="com.basistech.rosette.api.RosetteAPITest" time="0.02"/>
  <testcase name="testGetCategories[20]" classname="com.basistech.rosette.api.RosetteAPITest" time="0.019"/>
  <testcase name="testGetSyntaxDependencies[20]" classname="com.basistech.rosette.api.RosetteAPITest" time="0.011"/>
  <testcase name="testGetRelationshipsURL[20]" classname="com.basistech.rosette.api.RosetteAPITest" time="0.016"/>
  <testcase name="testGetMorphologyDoc[20]" classname="com.basistech.rosette.api.RosetteAPITest" time="0.019"/>
  <testcase name="testGetMorphologyURL[20]" classname="com.basistech.rosette.api.RosetteAPITest" time="0.016"/>
  <testcase name="testGetSyntaxDependenciesURL[20]" classname="com.basistech.rosette.api.RosetteAPITest" time="0.015"/>
  <testcase name="testNonIgnoredUnknownField[20]" classname="com.basistech.rosette.api.RosetteAPITest" time="0.016"/>
  <testcase name="testGetEntityDoc[20]" classname="com.basistech.rosette.api.RosetteAPITest" time="0.018"/>
  <testcase name="testGetEntityURL[20]" classname="com.basistech.rosette.api.RosetteAPITest" time="0.018"/>
  <testcase name="testNameDeduplication[20]" classname="com.basistech.rosette.api.RosetteAPITest" time="0.017"/>
  <testcase name="testGetLanguageDoc[20]" classname="com.basistech.rosette.api.RosetteAPITest" time="0.018"/>
  <testcase name="testGetLanguageURL[20]" classname="com.basistech.rosette.api.RosetteAPITest" time="0.018"/>
  <testcase name="testMatchName[20]" classname="com.basistech.rosette.api.RosetteAPITest" time="0.016"/>
  <testcase name="testGetSentiment[20]" classname="com.basistech.rosette.api.RosetteAPITest" time="0.029"/>
  <testcase name="testGetCategoriesURL[20]" classname="com.basistech.rosette.api.RosetteAPITest" time="0.026"/>
  <testcase name="testGetSentimentURL[21]" classname="com.basistech.rosette.api.RosetteAPITest" time="0.022"/>
  <testcase name="testIgnoredUnknownField[21]" classname="com.basistech.rosette.api.RosetteAPITest" time="0.019"/>
  <testcase name="testTranslateName[21]" classname="com.basistech.rosette.api.RosetteAPITest" time="0.02"/>
  <testcase name="testGetRelationships[21]" classname="com.basistech.rosette.api.RosetteAPITest" time="0.02"/>
  <testcase name="testGetCategories[21]" classname="com.basistech.rosette.api.RosetteAPITest" time="0.024"/>
  <testcase name="testGetSyntaxDependencies[21]" classname="com.basistech.rosette.api.RosetteAPITest" time="0.016"/>
  <testcase name="testGetRelationshipsURL[21]" classname="com.basistech.rosette.api.RosetteAPITest" time="0.028"/>
  <testcase name="testGetMorphologyDoc[21]" classname="com.basistech.rosette.api.RosetteAPITest" time="0.018"/>
  <testcase name="testGetMorphologyURL[21]" classname="com.basistech.rosette.api.RosetteAPITest" time="0.016"/>
  <testcase name="testGetSyntaxDependenciesURL[21]" classname="com.basistech.rosette.api.RosetteAPITest" time="0.016"/>
  <testcase name="testNonIgnoredUnknownField[21]" classname="com.basistech.rosette.api.RosetteAPITest" time="0.016"/>
  <testcase name="testGetEntityDoc[21]" classname="com.basistech.rosette.api.RosetteAPITest" time="0.022"/>
  <testcase name="testGetEntityURL[21]" classname="com.basistech.rosette.api.RosetteAPITest" time="0.035"/>
  <testcase name="testNameDeduplication[21]" classname="com.basistech.rosette.api.RosetteAPITest" time="0.016"/>
  <testcase name="testGetLanguageDoc[21]" classname="com.basistech.rosette.api.RosetteAPITest" time="0.023"/>
  <testcase name="testGetLanguageURL[21]" classname="com.basistech.rosette.api.RosetteAPITest" time="0.014"/>
  <testcase name="testMatchName[21]" classname="com.basistech.rosette.api.RosetteAPITest" time="0.023"/>
  <testcase name="testGetSentiment[21]" classname="com.basistech.rosette.api.RosetteAPITest" time="0.015"/>
  <testcase name="testGetCategoriesURL[21]" classname="com.basistech.rosette.api.RosetteAPITest" time="0.018"/>
  <testcase name="testGetSentimentURL[22]" classname="com.basistech.rosette.api.RosetteAPITest" time="0.017"/>
  <testcase name="testIgnoredUnknownField[22]" classname="com.basistech.rosette.api.RosetteAPITest" time="0.015"/>
  <testcase name="testTranslateName[22]" classname="com.basistech.rosette.api.RosetteAPITest" time="0.016"/>
  <testcase name="testGetRelationships[22]" classname="com.basistech.rosette.api.RosetteAPITest" time="0.018"/>
  <testcase name="testGetCategories[22]" classname="com.basistech.rosette.api.RosetteAPITest" time="0.022"/>
  <testcase name="testGetSyntaxDependencies[22]" classname="com.basistech.rosette.api.RosetteAPITest" time="0.028"/>
  <testcase name="testGetRelationshipsURL[22]" classname="com.basistech.rosette.api.RosetteAPITest" time="0.016"/>
  <testcase name="testGetMorphologyDoc[22]" classname="com.basistech.rosette.api.RosetteAPITest" time="0.015"/>
  <testcase name="testGetMorphologyURL[22]" classname="com.basistech.rosette.api.RosetteAPITest" time="0.015"/>
  <testcase name="testGetSyntaxDependenciesURL[22]" classname="com.basistech.rosette.api.RosetteAPITest" time="0.017"/>
  <testcase name="testNonIgnoredUnknownField[22]" classname="com.basistech.rosette.api.RosetteAPITest" time="0.015"/>
  <testcase name="testGetEntityDoc[22]" classname="com.basistech.rosette.api.RosetteAPITest" time="0.017"/>
  <testcase name="testGetEntityURL[22]" classname="com.basistech.rosette.api.RosetteAPITest" time="0.021"/>
  <testcase name="testNameDeduplication[22]" classname="com.basistech.rosette.api.RosetteAPITest" time="0.023"/>
  <testcase name="testGetLanguageDoc[22]" classname="com.basistech.rosette.api.RosetteAPITest" time="0.017"/>
  <testcase name="testGetLanguageURL[22]" classname="com.basistech.rosette.api.RosetteAPITest" time="0.016"/>
  <testcase name="testMatchName[22]" classname="com.basistech.rosette.api.RosetteAPITest" time="0.038"/>
  <testcase name="testGetSentiment[22]" classname="com.basistech.rosette.api.RosetteAPITest" time="0.015"/>
  <testcase name="testGetCategoriesURL[22]" classname="com.basistech.rosette.api.RosetteAPITest" time="0.017"/>
  <testcase name="testGetSentimentURL[23]" classname="com.basistech.rosette.api.RosetteAPITest" time="0.016"/>
  <testcase name="testIgnoredUnknownField[23]" classname="com.basistech.rosette.api.RosetteAPITest" time="0.017"/>
  <testcase name="testTranslateName[23]" classname="com.basistech.rosette.api.RosetteAPITest" time="0.016"/>
  <testcase name="testGetRelationships[23]" classname="com.basistech.rosette.api.RosetteAPITest" time="0.019"/>
  <testcase name="testGetCategories[23]" classname="com.basistech.rosette.api.RosetteAPITest" time="0.017"/>
  <testcase name="testGetSyntaxDependencies[23]" classname="com.basistech.rosette.api.RosetteAPITest" time="0.028"/>
  <testcase name="testGetRelationshipsURL[23]" classname="com.basistech.rosette.api.RosetteAPITest" time="0.016"/>
  <testcase name="testGetMorphologyDoc[23]" classname="com.basistech.rosette.api.RosetteAPITest" time="0.019"/>
  <testcase name="testGetMorphologyURL[23]" classname="com.basistech.rosette.api.RosetteAPITest" time="0.018"/>
  <testcase name="testGetSyntaxDependenciesURL[23]" classname="com.basistech.rosette.api.RosetteAPITest" time="0.017"/>
  <testcase name="testNonIgnoredUnknownField[23]" classname="com.basistech.rosette.api.RosetteAPITest" time="0.016"/>
  <testcase name="testGetEntityDoc[23]" classname="com.basistech.rosette.api.RosetteAPITest" time="0.022"/>
  <testcase name="testGetEntityURL[23]" classname="com.basistech.rosette.api.RosetteAPITest" time="0.021"/>
  <testcase name="testNameDeduplication[23]" classname="com.basistech.rosette.api.RosetteAPITest" time="0.019"/>
  <testcase name="testGetLanguageDoc[23]" classname="com.basistech.rosette.api.RosetteAPITest" time="0.037"/>
  <testcase name="testGetLanguageURL[23]" classname="com.basistech.rosette.api.RosetteAPITest" time="0.015"/>
  <testcase name="testMatchName[23]" classname="com.basistech.rosette.api.RosetteAPITest" time="0.022"/>
  <testcase name="testGetSentiment[23]" classname="com.basistech.rosette.api.RosetteAPITest" time="0.015"/>
  <testcase name="testGetCategoriesURL[23]" classname="com.basistech.rosette.api.RosetteAPITest" time="0.015"/>
  <testcase name="testGetSentimentURL[24]" classname="com.basistech.rosette.api.RosetteAPITest" time="0.016"/>
  <testcase name="testIgnoredUnknownField[24]" classname="com.basistech.rosette.api.RosetteAPITest" time="0.026"/>
  <testcase name="testTranslateName[24]" classname="com.basistech.rosette.api.RosetteAPITest" time="0.017"/>
  <testcase name="testGetRelationships[24]" classname="com.basistech.rosette.api.RosetteAPITest" time="0.016"/>
  <testcase name="testGetCategories[24]" classname="com.basistech.rosette.api.RosetteAPITest" time="0.02"/>
  <testcase name="testGetSyntaxDependencies[24]" classname="com.basistech.rosette.api.RosetteAPITest" time="0.054"/>
  <testcase name="testGetRelationshipsURL[24]" classname="com.basistech.rosette.api.RosetteAPITest" time="0.015"/>
  <testcase name="testGetMorphologyDoc[24]" classname="com.basistech.rosette.api.RosetteAPITest" time="0.029"/>
  <testcase name="testGetMorphologyURL[24]" classname="com.basistech.rosette.api.RosetteAPITest" time="0.017"/>
  <testcase name="testGetSyntaxDependenciesURL[24]" classname="com.basistech.rosette.api.RosetteAPITest" time="0.032"/>
  <testcase name="testNonIgnoredUnknownField[24]" classname="com.basistech.rosette.api.RosetteAPITest" time="0.017"/>
  <testcase name="testGetEntityDoc[24]" classname="com.basistech.rosette.api.RosetteAPITest" time="0.018"/>
  <testcase name="testGetEntityURL[24]" classname="com.basistech.rosette.api.RosetteAPITest" time="0.017"/>
  <testcase name="testNameDeduplication[24]" classname="com.basistech.rosette.api.RosetteAPITest" time="0.018"/>
  <testcase name="testGetLanguageDoc[24]" classname="com.basistech.rosette.api.RosetteAPITest" time="0.044"/>
  <testcase name="testGetLanguageURL[24]" classname="com.basistech.rosette.api.RosetteAPITest" time="0.029"/>
  <testcase name="testMatchName[24]" classname="com.basistech.rosette.api.RosetteAPITest" time="0.015"/>
  <testcase name="testGetSentiment[24]" classname="com.basistech.rosette.api.RosetteAPITest" time="0.029"/>
  <testcase name="testGetCategoriesURL[24]" classname="com.basistech.rosette.api.RosetteAPITest" time="0.015"/>
  <testcase name="testGetSentimentURL[25]" classname="com.basistech.rosette.api.RosetteAPITest" time="0.023"/>
  <testcase name="testIgnoredUnknownField[25]" classname="com.basistech.rosette.api.RosetteAPITest" time="0.016"/>
  <testcase name="testTranslateName[25]" classname="com.basistech.rosette.api.RosetteAPITest" time="0.016"/>
  <testcase name="testGetRelationships[25]" classname="com.basistech.rosette.api.RosetteAPITest" time="0.016"/>
  <testcase name="testGetCategories[25]" classname="com.basistech.rosette.api.RosetteAPITest" time="0.041"/>
  <testcase name="testGetSyntaxDependencies[25]" classname="com.basistech.rosette.api.RosetteAPITest" time="0.017"/>
  <testcase name="testGetRelationshipsURL[25]" classname="com.basistech.rosette.api.RosetteAPITest" time="0.018"/>
  <testcase name="testGetMorphologyDoc[25]" classname="com.basistech.rosette.api.RosetteAPITest" time="0.03"/>
  <testcase name="testGetMorphologyURL[25]" classname="com.basistech.rosette.api.RosetteAPITest" time="0.016"/>
  <testcase name="testGetSyntaxDependenciesURL[25]" classname="com.basistech.rosette.api.RosetteAPITest" time="0.016"/>
  <testcase name="testNonIgnoredUnknownField[25]" classname="com.basistech.rosette.api.RosetteAPITest" time="0.015"/>
  <testcase name="testGetEntityDoc[25]" classname="com.basistech.rosette.api.RosetteAPITest" time="0.03"/>
  <testcase name="testGetEntityURL[25]" classname="com.basistech.rosette.api.RosetteAPITest" time="0.039"/>
  <testcase name="testNameDeduplication[25]" classname="com.basistech.rosette.api.RosetteAPITest" time="0.017"/>
  <testcase name="testGetLanguageDoc[25]" classname="com.basistech.rosette.api.RosetteAPITest" time="0.023"/>
  <testcase name="testGetLanguageURL[25]" classname="com.basistech.rosette.api.RosetteAPITest" time="0.027"/>
  <testcase name="testMatchName[25]" classname="com.basistech.rosette.api.RosetteAPITest" time="0.015"/>
  <testcase name="testGetSentiment[25]" classname="com.basistech.rosette.api.RosetteAPITest" time="0.016"/>
  <testcase name="testGetCategoriesURL[25]" classname="com.basistech.rosette.api.RosetteAPITest" time="0.021"/>
  <testcase name="testGetSentimentURL[26]" classname="com.basistech.rosette.api.RosetteAPITest" time="0.016"/>
  <testcase name="testIgnoredUnknownField[26]" classname="com.basistech.rosette.api.RosetteAPITest" time="0.015"/>
  <testcase name="testTranslateName[26]" classname="com.basistech.rosette.api.RosetteAPITest" time="0.03"/>
  <testcase name="testGetRelationships[26]" classname="com.basistech.rosette.api.RosetteAPITest" time="0.016"/>
  <testcase name="testGetCategories[26]" classname="com.basistech.rosette.api.RosetteAPITest" time="0.017"/>
  <testcase name="testGetSyntaxDependencies[26]" classname="com.basistech.rosette.api.RosetteAPITest" time="0.024"/>
  <testcase name="testGetRelationshipsURL[26]" classname="com.basistech.rosette.api.RosetteAPITest" time="0.025"/>
  <testcase name="testGetMorphologyDoc[26]" classname="com.basistech.rosette.api.RosetteAPITest" time="0.016"/>
  <testcase name="testGetMorphologyURL[26]" classname="com.basistech.rosette.api.RosetteAPITest" time="0.015"/>
  <testcase name="testGetSyntaxDependenciesURL[26]" classname="com.basistech.rosette.api.RosetteAPITest" time="0.015"/>
  <testcase name="testNonIgnoredUnknownField[26]" classname="com.basistech.rosette.api.RosetteAPITest" time="0.023"/>
  <testcase name="testGetEntityDoc[26]" classname="com.basistech.rosette.api.RosetteAPITest" time="0.014"/>
  <testcase name="testGetEntityURL[26]" classname="com.basistech.rosette.api.RosetteAPITest" time="0.016"/>
  <testcase name="testNameDeduplication[26]" classname="com.basistech.rosette.api.RosetteAPITest" time="0.024"/>
  <testcase name="testGetLanguageDoc[26]" classname="com.basistech.rosette.api.RosetteAPITest" time="0.016"/>
  <testcase name="testGetLanguageURL[26]" classname="com.basistech.rosette.api.RosetteAPITest" time="0.027"/>
  <testcase name="testMatchName[26]" classname="com.basistech.rosette.api.RosetteAPITest" time="0.022"/>
  <testcase name="testGetSentiment[26]" classname="com.basistech.rosette.api.RosetteAPITest" time="0.027"/>
  <testcase name="testGetCategoriesURL[26]" classname="com.basistech.rosette.api.RosetteAPITest" time="0.017"/>
  <testcase name="testGetSentimentURL[27]" classname="com.basistech.rosette.api.RosetteAPITest" time="0.015"/>
  <testcase name="testIgnoredUnknownField[27]" classname="com.basistech.rosette.api.RosetteAPITest" time="0.017"/>
  <testcase name="testTranslateName[27]" classname="com.basistech.rosette.api.RosetteAPITest" time="0.018"/>
  <testcase name="testGetRelationships[27]" classname="com.basistech.rosette.api.RosetteAPITest" time="0.015"/>
  <testcase name="testGetCategories[27]" classname="com.basistech.rosette.api.RosetteAPITest" time="0.016"/>
  <testcase name="testGetSyntaxDependencies[27]" classname="com.basistech.rosette.api.RosetteAPITest" time="0.034"/>
  <testcase name="testGetRelationshipsURL[27]" classname="com.basistech.rosette.api.RosetteAPITest" time="0.017"/>
  <testcase name="testGetMorphologyDoc[27]" classname="com.basistech.rosette.api.RosetteAPITest" time="0.015"/>
  <testcase name="testGetMorphologyURL[27]" classname="com.basistech.rosette.api.RosetteAPITest" time="0.015"/>
  <testcase name="testGetSyntaxDependenciesURL[27]" classname="com.basistech.rosette.api.RosetteAPITest" time="0.017"/>
  <testcase name="testNonIgnoredUnknownField[27]" classname="com.basistech.rosette.api.RosetteAPITest" time="0.015"/>
  <testcase name="testGetEntityDoc[27]" classname="com.basistech.rosette.api.RosetteAPITest" time="0.015"/>
  <testcase name="testGetEntityURL[27]" classname="com.basistech.rosette.api.RosetteAPITest" time="0.016"/>
  <testcase name="testNameDeduplication[27]" classname="com.basistech.rosette.api.RosetteAPITest" time="0.016"/>
  <testcase name="testGetLanguageDoc[27]" classname="com.basistech.rosette.api.RosetteAPITest" time="0.02"/>
  <testcase name="testGetLanguageURL[27]" classname="com.basistech.rosette.api.RosetteAPITest" time="0.017"/>
  <testcase name="testMatchName[27]" classname="com.basistech.rosette.api.RosetteAPITest" time="0.023"/>
  <testcase name="testGetSentiment[27]" classname="com.basistech.rosette.api.RosetteAPITest" time="0.018"/>
  <testcase name="testGetCategoriesURL[27]" classname="com.basistech.rosette.api.RosetteAPITest" time="0.016"/>
  <testcase name="testGetSentimentURL[28]" classname="com.basistech.rosette.api.RosetteAPITest" time="0.027"/>
  <testcase name="testIgnoredUnknownField[28]" classname="com.basistech.rosette.api.RosetteAPITest" time="0.016"/>
  <testcase name="testTranslateName[28]" classname="com.basistech.rosette.api.RosetteAPITest" time="0.016"/>
  <testcase name="testGetRelationships[28]" classname="com.basistech.rosette.api.RosetteAPITest" time="0.015"/>
  <testcase name="testGetCategories[28]" classname="com.basistech.rosette.api.RosetteAPITest" time="0.022"/>
  <testcase name="testGetSyntaxDependencies[28]" classname="com.basistech.rosette.api.RosetteAPITest" time="0.018"/>
  <testcase name="testGetRelationshipsURL[28]" classname="com.basistech.rosette.api.RosetteAPITest" time="0.015"/>
  <testcase name="testGetMorphologyDoc[28]" classname="com.basistech.rosette.api.RosetteAPITest" time="0.028"/>
  <testcase name="testGetMorphologyURL[28]" classname="com.basistech.rosette.api.RosetteAPITest" time="0.026"/>
  <testcase name="testGetSyntaxDependenciesURL[28]" classname="com.basistech.rosette.api.RosetteAPITest" time="0.017"/>
  <testcase name="testNonIgnoredUnknownField[28]" classname="com.basistech.rosette.api.RosetteAPITest" time="0.015"/>
  <testcase name="testGetEntityDoc[28]" classname="com.basistech.rosette.api.RosetteAPITest" time="0.029"/>
  <testcase name="testGetEntityURL[28]" classname="com.basistech.rosette.api.RosetteAPITest" time="0.016"/>
  <testcase name="testNameDeduplication[28]" classname="com.basistech.rosette.api.RosetteAPITest" time="0.021"/>
  <testcase name="testGetLanguageDoc[28]" classname="com.basistech.rosette.api.RosetteAPITest" time="0.016"/>
  <testcase name="testGetLanguageURL[28]" classname="com.basistech.rosette.api.RosetteAPITest" time="0.015"/>
  <testcase name="testMatchName[28]" classname="com.basistech.rosette.api.RosetteAPITest" time="0.022"/>
  <testcase name="testGetSentiment[28]" classname="com.basistech.rosette.api.RosetteAPITest" time="0.039"/>
  <testcase name="testGetCategoriesURL[28]" classname="com.basistech.rosette.api.RosetteAPITest" time="0.017"/>
  <testcase name="testGetSentimentURL[29]" classname="com.basistech.rosette.api.RosetteAPITest" time="0.014"/>
  <testcase name="testIgnoredUnknownField[29]" classname="com.basistech.rosette.api.RosetteAPITest" time="0.018"/>
  <testcase name="testTranslateName[29]" classname="com.basistech.rosette.api.RosetteAPITest" time="0.015"/>
  <testcase name="testGetRelationships[29]" classname="com.basistech.rosette.api.RosetteAPITest" time="0.015"/>
  <testcase name="testGetCategories[29]" classname="com.basistech.rosette.api.RosetteAPITest" time="0.022"/>
  <testcase name="testGetSyntaxDependencies[29]" classname="com.basistech.rosette.api.RosetteAPITest" time="0.015"/>
  <testcase name="testGetRelationshipsURL[29]" classname="com.basistech.rosette.api.RosetteAPITest" time="0.015"/>
  <testcase name="testGetMorphologyDoc[29]" classname="com.basistech.rosette.api.RosetteAPITest" time="0.014"/>
  <testcase name="testGetMorphologyURL[29]" classname="com.basistech.rosette.api.RosetteAPITest" time="0.015"/>
  <testcase name="testGetSyntaxDependenciesURL[29]" classname="com.basistech.rosette.api.RosetteAPITest" time="0.015"/>
  <testcase name="testNonIgnoredUnknownField[29]" classname="com.basistech.rosette.api.RosetteAPITest" time="0.015"/>
  <testcase name="testGetEntityDoc[29]" classname="com.basistech.rosette.api.RosetteAPITest" time="0.014"/>
  <testcase name="testGetEntityURL[29]" classname="com.basistech.rosette.api.RosetteAPITest" time="0.015"/>
  <testcase name="testNameDeduplication[29]" classname="com.basistech.rosette.api.RosetteAPITest" time="0.016"/>
  <testcase name="testGetLanguageDoc[29]" classname="com.basistech.rosette.api.RosetteAPITest" time="0.014"/>
  <testcase name="testGetLanguageURL[29]" classname="com.basistech.rosette.api.RosetteAPITest" time="0.015"/>
  <testcase name="testMatchName[29]" classname="com.basistech.rosette.api.RosetteAPITest" time="0.014"/>
  <testcase name="testGetSentiment[29]" classname="com.basistech.rosette.api.RosetteAPITest" time="0.015"/>
  <testcase name="testGetCategoriesURL[29]" classname="com.basistech.rosette.api.RosetteAPITest" time="0.018"/>
  <testcase name="testGetSentimentURL[30]" classname="com.basistech.rosette.api.RosetteAPITest" time="0.014"/>
  <testcase name="testIgnoredUnknownField[30]" classname="com.basistech.rosette.api.RosetteAPITest" time="0.022"/>
  <testcase name="testTranslateName[30]" classname="com.basistech.rosette.api.RosetteAPITest" time="0.015"/>
  <testcase name="testGetRelationships[30]" classname="com.basistech.rosette.api.RosetteAPITest" time="0.015"/>
  <testcase name="testGetCategories[30]" classname="com.basistech.rosette.api.RosetteAPITest" time="0.014"/>
  <testcase name="testGetSyntaxDependencies[30]" classname="com.basistech.rosette.api.RosetteAPITest" time="0.015"/>
  <testcase name="testGetRelationshipsURL[30]" classname="com.basistech.rosette.api.RosetteAPITest" time="0.015"/>
  <testcase name="testGetMorphologyDoc[30]" classname="com.basistech.rosette.api.RosetteAPITest" time="0.017"/>
  <testcase name="testGetMorphologyURL[30]" classname="com.basistech.rosette.api.RosetteAPITest" time="0.015"/>
  <testcase name="testGetSyntaxDependenciesURL[30]" classname="com.basistech.rosette.api.RosetteAPITest" time="0.015"/>
  <testcase name="testNonIgnoredUnknownField[30]" classname="com.basistech.rosette.api.RosetteAPITest" time="0.021"/>
  <testcase name="testGetEntityDoc[30]" classname="com.basistech.rosette.api.RosetteAPITest" time="0.018"/>
  <testcase name="testGetEntityURL[30]" classname="com.basistech.rosette.api.RosetteAPITest" time="0.014"/>
  <testcase name="testNameDeduplication[30]" classname="com.basistech.rosette.api.RosetteAPITest" time="0.018"/>
  <testcase name="testGetLanguageDoc[30]" classname="com.basistech.rosette.api.RosetteAPITest" time="0.013"/>
  <testcase name="testGetLanguageURL[30]" classname="com.basistech.rosette.api.RosetteAPITest" time="0.018"/>
  <testcase name="testMatchName[30]" classname="com.basistech.rosette.api.RosetteAPITest" time="0.014"/>
  <testcase name="testGetSentiment[30]" classname="com.basistech.rosette.api.RosetteAPITest" time="0.021"/>
  <testcase name="testGetCategoriesURL[30]" classname="com.basistech.rosette.api.RosetteAPITest" time="0.015"/>
  <testcase name="testGetSentimentURL[31]" classname="com.basistech.rosette.api.RosetteAPITest" time="0.015"/>
  <testcase name="testIgnoredUnknownField[31]" classname="com.basistech.rosette.api.RosetteAPITest" time="0.016"/>
  <testcase name="testTranslateName[31]" classname="com.basistech.rosette.api.RosetteAPITest" time="0.018"/>
  <testcase name="testGetRelationships[31]" classname="com.basistech.rosette.api.RosetteAPITest" time="0.015"/>
  <testcase name="testGetCategories[31]" classname="com.basistech.rosette.api.RosetteAPITest" time="0.018"/>
  <testcase name="testGetSyntaxDependencies[31]" classname="com.basistech.rosette.api.RosetteAPITest" time="0.016"/>
  <testcase name="testGetRelationshipsURL[31]" classname="com.basistech.rosette.api.RosetteAPITest" time="0.014"/>
  <testcase name="testGetMorphologyDoc[31]" classname="com.basistech.rosette.api.RosetteAPITest" time="0.016"/>
  <testcase name="testGetMorphologyURL[31]" classname="com.basistech.rosette.api.RosetteAPITest" time="0.015"/>
  <testcase name="testGetSyntaxDependenciesURL[31]" classname="com.basistech.rosette.api.RosetteAPITest" time="0.02"/>
  <testcase name="testNonIgnoredUnknownField[31]" classname="com.basistech.rosette.api.RosetteAPITest" time="0.014"/>
  <testcase name="testGetEntityDoc[31]" classname="com.basistech.rosette.api.RosetteAPITest" time="0.016"/>
  <testcase name="testGetEntityURL[31]" classname="com.basistech.rosette.api.RosetteAPITest" time="0.015"/>
  <testcase name="testNameDeduplication[31]" classname="com.basistech.rosette.api.RosetteAPITest" time="0.015"/>
  <testcase name="testGetLanguageDoc[31]" classname="com.basistech.rosette.api.RosetteAPITest" time="0.014"/>
  <testcase name="testGetLanguageURL[31]" classname="com.basistech.rosette.api.RosetteAPITest" time="0.023"/>
  <testcase name="testMatchName[31]" classname="com.basistech.rosette.api.RosetteAPITest" time="0.014"/>
  <testcase name="testGetSentiment[31]" classname="com.basistech.rosette.api.RosetteAPITest" time="0.019"/>
  <testcase name="testGetCategoriesURL[31]" classname="com.basistech.rosette.api.RosetteAPITest" time="0.035"/>
  <testcase name="testGetSentimentURL[32]" classname="com.basistech.rosette.api.RosetteAPITest" time="0.021"/>
  <testcase name="testIgnoredUnknownField[32]" classname="com.basistech.rosette.api.RosetteAPITest" time="0.028"/>
  <testcase name="testTranslateName[32]" classname="com.basistech.rosette.api.RosetteAPITest" time="0.017"/>
  <testcase name="testGetRelationships[32]" classname="com.basistech.rosette.api.RosetteAPITest" time="0.013"/>
  <testcase name="testGetCategories[32]" classname="com.basistech.rosette.api.RosetteAPITest" time="0.015"/>
  <testcase name="testGetSyntaxDependencies[32]" classname="com.basistech.rosette.api.RosetteAPITest" time="0.014"/>
  <testcase name="testGetRelationshipsURL[32]" classname="com.basistech.rosette.api.RosetteAPITest" time="0.014"/>
  <testcase name="testGetMorphologyDoc[32]" classname="com.basistech.rosette.api.RosetteAPITest" time="0.014"/>
  <testcase name="testGetMorphologyURL[32]" classname="com.basistech.rosette.api.RosetteAPITest" time="0.021"/>
  <testcase name="testGetSyntaxDependenciesURL[32]" classname="com.basistech.rosette.api.RosetteAPITest" time="0.014"/>
  <testcase name="testNonIgnoredUnknownField[32]" classname="com.basistech.rosette.api.RosetteAPITest" time="0.014"/>
  <testcase name="testGetEntityDoc[32]" classname="com.basistech.rosette.api.RosetteAPITest" time="0.014"/>
  <testcase name="testGetEntityURL[32]" classname="com.basistech.rosette.api.RosetteAPITest" time="0.015"/>
  <testcase name="testNameDeduplication[32]" classname="com.basistech.rosette.api.RosetteAPITest" time="0.015"/>
  <testcase name="testGetLanguageDoc[32]" classname="com.basistech.rosette.api.RosetteAPITest" time="0.019"/>
  <testcase name="testGetLanguageURL[32]" classname="com.basistech.rosette.api.RosetteAPITest" time="0.014"/>
  <testcase name="testMatchName[32]" classname="com.basistech.rosette.api.RosetteAPITest" time="0.015"/>
  <testcase name="testGetSentiment[32]" classname="com.basistech.rosette.api.RosetteAPITest" time="0.014"/>
  <testcase name="testGetCategoriesURL[32]" classname="com.basistech.rosette.api.RosetteAPITest" time="0.015"/>
  <testcase name="testGetSentimentURL[33]" classname="com.basistech.rosette.api.RosetteAPITest" time="0.034"/>
  <testcase name="testIgnoredUnknownField[33]" classname="com.basistech.rosette.api.RosetteAPITest" time="0.017"/>
  <testcase name="testTranslateName[33]" classname="com.basistech.rosette.api.RosetteAPITest" time="0.021"/>
  <testcase name="testGetRelationships[33]" classname="com.basistech.rosette.api.RosetteAPITest" time="0.035"/>
  <testcase name="testGetCategories[33]" classname="com.basistech.rosette.api.RosetteAPITest" time="0.015"/>
  <testcase name="testGetSyntaxDependencies[33]" classname="com.basistech.rosette.api.RosetteAPITest" time="0.02"/>
  <testcase name="testGetRelationshipsURL[33]" classname="com.basistech.rosette.api.RosetteAPITest" time="0.015"/>
  <testcase name="testGetMorphologyDoc[33]" classname="com.basistech.rosette.api.RosetteAPITest" time="0.018"/>
  <testcase name="testGetMorphologyURL[33]" classname="com.basistech.rosette.api.RosetteAPITest" time="0.015"/>
  <testcase name="testGetSyntaxDependenciesURL[33]" classname="com.basistech.rosette.api.RosetteAPITest" time="0.015"/>
  <testcase name="testNonIgnoredUnknownField[33]" classname="com.basistech.rosette.api.RosetteAPITest" time="0.015"/>
  <testcase name="testGetEntityDoc[33]" classname="com.basistech.rosette.api.RosetteAPITest" time="0.026"/>
  <testcase name="testGetEntityURL[33]" classname="com.basistech.rosette.api.RosetteAPITest" time="0.025"/>
  <testcase name="testNameDeduplication[33]" classname="com.basistech.rosette.api.RosetteAPITest" time="0.016"/>
  <testcase name="testGetLanguageDoc[33]" classname="com.basistech.rosette.api.RosetteAPITest" time="0.014"/>
  <testcase name="testGetLanguageURL[33]" classname="com.basistech.rosette.api.RosetteAPITest" time="0.02"/>
  <testcase name="testMatchName[33]" classname="com.basistech.rosette.api.RosetteAPITest" time="0.015"/>
  <testcase name="testGetSentiment[33]" classname="com.basistech.rosette.api.RosetteAPITest" time="0.018"/>
  <testcase name="testGetCategoriesURL[33]" classname="com.basistech.rosette.api.RosetteAPITest" time="0.017"/>
  <testcase name="testGetSentimentURL[34]" classname="com.basistech.rosette.api.RosetteAPITest" time="0.017"/>
  <testcase name="testIgnoredUnknownField[34]" classname="com.basistech.rosette.api.RosetteAPITest" time="0.027"/>
  <testcase name="testTranslateName[34]" classname="com.basistech.rosette.api.RosetteAPITest" time="0.015"/>
  <testcase name="testGetRelationships[34]" classname="com.basistech.rosette.api.RosetteAPITest" time="0.023"/>
  <testcase name="testGetCategories[34]" classname="com.basistech.rosette.api.RosetteAPITest" time="0.022"/>
  <testcase name="testGetSyntaxDependencies[34]" classname="com.basistech.rosette.api.RosetteAPITest" time="0.015"/>
  <testcase name="testGetRelationshipsURL[34]" classname="com.basistech.rosette.api.RosetteAPITest" time="0.014"/>
  <testcase name="testGetMorphologyDoc[34]" classname="com.basistech.rosette.api.RosetteAPITest" time="0.015"/>
  <testcase name="testGetMorphologyURL[34]" classname="com.basistech.rosette.api.RosetteAPITest" time="0.015"/>
  <testcase name="testGetSyntaxDependenciesURL[34]" classname="com.basistech.rosette.api.RosetteAPITest" time="0.027"/>
  <testcase name="testNonIgnoredUnknownField[34]" classname="com.basistech.rosette.api.RosetteAPITest" time="0.016"/>
  <testcase name="testGetEntityDoc[34]" classname="com.basistech.rosette.api.RosetteAPITest" time="0.015"/>
  <testcase name="testGetEntityURL[34]" classname="com.basistech.rosette.api.RosetteAPITest" time="0.015"/>
  <testcase name="testNameDeduplication[34]" classname="com.basistech.rosette.api.RosetteAPITest" time="0.015"/>
  <testcase name="testGetLanguageDoc[34]" classname="com.basistech.rosette.api.RosetteAPITest" time="0.014"/>
  <testcase name="testGetLanguageURL[34]" classname="com.basistech.rosette.api.RosetteAPITest" time="0.015"/>
  <testcase name="testMatchName[34]" classname="com.basistech.rosette.api.RosetteAPITest" time="0.014"/>
  <testcase name="testGetSentiment[34]" classname="com.basistech.rosette.api.RosetteAPITest" time="0.017"/>
  <testcase name="testGetCategoriesURL[34]" classname="com.basistech.rosette.api.RosetteAPITest" time="0.023"/>
  <testcase name="testGetSentimentURL[35]" classname="com.basistech.rosette.api.RosetteAPITest" time="0.015"/>
  <testcase name="testIgnoredUnknownField[35]" classname="com.basistech.rosette.api.RosetteAPITest" time="0.016"/>
  <testcase name="testTranslateName[35]" classname="com.basistech.rosette.api.RosetteAPITest" time="0.017"/>
  <testcase name="testGetRelationships[35]" classname="com.basistech.rosette.api.RosetteAPITest" time="0.021"/>
  <testcase name="testGetCategories[35]" classname="com.basistech.rosette.api.RosetteAPITest" time="0.019"/>
  <testcase name="testGetSyntaxDependencies[35]" classname="com.basistech.rosette.api.RosetteAPITest" time="0.035"/>
  <testcase name="testGetRelationshipsURL[35]" classname="com.basistech.rosette.api.RosetteAPITest" time="0.015"/>
  <testcase name="testGetMorphologyDoc[35]" classname="com.basistech.rosette.api.RosetteAPITest" time="0.039"/>
  <testcase name="testGetMorphologyURL[35]" classname="com.basistech.rosette.api.RosetteAPITest" time="0.02"/>
  <testcase name="testGetSyntaxDependenciesURL[35]" classname="com.basistech.rosette.api.RosetteAPITest" time="0.019"/>
  <testcase name="testNonIgnoredUnknownField[35]" classname="com.basistech.rosette.api.RosetteAPITest" time="0.02"/>
  <testcase name="testGetEntityDoc[35]" classname="com.basistech.rosette.api.RosetteAPITest" time="0.02"/>
  <testcase name="testGetEntityURL[35]" classname="com.basistech.rosette.api.RosetteAPITest" time="0.019"/>
  <testcase name="testNameDeduplication[35]" classname="com.basistech.rosette.api.RosetteAPITest" time="0.025"/>
  <testcase name="testGetLanguageDoc[35]" classname="com.basistech.rosette.api.RosetteAPITest" time="0.02"/>
  <testcase name="testGetLanguageURL[35]" classname="com.basistech.rosette.api.RosetteAPITest" time="0.019"/>
  <testcase name="testMatchName[35]" classname="com.basistech.rosette.api.RosetteAPITest" time="0.017"/>
  <testcase name="testGetSentiment[35]" classname="com.basistech.rosette.api.RosetteAPITest" time="0.025"/>
  <testcase name="testGetCategoriesURL[35]" classname="com.basistech.rosette.api.RosetteAPITest" time="0.019"/>
  <testcase name="testGetSentimentURL[36]" classname="com.basistech.rosette.api.RosetteAPITest" time="0.015"/>
  <testcase name="testIgnoredUnknownField[36]" classname="com.basistech.rosette.api.RosetteAPITest" time="0.015"/>
  <testcase name="testTranslateName[36]" classname="com.basistech.rosette.api.RosetteAPITest" time="0.016"/>
  <testcase name="testGetRelationships[36]" classname="com.basistech.rosette.api.RosetteAPITest" time="0.024"/>
  <testcase name="testGetCategories[36]" classname="com.basistech.rosette.api.RosetteAPITest" time="0.017"/>
  <testcase name="testGetSyntaxDependencies[36]" classname="com.basistech.rosette.api.RosetteAPITest" time="0.014"/>
  <testcase name="testGetRelationshipsURL[36]" classname="com.basistech.rosette.api.RosetteAPITest" time="0.014"/>
  <testcase name="testGetMorphologyDoc[36]" classname="com.basistech.rosette.api.RosetteAPITest" time="0.017"/>
  <testcase name="testGetMorphologyURL[36]" classname="com.basistech.rosette.api.RosetteAPITest" time="0.016"/>
  <testcase name="testGetSyntaxDependenciesURL[36]" classname="com.basistech.rosette.api.RosetteAPITest" time="0.03"/>
  <testcase name="testNonIgnoredUnknownField[36]" classname="com.basistech.rosette.api.RosetteAPITest" time="0.015"/>
  <testcase name="testGetEntityDoc[36]" classname="com.basistech.rosette.api.RosetteAPITest" time="0.017"/>
  <testcase name="testGetEntityURL[36]" classname="com.basistech.rosette.api.RosetteAPITest" time="0.017"/>
  <testcase name="testNameDeduplication[36]" classname="com.basistech.rosette.api.RosetteAPITest" time="0.017"/>
  <testcase name="testGetLanguageDoc[36]" classname="com.basistech.rosette.api.RosetteAPITest" time="0.02"/>
  <testcase name="testGetLanguageURL[36]" classname="com.basistech.rosette.api.RosetteAPITest" time="0.015"/>
  <testcase name="testMatchName[36]" classname="com.basistech.rosette.api.RosetteAPITest" time="0.015"/>
  <testcase name="testGetSentiment[36]" classname="com.basistech.rosette.api.RosetteAPITest" time="0.016"/>
  <testcase name="testGetCategoriesURL[36]" classname="com.basistech.rosette.api.RosetteAPITest" time="0.017"/>
  <testcase name="testGetSentimentURL[37]" classname="com.basistech.rosette.api.RosetteAPITest" time="0.02"/>
  <testcase name="testIgnoredUnknownField[37]" classname="com.basistech.rosette.api.RosetteAPITest" time="0.015"/>
  <testcase name="testTranslateName[37]" classname="com.basistech.rosette.api.RosetteAPITest" time="0.017"/>
  <testcase name="testGetRelationships[37]" classname="com.basistech.rosette.api.RosetteAPITest" time="0.017"/>
  <testcase name="testGetCategories[37]" classname="com.basistech.rosette.api.RosetteAPITest" time="0.015"/>
  <testcase name="testGetSyntaxDependencies[37]" classname="com.basistech.rosette.api.RosetteAPITest" time="0.025"/>
  <testcase name="testGetRelationshipsURL[37]" classname="com.basistech.rosette.api.RosetteAPITest" time="0.015"/>
  <testcase name="testGetMorphologyDoc[37]" classname="com.basistech.rosette.api.RosetteAPITest" time="0.015"/>
  <testcase name="testGetMorphologyURL[37]" classname="com.basistech.rosette.api.RosetteAPITest" time="0.016"/>
  <testcase name="testGetSyntaxDependenciesURL[37]" classname="com.basistech.rosette.api.RosetteAPITest" time="0.016"/>
  <testcase name="testNonIgnoredUnknownField[37]" classname="com.basistech.rosette.api.RosetteAPITest" time="0.014"/>
  <testcase name="testGetEntityDoc[37]" classname="com.basistech.rosette.api.RosetteAPITest" time="0.018"/>
  <testcase name="testGetEntityURL[37]" classname="com.basistech.rosette.api.RosetteAPITest" time="0.024"/>
  <testcase name="testNameDeduplication[37]" classname="com.basistech.rosette.api.RosetteAPITest" time="0.016"/>
  <testcase name="testGetLanguageDoc[37]" classname="com.basistech.rosette.api.RosetteAPITest" time="0.015"/>
  <testcase name="testGetLanguageURL[37]" classname="com.basistech.rosette.api.RosetteAPITest" time="0.018"/>
  <testcase name="testMatchName[37]" classname="com.basistech.rosette.api.RosetteAPITest" time="0.016"/>
  <testcase name="testGetSentiment[37]" classname="com.basistech.rosette.api.RosetteAPITest" time="0.025"/>
  <testcase name="testGetCategoriesURL[37]" classname="com.basistech.rosette.api.RosetteAPITest" time="0.019"/>
  <testcase name="testGetSentimentURL[38]" classname="com.basistech.rosette.api.RosetteAPITest" time="0.021"/>
  <testcase name="testIgnoredUnknownField[38]" classname="com.basistech.rosette.api.RosetteAPITest" time="0.015"/>
  <testcase name="testTranslateName[38]" classname="com.basistech.rosette.api.RosetteAPITest" time="0.015"/>
  <testcase name="testGetRelationships[38]" classname="com.basistech.rosette.api.RosetteAPITest" time="0.015"/>
  <testcase name="testGetCategories[38]" classname="com.basistech.rosette.api.RosetteAPITest" time="0.021"/>
  <testcase name="testGetSyntaxDependencies[38]" classname="com.basistech.rosette.api.RosetteAPITest" time="0.013"/>
  <testcase name="testGetRelationshipsURL[38]" classname="com.basistech.rosette.api.RosetteAPITest" time="0.015"/>
  <testcase name="testGetMorphologyDoc[38]" classname="com.basistech.rosette.api.RosetteAPITest" time="0.018"/>
  <testcase name="testGetMorphologyURL[38]" classname="com.basistech.rosette.api.RosetteAPITest" time="0.017"/>
  <testcase name="testGetSyntaxDependenciesURL[38]" classname="com.basistech.rosette.api.RosetteAPITest" time="0.014"/>
  <testcase name="testNonIgnoredUnknownField[38]" classname="com.basistech.rosette.api.RosetteAPITest" time="0.015"/>
  <testcase name="testGetEntityDoc[38]" classname="com.basistech.rosette.api.RosetteAPITest" time="0.014"/>
  <testcase name="testGetEntityURL[38]" classname="com.basistech.rosette.api.RosetteAPITest" time="0.015"/>
  <testcase name="testNameDeduplication[38]" classname="com.basistech.rosette.api.RosetteAPITest" time="0.015"/>
  <testcase name="testGetLanguageDoc[38]" classname="com.basistech.rosette.api.RosetteAPITest" time="0.016"/>
  <testcase name="testGetLanguageURL[38]" classname="com.basistech.rosette.api.RosetteAPITest" time="0.015"/>
  <testcase name="testMatchName[38]" classname="com.basistech.rosette.api.RosetteAPITest" time="0.017"/>
  <testcase name="testGetSentiment[38]" classname="com.basistech.rosette.api.RosetteAPITest" time="0.026"/>
  <testcase name="testGetCategoriesURL[38]" classname="com.basistech.rosette.api.RosetteAPITest" time="0.016"/>
  <testcase name="testGetSentimentURL[39]" classname="com.basistech.rosette.api.RosetteAPITest" time="0.016"/>
  <testcase name="testIgnoredUnknownField[39]" classname="com.basistech.rosette.api.RosetteAPITest" time="0.014"/>
  <testcase name="testTranslateName[39]" classname="com.basistech.rosette.api.RosetteAPITest" time="0.017"/>
  <testcase name="testGetRelationships[39]" classname="com.basistech.rosette.api.RosetteAPITest" time="0.018"/>
  <testcase name="testGetCategories[39]" classname="com.basistech.rosette.api.RosetteAPITest" time="0.016"/>
  <testcase name="testGetSyntaxDependencies[39]" classname="com.basistech.rosette.api.RosetteAPITest" time="0.014"/>
  <testcase name="testGetRelationshipsURL[39]" classname="com.basistech.rosette.api.RosetteAPITest" time="0.017"/>
  <testcase name="testGetMorphologyDoc[39]" classname="com.basistech.rosette.api.RosetteAPITest" time="0.014"/>
  <testcase name="testGetMorphologyURL[39]" classname="com.basistech.rosette.api.RosetteAPITest" time="0.017"/>
  <testcase name="testGetSyntaxDependenciesURL[39]" classname="com.basistech.rosette.api.RosetteAPITest" time="0.016"/>
  <testcase name="testNonIgnoredUnknownField[39]" classname="com.basistech.rosette.api.RosetteAPITest" time="0.016"/>
  <testcase name="testGetEntityDoc[39]" classname="com.basistech.rosette.api.RosetteAPITest" time="0.025"/>
  <testcase name="testGetEntityURL[39]" classname="com.basistech.rosette.api.RosetteAPITest" time="0.018"/>
  <testcase name="testNameDeduplication[39]" classname="com.basistech.rosette.api.RosetteAPITest" time="0.015"/>
  <testcase name="testGetLanguageDoc[39]" classname="com.basistech.rosette.api.RosetteAPITest" time="0.026"/>
  <testcase name="testGetLanguageURL[39]" classname="com.basistech.rosette.api.RosetteAPITest" time="0.018"/>
  <testcase name="testMatchName[39]" classname="com.basistech.rosette.api.RosetteAPITest" time="0.015"/>
  <testcase name="testGetSentiment[39]" classname="com.basistech.rosette.api.RosetteAPITest" time="0.014"/>
  <testcase name="testGetCategoriesURL[39]" classname="com.basistech.rosette.api.RosetteAPITest" time="0.02"/>
  <testcase name="testGetSentimentURL[40]" classname="com.basistech.rosette.api.RosetteAPITest" time="0.016"/>
  <testcase name="testIgnoredUnknownField[40]" classname="com.basistech.rosette.api.RosetteAPITest" time="0.017"/>
  <testcase name="testTranslateName[40]" classname="com.basistech.rosette.api.RosetteAPITest" time="0.013"/>
  <testcase name="testGetRelationships[40]" classname="com.basistech.rosette.api.RosetteAPITest" time="0.022"/>
  <testcase name="testGetCategories[40]" classname="com.basistech.rosette.api.RosetteAPITest" time="0.015"/>
  <testcase name="testGetSyntaxDependencies[40]" classname="com.basistech.rosette.api.RosetteAPITest" time="0.015"/>
  <testcase name="testGetRelationshipsURL[40]" classname="com.basistech.rosette.api.RosetteAPITest" time="0.017"/>
  <testcase name="testGetMorphologyDoc[40]" classname="com.basistech.rosette.api.RosetteAPITest" time="0.05"/>
  <testcase name="testGetMorphologyURL[40]" classname="com.basistech.rosette.api.RosetteAPITest" time="0.017"/>
  <testcase name="testGetSyntaxDependenciesURL[40]" classname="com.basistech.rosette.api.RosetteAPITest" time="0.015"/>
  <testcase name="testNonIgnoredUnknownField[40]" classname="com.basistech.rosette.api.RosetteAPITest" time="0.016"/>
  <testcase name="testGetEntityDoc[40]" classname="com.basistech.rosette.api.RosetteAPITest" time="0.015"/>
  <testcase name="testGetEntityURL[40]" classname="com.basistech.rosette.api.RosetteAPITest" time="0.016"/>
  <testcase name="testNameDeduplication[40]" classname="com.basistech.rosette.api.RosetteAPITest" time="0.018"/>
  <testcase name="testGetLanguageDoc[40]" classname="com.basistech.rosette.api.RosetteAPITest" time="0.015"/>
  <testcase name="testGetLanguageURL[40]" classname="com.basistech.rosette.api.RosetteAPITest" time="0.015"/>
  <testcase name="testMatchName[40]" classname="com.basistech.rosette.api.RosetteAPITest" time="0.015"/>
  <testcase name="testGetSentiment[40]" classname="com.basistech.rosette.api.RosetteAPITest" time="0.016"/>
  <testcase name="testGetCategoriesURL[40]" classname="com.basistech.rosette.api.RosetteAPITest" time="0.016"/>
  <testcase name="testGetSentimentURL[41]" classname="com.basistech.rosette.api.RosetteAPITest" time="0.017"/>
  <testcase name="testIgnoredUnknownField[41]" classname="com.basistech.rosette.api.RosetteAPITest" time="0.015"/>
  <testcase name="testTranslateName[41]" classname="com.basistech.rosette.api.RosetteAPITest" time="0.017"/>
  <testcase name="testGetRelationships[41]" classname="com.basistech.rosette.api.RosetteAPITest" time="0.016"/>
  <testcase name="testGetCategories[41]" classname="com.basistech.rosette.api.RosetteAPITest" time="0.015"/>
  <testcase name="testGetSyntaxDependencies[41]" classname="com.basistech.rosette.api.RosetteAPITest" time="0.018"/>
  <testcase name="testGetRelationshipsURL[41]" classname="com.basistech.rosette.api.RosetteAPITest" time="0.018"/>
  <testcase name="testGetMorphologyDoc[41]" classname="com.basistech.rosette.api.RosetteAPITest" time="0.015"/>
  <testcase name="testGetMorphologyURL[41]" classname="com.basistech.rosette.api.RosetteAPITest" time="0.014"/>
  <testcase name="testGetSyntaxDependenciesURL[41]" classname="com.basistech.rosette.api.RosetteAPITest" time="0.015"/>
  <testcase name="testNonIgnoredUnknownField[41]" classname="com.basistech.rosette.api.RosetteAPITest" time="0.014"/>
  <testcase name="testGetEntityDoc[41]" classname="com.basistech.rosette.api.RosetteAPITest" time="0.021"/>
  <testcase name="testGetEntityURL[41]" classname="com.basistech.rosette.api.RosetteAPITest" time="0.016"/>
  <testcase name="testNameDeduplication[41]" classname="com.basistech.rosette.api.RosetteAPITest" time="0.015"/>
  <testcase name="testGetLanguageDoc[41]" classname="com.basistech.rosette.api.RosetteAPITest" time="0.015"/>
  <testcase name="testGetLanguageURL[41]" classname="com.basistech.rosette.api.RosetteAPITest" time="0.015"/>
  <testcase name="testMatchName[41]" classname="com.basistech.rosette.api.RosetteAPITest" time="0.015"/>
  <testcase name="testGetSentiment[41]" classname="com.basistech.rosette.api.RosetteAPITest" time="0.018"/>
  <testcase name="testGetCategoriesURL[41]" classname="com.basistech.rosette.api.RosetteAPITest" time="0.015"/>
  <testcase name="testGetSentimentURL[42]" classname="com.basistech.rosette.api.RosetteAPITest" time="0.017"/>
  <testcase name="testIgnoredUnknownField[42]" classname="com.basistech.rosette.api.RosetteAPITest" time="0.015"/>
  <testcase name="testTranslateName[42]" classname="com.basistech.rosette.api.RosetteAPITest" time="0.014"/>
  <testcase name="testGetRelationships[42]" classname="com.basistech.rosette.api.RosetteAPITest" time="0.016"/>
  <testcase name="testGetCategories[42]" classname="com.basistech.rosette.api.RosetteAPITest" time="0.017"/>
  <testcase name="testGetSyntaxDependencies[42]" classname="com.basistech.rosette.api.RosetteAPITest" time="0.023"/>
  <testcase name="testGetRelationshipsURL[42]" classname="com.basistech.rosette.api.RosetteAPITest" time="0.015"/>
  <testcase name="testGetMorphologyDoc[42]" classname="com.basistech.rosette.api.RosetteAPITest" time="0.015"/>
  <testcase name="testGetMorphologyURL[42]" classname="com.basistech.rosette.api.RosetteAPITest" time="0.024"/>
  <testcase name="testGetSyntaxDependenciesURL[42]" classname="com.basistech.rosette.api.RosetteAPITest" time="0.019"/>
  <testcase name="testNonIgnoredUnknownField[42]" classname="com.basistech.rosette.api.RosetteAPITest" time="0.023"/>
  <testcase name="testGetEntityDoc[42]" classname="com.basistech.rosette.api.RosetteAPITest" time="0.022"/>
  <testcase name="testGetEntityURL[42]" classname="com.basistech.rosette.api.RosetteAPITest" time="0.015"/>
  <testcase name="testNameDeduplication[42]" classname="com.basistech.rosette.api.RosetteAPITest" time="0.017"/>
  <testcase name="testGetLanguageDoc[42]" classname="com.basistech.rosette.api.RosetteAPITest" time="0.015"/>
  <testcase name="testGetLanguageURL[42]" classname="com.basistech.rosette.api.RosetteAPITest" time="0.016"/>
  <testcase name="testMatchName[42]" classname="com.basistech.rosette.api.RosetteAPITest" time="0.017"/>
  <testcase name="testGetSentiment[42]" classname="com.basistech.rosette.api.RosetteAPITest" time="0.026"/>
  <testcase name="testGetCategoriesURL[42]" classname="com.basistech.rosette.api.RosetteAPITest" time="0.015"/>
  <testcase name="testGetSentimentURL[43]" classname="com.basistech.rosette.api.RosetteAPITest" time="0.014"/>
  <testcase name="testIgnoredUnknownField[43]" classname="com.basistech.rosette.api.RosetteAPITest" time="0.016"/>
  <testcase name="testTranslateName[43]" classname="com.basistech.rosette.api.RosetteAPITest" time="0.013"/>
  <testcase name="testGetRelationships[43]" classname="com.basistech.rosette.api.RosetteAPITest" time="0.017"/>
  <testcase name="testGetCategories[43]" classname="com.basistech.rosette.api.RosetteAPITest" time="0.014"/>
  <testcase name="testGetSyntaxDependencies[43]" classname="com.basistech.rosette.api.RosetteAPITest" time="0.03"/>
  <testcase name="testGetRelationshipsURL[43]" classname="com.basistech.rosette.api.RosetteAPITest" time="0.016"/>
  <testcase name="testGetMorphologyDoc[43]" classname="com.basistech.rosette.api.RosetteAPITest" time="0.017"/>
  <testcase name="testGetMorphologyURL[43]" classname="com.basistech.rosette.api.RosetteAPITest" time="0.016"/>
  <testcase name="testGetSyntaxDependenciesURL[43]" classname="com.basistech.rosette.api.RosetteAPITest" time="0.015"/>
  <testcase name="testNonIgnoredUnknownField[43]" classname="com.basistech.rosette.api.RosetteAPITest" time="0.013"/>
  <testcase name="testGetEntityDoc[43]" classname="com.basistech.rosette.api.RosetteAPITest" time="0.019"/>
  <testcase name="testGetEntityURL[43]" classname="com.basistech.rosette.api.RosetteAPITest" time="0.015"/>
  <testcase name="testNameDeduplication[43]" classname="com.basistech.rosette.api.RosetteAPITest" time="0.012"/>
  <testcase name="testGetLanguageDoc[43]" classname="com.basistech.rosette.api.RosetteAPITest" time="0.029"/>
  <testcase name="testGetLanguageURL[43]" classname="com.basistech.rosette.api.RosetteAPITest" time="0.014"/>
  <testcase name="testMatchName[43]" classname="com.basistech.rosette.api.RosetteAPITest" time="0.014"/>
  <testcase name="testGetSentiment[43]" classname="com.basistech.rosette.api.RosetteAPITest" time="0.026"/>
  <testcase name="testGetCategoriesURL[43]" classname="com.basistech.rosette.api.RosetteAPITest" time="0.017"/>
  <testcase name="testGetSentimentURL[44]" classname="com.basistech.rosette.api.RosetteAPITest" time="0.014"/>
  <testcase name="testIgnoredUnknownField[44]" classname="com.basistech.rosette.api.RosetteAPITest" time="0.015"/>
  <testcase name="testTranslateName[44]" classname="com.basistech.rosette.api.RosetteAPITest" time="0.016"/>
  <testcase name="testGetRelationships[44]" classname="com.basistech.rosette.api.RosetteAPITest" time="0.015"/>
  <testcase name="testGetCategories[44]" classname="com.basistech.rosette.api.RosetteAPITest" time="0.015"/>
  <testcase name="testGetSyntaxDependencies[44]" classname="com.basistech.rosette.api.RosetteAPITest" time="0.023"/>
  <testcase name="testGetRelationshipsURL[44]" classname="com.basistech.rosette.api.RosetteAPITest" time="0.015"/>
  <testcase name="testGetMorphologyDoc[44]" classname="com.basistech.rosette.api.RosetteAPITest" time="0.015"/>
  <testcase name="testGetMorphologyURL[44]" classname="com.basistech.rosette.api.RosetteAPITest" time="0.014"/>
  <testcase name="testGetSyntaxDependenciesURL[44]" classname="com.basistech.rosette.api.RosetteAPITest" time="0.014"/>
  <testcase name="testNonIgnoredUnknownField[44]" classname="com.basistech.rosette.api.RosetteAPITest" time="0.016"/>
  <testcase name="testGetEntityDoc[44]" classname="com.basistech.rosette.api.RosetteAPITest" time="0.012"/>
  <testcase name="testGetEntityURL[44]" classname="com.basistech.rosette.api.RosetteAPITest" time="0.014"/>
  <testcase name="testNameDeduplication[44]" classname="com.basistech.rosette.api.RosetteAPITest" time="0.015"/>
  <testcase name="testGetLanguageDoc[44]" classname="com.basistech.rosette.api.RosetteAPITest" time="0.016"/>
  <testcase name="testGetLanguageURL[44]" classname="com.basistech.rosette.api.RosetteAPITest" time="0.014"/>
  <testcase name="testMatchName[44]" classname="com.basistech.rosette.api.RosetteAPITest" time="0.019"/>
  <testcase name="testGetSentiment[44]" classname="com.basistech.rosette.api.RosetteAPITest" time="0.021"/>
  <testcase name="testGetCategoriesURL[44]" classname="com.basistech.rosette.api.RosetteAPITest" time="0.014"/>
  <testcase name="testGetSentimentURL[45]" classname="com.basistech.rosette.api.RosetteAPITest" time="0.018"/>
  <testcase name="testIgnoredUnknownField[45]" classname="com.basistech.rosette.api.RosetteAPITest" time="0.016"/>
  <testcase name="testTranslateName[45]" classname="com.basistech.rosette.api.RosetteAPITest" time="0.015"/>
  <testcase name="testGetRelationships[45]" classname="com.basistech.rosette.api.RosetteAPITest" time="0.015"/>
  <testcase name="testGetCategories[45]" classname="com.basistech.rosette.api.RosetteAPITest" time="0.015"/>
  <testcase name="testGetSyntaxDependencies[45]" classname="com.basistech.rosette.api.RosetteAPITest" time="0.014"/>
  <testcase name="testGetRelationshipsURL[45]" classname="com.basistech.rosette.api.RosetteAPITest" time="0.015"/>
  <testcase name="testGetMorphologyDoc[45]" classname="com.basistech.rosette.api.RosetteAPITest" time="0.016"/>
  <testcase name="testGetMorphologyURL[45]" classname="com.basistech.rosette.api.RosetteAPITest" time="0.014"/>
  <testcase name="testGetSyntaxDependenciesURL[45]" classname="com.basistech.rosette.api.RosetteAPITest" time="0.016"/>
  <testcase name="testNonIgnoredUnknownField[45]" classname="com.basistech.rosette.api.RosetteAPITest" time="0.014"/>
  <testcase name="testGetEntityDoc[45]" classname="com.basistech.rosette.api.RosetteAPITest" time="0.014"/>
  <testcase name="testGetEntityURL[45]" classname="com.basistech.rosette.api.RosetteAPITest" time="0.015"/>
  <testcase name="testNameDeduplication[45]" classname="com.basistech.rosette.api.RosetteAPITest" time="0.014"/>
  <testcase name="testGetLanguageDoc[45]" classname="com.basistech.rosette.api.RosetteAPITest" time="0.015"/>
  <testcase name="testGetLanguageURL[45]" classname="com.basistech.rosette.api.RosetteAPITest" time="0.014"/>
  <testcase name="testMatchName[45]" classname="com.basistech.rosette.api.RosetteAPITest" time="0.023"/>
  <testcase name="testGetSentiment[45]" classname="com.basistech.rosette.api.RosetteAPITest" time="0.02"/>
  <testcase name="testGetCategoriesURL[45]" classname="com.basistech.rosette.api.RosetteAPITest" time="0.015"/>
  <testcase name="testGetSentimentURL[46]" classname="com.basistech.rosette.api.RosetteAPITest" time="0.018"/>
  <testcase name="testIgnoredUnknownField[46]" classname="com.basistech.rosette.api.RosetteAPITest" time="0.016"/>
  <testcase name="testTranslateName[46]" classname="com.basistech.rosette.api.RosetteAPITest" time="0.015"/>
  <testcase name="testGetRelationships[46]" classname="com.basistech.rosette.api.RosetteAPITest" time="0.016"/>
  <testcase name="testGetCategories[46]" classname="com.basistech.rosette.api.RosetteAPITest" time="0.015"/>
  <testcase name="testGetSyntaxDependencies[46]" classname="com.basistech.rosette.api.RosetteAPITest" time="0.014"/>
  <testcase name="testGetRelationshipsURL[46]" classname="com.basistech.rosette.api.RosetteAPITest" time="0.014"/>
  <testcase name="testGetMorphologyDoc[46]" classname="com.basistech.rosette.api.RosetteAPITest" time="0.014"/>
  <testcase name="testGetMorphologyURL[46]" classname="com.basistech.rosette.api.RosetteAPITest" time="0.014"/>
  <testcase name="testGetSyntaxDependenciesURL[46]" classname="com.basistech.rosette.api.RosetteAPITest" time="0.015"/>
  <testcase name="testNonIgnoredUnknownField[46]" classname="com.basistech.rosette.api.RosetteAPITest" time="0.013"/>
  <testcase name="testGetEntityDoc[46]" classname="com.basistech.rosette.api.RosetteAPITest" time="0.013"/>
  <testcase name="testGetEntityURL[46]" classname="com.basistech.rosette.api.RosetteAPITest" time="0.016"/>
  <testcase name="testNameDeduplication[46]" classname="com.basistech.rosette.api.RosetteAPITest" time="0.014"/>
  <testcase name="testGetLanguageDoc[46]" classname="com.basistech.rosette.api.RosetteAPITest" time="0.014"/>
  <testcase name="testGetLanguageURL[46]" classname="com.basistech.rosette.api.RosetteAPITest" time="0.015"/>
  <testcase name="testMatchName[46]" classname="com.basistech.rosette.api.RosetteAPITest" time="0.014"/>
  <testcase name="testGetSentiment[46]" classname="com.basistech.rosette.api.RosetteAPITest" time="0.014"/>
  <testcase name="testGetCategoriesURL[46]" classname="com.basistech.rosette.api.RosetteAPITest" time="0.014"/>
  <testcase name="testGetSentimentURL[47]" classname="com.basistech.rosette.api.RosetteAPITest" time="0.015"/>
  <testcase name="testIgnoredUnknownField[47]" classname="com.basistech.rosette.api.RosetteAPITest" time="0.021"/>
  <testcase name="testTranslateName[47]" classname="com.basistech.rosette.api.RosetteAPITest" time="0.019"/>
  <testcase name="testGetRelationships[47]" classname="com.basistech.rosette.api.RosetteAPITest" time="0.014"/>
  <testcase name="testGetCategories[47]" classname="com.basistech.rosette.api.RosetteAPITest" time="0.015"/>
  <testcase name="testGetSyntaxDependencies[47]" classname="com.basistech.rosette.api.RosetteAPITest" time="0.023"/>
  <testcase name="testGetRelationshipsURL[47]" classname="com.basistech.rosette.api.RosetteAPITest" time="0.014"/>
  <testcase name="testGetMorphologyDoc[47]" classname="com.basistech.rosette.api.RosetteAPITest" time="0.014"/>
  <testcase name="testGetMorphologyURL[47]" classname="com.basistech.rosette.api.RosetteAPITest" time="0.015"/>
  <testcase name="testGetSyntaxDependenciesURL[47]" classname="com.basistech.rosette.api.RosetteAPITest" time="0.014"/>
  <testcase name="testNonIgnoredUnknownField[47]" classname="com.basistech.rosette.api.RosetteAPITest" time="0.015"/>
  <testcase name="testGetEntityDoc[47]" classname="com.basistech.rosette.api.RosetteAPITest" time="0.019"/>
  <testcase name="testGetEntityURL[47]" classname="com.basistech.rosette.api.RosetteAPITest" time="0.023"/>
  <testcase name="testNameDeduplication[47]" classname="com.basistech.rosette.api.RosetteAPITest" time="0.016"/>
  <testcase name="testGetLanguageDoc[47]" classname="com.basistech.rosette.api.RosetteAPITest" time="0.015"/>
  <testcase name="testGetLanguageURL[47]" classname="com.basistech.rosette.api.RosetteAPITest" time="0.031"/>
  <testcase name="testMatchName[47]" classname="com.basistech.rosette.api.RosetteAPITest" time="0.015"/>
  <testcase name="testGetSentiment[47]" classname="com.basistech.rosette.api.RosetteAPITest" time="0.014"/>
  <testcase name="testGetCategoriesURL[47]" classname="com.basistech.rosette.api.RosetteAPITest" time="0.028"/>
  <testcase name="testGetSentimentURL[48]" classname="com.basistech.rosette.api.RosetteAPITest" time="0.015"/>
  <testcase name="testIgnoredUnknownField[48]" classname="com.basistech.rosette.api.RosetteAPITest" time="0.019"/>
  <testcase name="testTranslateName[48]" classname="com.basistech.rosette.api.RosetteAPITest" time="0.015"/>
  <testcase name="testGetRelationships[48]" classname="com.basistech.rosette.api.RosetteAPITest" time="0.015"/>
  <testcase name="testGetCategories[48]" classname="com.basistech.rosette.api.RosetteAPITest" time="0.017"/>
  <testcase name="testGetSyntaxDependencies[48]" classname="com.basistech.rosette.api.RosetteAPITest" time="0.019"/>
  <testcase name="testGetRelationshipsURL[48]" classname="com.basistech.rosette.api.RosetteAPITest" time="0.014"/>
  <testcase name="testGetMorphologyDoc[48]" classname="com.basistech.rosette.api.RosetteAPITest" time="0.014"/>
  <testcase name="testGetMorphologyURL[48]" classname="com.basistech.rosette.api.RosetteAPITest" time="0.015"/>
  <testcase name="testGetSyntaxDependenciesURL[48]" classname="com.basistech.rosette.api.RosetteAPITest" time="0.015"/>
  <testcase name="testNonIgnoredUnknownField[48]" classname="com.basistech.rosette.api.RosetteAPITest" time="0.014"/>
  <testcase name="testGetEntityDoc[48]" classname="com.basistech.rosette.api.RosetteAPITest" time="0.015"/>
  <testcase name="testGetEntityURL[48]" classname="com.basistech.rosette.api.RosetteAPITest" time="0.02"/>
  <testcase name="testNameDeduplication[48]" classname="com.basistech.rosette.api.RosetteAPITest" time="0.017"/>
  <testcase name="testGetLanguageDoc[48]" classname="com.basistech.rosette.api.RosetteAPITest" time="0.015"/>
  <testcase name="testGetLanguageURL[48]" classname="com.basistech.rosette.api.RosetteAPITest" time="0.014"/>
  <testcase name="testMatchName[48]" classname="com.basistech.rosette.api.RosetteAPITest" time="0.015"/>
  <testcase name="testGetSentiment[48]" classname="com.basistech.rosette.api.RosetteAPITest" time="0.014"/>
  <testcase name="testGetCategoriesURL[48]" classname="com.basistech.rosette.api.RosetteAPITest" time="0.015"/>
  <testcase name="testGetSentimentURL[49]" classname="com.basistech.rosette.api.RosetteAPITest" time="0.017"/>
  <testcase name="testIgnoredUnknownField[49]" classname="com.basistech.rosette.api.RosetteAPITest" time="0.014"/>
  <testcase name="testTranslateName[49]" classname="com.basistech.rosette.api.RosetteAPITest" time="0.015"/>
  <testcase name="testGetRelationships[49]" classname="com.basistech.rosette.api.RosetteAPITest" time="0.014"/>
  <testcase name="testGetCategories[49]" classname="com.basistech.rosette.api.RosetteAPITest" time="0.015"/>
  <testcase name="testGetSyntaxDependencies[49]" classname="com.basistech.rosette.api.RosetteAPITest" time="0.014"/>
  <testcase name="testGetRelationshipsURL[49]" classname="com.basistech.rosette.api.RosetteAPITest" time="0.027"/>
  <testcase name="testGetMorphologyDoc[49]" classname="com.basistech.rosette.api.RosetteAPITest" time="0.015"/>
  <testcase name="testGetMorphologyURL[49]" classname="com.basistech.rosette.api.RosetteAPITest" time="0.015"/>
  <testcase name="testGetSyntaxDependenciesURL[49]" classname="com.basistech.rosette.api.RosetteAPITest" time="0.03"/>
  <testcase name="testNonIgnoredUnknownField[49]" classname="com.basistech.rosette.api.RosetteAPITest" time="0.015"/>
  <testcase name="testGetEntityDoc[49]" classname="com.basistech.rosette.api.RosetteAPITest" time="0.014"/>
  <testcase name="testGetEntityURL[49]" classname="com.basistech.rosette.api.RosetteAPITest" time="0.017"/>
  <testcase name="testNameDeduplication[49]" classname="com.basistech.rosette.api.RosetteAPITest" time="0.015"/>
  <testcase name="testGetLanguageDoc[49]" classname="com.basistech.rosette.api.RosetteAPITest" time="0.034"/>
  <testcase name="testGetLanguageURL[49]" classname="com.basistech.rosette.api.RosetteAPITest" time="0.014"/>
  <testcase name="testMatchName[49]" classname="com.basistech.rosette.api.RosetteAPITest" time="0.014"/>
  <testcase name="testGetSentiment[49]" classname="com.basistech.rosette.api.RosetteAPITest" time="0.024"/>
  <testcase name="testGetCategoriesURL[49]" classname="com.basistech.rosette.api.RosetteAPITest" time="0.015"/>
  <testcase name="testGetSentimentURL[50]" classname="com.basistech.rosette.api.RosetteAPITest" time="0.015"/>
  <testcase name="testIgnoredUnknownField[50]" classname="com.basistech.rosette.api.RosetteAPITest" time="0.014"/>
  <testcase name="testTranslateName[50]" classname="com.basistech.rosette.api.RosetteAPITest" time="0.023"/>
  <testcase name="testGetRelationships[50]" classname="com.basistech.rosette.api.RosetteAPITest" time="0.015"/>
  <testcase name="testGetCategories[50]" classname="com.basistech.rosette.api.RosetteAPITest" time="0.014"/>
  <testcase name="testGetSyntaxDependencies[50]" classname="com.basistech.rosette.api.RosetteAPITest" time="0.016"/>
  <testcase name="testGetRelationshipsURL[50]" classname="com.basistech.rosette.api.RosetteAPITest" time="0.017"/>
  <testcase name="testGetMorphologyDoc[50]" classname="com.basistech.rosette.api.RosetteAPITest" time="0.015"/>
  <testcase name="testGetMorphologyURL[50]" classname="com.basistech.rosette.api.RosetteAPITest" time="0.03"/>
  <testcase name="testGetSyntaxDependenciesURL[50]" classname="com.basistech.rosette.api.RosetteAPITest" time="0.032"/>
  <testcase name="testNonIgnoredUnknownField[50]" classname="com.basistech.rosette.api.RosetteAPITest" time="0.015"/>
  <testcase name="testGetEntityDoc[50]" classname="com.basistech.rosette.api.RosetteAPITest" time="0.015"/>
  <testcase name="testGetEntityURL[50]" classname="com.basistech.rosette.api.RosetteAPITest" time="0.014"/>
  <testcase name="testNameDeduplication[50]" classname="com.basistech.rosette.api.RosetteAPITest" time="0.021"/>
  <testcase name="testGetLanguageDoc[50]" classname="com.basistech.rosette.api.RosetteAPITest" time="0.017"/>
  <testcase name="testGetLanguageURL[50]" classname="com.basistech.rosette.api.RosetteAPITest" time="0.019"/>
  <testcase name="testMatchName[50]" classname="com.basistech.rosette.api.RosetteAPITest" time="0.014"/>
  <testcase name="testGetSentiment[50]" classname="com.basistech.rosette.api.RosetteAPITest" time="0.016"/>
  <testcase name="testGetCategoriesURL[50]" classname="com.basistech.rosette.api.RosetteAPITest" time="0.015"/>
  <testcase name="testGetSentimentURL[51]" classname="com.basistech.rosette.api.RosetteAPITest" time="0.014"/>
  <testcase name="testIgnoredUnknownField[51]" classname="com.basistech.rosette.api.RosetteAPITest" time="0.018"/>
  <testcase name="testTranslateName[51]" classname="com.basistech.rosette.api.RosetteAPITest" time="0.013"/>
  <testcase name="testGetRelationships[51]" classname="com.basistech.rosette.api.RosetteAPITest" time="0.015"/>
  <testcase name="testGetCategories[51]" classname="com.basistech.rosette.api.RosetteAPITest" time="0.025"/>
  <testcase name="testGetSyntaxDependencies[51]" classname="com.basistech.rosette.api.RosetteAPITest" time="0.016"/>
  <testcase name="testGetRelationshipsURL[51]" classname="com.basistech.rosette.api.RosetteAPITest" time="0.014"/>
  <testcase name="testGetMorphologyDoc[51]" classname="com.basistech.rosette.api.RosetteAPITest" time="0.02"/>
  <testcase name="testGetMorphologyURL[51]" classname="com.basistech.rosette.api.RosetteAPITest" time="0.013"/>
  <testcase name="testGetSyntaxDependenciesURL[51]" classname="com.basistech.rosette.api.RosetteAPITest" time="0.014"/>
  <testcase name="testNonIgnoredUnknownField[51]" classname="com.basistech.rosette.api.RosetteAPITest" time="0.015"/>
  <testcase name="testGetEntityDoc[51]" classname="com.basistech.rosette.api.RosetteAPITest" time="0.013"/>
  <testcase name="testGetEntityURL[51]" classname="com.basistech.rosette.api.RosetteAPITest" time="0.018"/>
  <testcase name="testNameDeduplication[51]" classname="com.basistech.rosette.api.RosetteAPITest" time="0.017"/>
  <testcase name="testGetLanguageDoc[51]" classname="com.basistech.rosette.api.RosetteAPITest" time="0.015"/>
  <testcase name="testGetLanguageURL[51]" classname="com.basistech.rosette.api.RosetteAPITest" time="0.014"/>
  <testcase name="testMatchName[51]" classname="com.basistech.rosette.api.RosetteAPITest" time="0.015"/>
  <testcase name="testGetSentiment[51]" classname="com.basistech.rosette.api.RosetteAPITest" time="0.014"/>
  <testcase name="testGetCategoriesURL[51]" classname="com.basistech.rosette.api.RosetteAPITest" time="0.014"/>
  <testcase name="testGetSentimentURL[52]" classname="com.basistech.rosette.api.RosetteAPITest" time="0.017"/>
  <testcase name="testIgnoredUnknownField[52]" classname="com.basistech.rosette.api.RosetteAPITest" time="0.014"/>
  <testcase name="testTranslateName[52]" classname="com.basistech.rosette.api.RosetteAPITest" time="0.015"/>
  <testcase name="testGetRelationships[52]" classname="com.basistech.rosette.api.RosetteAPITest" time="0.014"/>
  <testcase name="testGetCategories[52]" classname="com.basistech.rosette.api.RosetteAPITest" time="0.015"/>
  <testcase name="testGetSyntaxDependencies[52]" classname="com.basistech.rosette.api.RosetteAPITest" time="0.015"/>
  <testcase name="testGetRelationshipsURL[52]" classname="com.basistech.rosette.api.RosetteAPITest" time="0.02"/>
  <testcase name="testGetMorphologyDoc[52]" classname="com.basistech.rosette.api.RosetteAPITest" time="0.014"/>
  <testcase name="testGetMorphologyURL[52]" classname="com.basistech.rosette.api.RosetteAPITest" time="0.014"/>
  <testcase name="testGetSyntaxDependenciesURL[52]" classname="com.basistech.rosette.api.RosetteAPITest" time="0.015"/>
  <testcase name="testNonIgnoredUnknownField[52]" classname="com.basistech.rosette.api.RosetteAPITest" time="0.014"/>
  <testcase name="testGetEntityDoc[52]" classname="com.basistech.rosette.api.RosetteAPITest" time="0.015"/>
  <testcase name="testGetEntityURL[52]" classname="com.basistech.rosette.api.RosetteAPITest" time="0.016"/>
  <testcase name="testNameDeduplication[52]" classname="com.basistech.rosette.api.RosetteAPITest" time="0.013"/>
  <testcase name="testGetLanguageDoc[52]" classname="com.basistech.rosette.api.RosetteAPITest" time="0.014"/>
  <testcase name="testGetLanguageURL[52]" classname="com.basistech.rosette.api.RosetteAPITest" time="0.014"/>
  <testcase name="testMatchName[52]" classname="com.basistech.rosette.api.RosetteAPITest" time="0.014"/>
  <testcase name="testGetSentiment[52]" classname="com.basistech.rosette.api.RosetteAPITest" time="0.017"/>
  <testcase name="testGetCategoriesURL[52]" classname="com.basistech.rosette.api.RosetteAPITest" time="0.015"/>
  <testcase name="testGetSentimentURL[53]" classname="com.basistech.rosette.api.RosetteAPITest" time="0.015"/>
  <testcase name="testIgnoredUnknownField[53]" classname="com.basistech.rosette.api.RosetteAPITest" time="0.015"/>
  <testcase name="testTranslateName[53]" classname="com.basistech.rosette.api.RosetteAPITest" time="0.013"/>
  <testcase name="testGetRelationships[53]" classname="com.basistech.rosette.api.RosetteAPITest" time="0.015"/>
  <testcase name="testGetCategories[53]" classname="com.basistech.rosette.api.RosetteAPITest" time="0.023"/>
  <testcase name="testGetSyntaxDependencies[53]" classname="com.basistech.rosette.api.RosetteAPITest" time="0.014"/>
  <testcase name="testGetRelationshipsURL[53]" classname="com.basistech.rosette.api.RosetteAPITest" time="0.014"/>
  <testcase name="testGetMorphologyDoc[53]" classname="com.basistech.rosette.api.RosetteAPITest" time="0.014"/>
  <testcase name="testGetMorphologyURL[53]" classname="com.basistech.rosette.api.RosetteAPITest" time="0.015"/>
  <testcase name="testGetSyntaxDependenciesURL[53]" classname="com.basistech.rosette.api.RosetteAPITest" time="0.014"/>
  <testcase name="testNonIgnoredUnknownField[53]" classname="com.basistech.rosette.api.RosetteAPITest" time="0.017"/>
  <testcase name="testGetEntityDoc[53]" classname="com.basistech.rosette.api.RosetteAPITest" time="0.015"/>
  <testcase name="testGetEntityURL[53]" classname="com.basistech.rosette.api.RosetteAPITest" time="0.013"/>
  <testcase name="testNameDeduplication[53]" classname="com.basistech.rosette.api.RosetteAPITest" time="0.013"/>
  <testcase name="testGetLanguageDoc[53]" classname="com.basistech.rosette.api.RosetteAPITest" time="0.014"/>
  <testcase name="testGetLanguageURL[53]" classname="com.basistech.rosette.api.RosetteAPITest" time="0.014"/>
  <testcase name="testMatchName[53]" classname="com.basistech.rosette.api.RosetteAPITest" time="0.023"/>
  <testcase name="testGetSentiment[53]" classname="com.basistech.rosette.api.RosetteAPITest" time="0.015"/>
  <testcase name="testGetCategoriesURL[53]" classname="com.basistech.rosette.api.RosetteAPITest" time="0.014"/>
  <testcase name="testGetSentimentURL[54]" classname="com.basistech.rosette.api.RosetteAPITest" time="0.014"/>
  <testcase name="testIgnoredUnknownField[54]" classname="com.basistech.rosette.api.RosetteAPITest" time="0.022"/>
  <testcase name="testTranslateName[54]" classname="com.basistech.rosette.api.RosetteAPITest" time="0.017"/>
  <testcase name="testGetRelationships[54]" classname="com.basistech.rosette.api.RosetteAPITest" time="0.014"/>
  <testcase name="testGetCategories[54]" classname="com.basistech.rosette.api.RosetteAPITest" time="0.017"/>
  <testcase name="testGetSyntaxDependencies[54]" classname="com.basistech.rosette.api.RosetteAPITest" time="0.014"/>
  <testcase name="testGetRelationshipsURL[54]" classname="com.basistech.rosette.api.RosetteAPITest" time="0.015"/>
  <testcase name="testGetMorphologyDoc[54]" classname="com.basistech.rosette.api.RosetteAPITest" time="0.013"/>
  <testcase name="testGetMorphologyURL[54]" classname="com.basistech.rosette.api.RosetteAPITest" time="0.021"/>
  <testcase name="testGetSyntaxDependenciesURL[54]" classname="com.basistech.rosette.api.RosetteAPITest" time="0.015"/>
  <testcase name="testNonIgnoredUnknownField[54]" classname="com.basistech.rosette.api.RosetteAPITest" time="0.018"/>
  <testcase name="testGetEntityDoc[54]" classname="com.basistech.rosette.api.RosetteAPITest" time="0.019"/>
  <testcase name="testGetEntityURL[54]" classname="com.basistech.rosette.api.RosetteAPITest" time="0.015"/>
  <testcase name="testNameDeduplication[54]" classname="com.basistech.rosette.api.RosetteAPITest" time="0.021"/>
  <testcase name="testGetLanguageDoc[54]" classname="com.basistech.rosette.api.RosetteAPITest" time="0.015"/>
  <testcase name="testGetLanguageURL[54]" classname="com.basistech.rosette.api.RosetteAPITest" time="0.013"/>
  <testcase name="testMatchName[54]" classname="com.basistech.rosette.api.RosetteAPITest" time="0.016"/>
  <testcase name="testGetSentiment[54]" classname="com.basistech.rosette.api.RosetteAPITest" time="0.015"/>
  <testcase name="testGetCategoriesURL[54]" classname="com.basistech.rosette.api.RosetteAPITest" time="0.013"/>
  <testcase name="testGetSentimentURL[55]" classname="com.basistech.rosette.api.RosetteAPITest" time="0.014"/>
  <testcase name="testIgnoredUnknownField[55]" classname="com.basistech.rosette.api.RosetteAPITest" time="0.027"/>
  <testcase name="testTranslateName[55]" classname="com.basistech.rosette.api.RosetteAPITest" time="0.015"/>
  <testcase name="testGetRelationships[55]" classname="com.basistech.rosette.api.RosetteAPITest" time="0.018"/>
  <testcase name="testGetCategories[55]" classname="com.basistech.rosette.api.RosetteAPITest" time="0.015"/>
  <testcase name="testGetSyntaxDependencies[55]" classname="com.basistech.rosette.api.RosetteAPITest" time="0.015"/>
  <testcase name="testGetRelationshipsURL[55]" classname="com.basistech.rosette.api.RosetteAPITest" time="0.014"/>
  <testcase name="testGetMorphologyDoc[55]" classname="com.basistech.rosette.api.RosetteAPITest" time="0.014"/>
  <testcase name="testGetMorphologyURL[55]" classname="com.basistech.rosette.api.RosetteAPITest" time="0.016"/>
  <testcase name="testGetSyntaxDependenciesURL[55]" classname="com.basistech.rosette.api.RosetteAPITest" time="0.016"/>
  <testcase name="testNonIgnoredUnknownField[55]" classname="com.basistech.rosette.api.RosetteAPITest" time="0.03"/>
  <testcase name="testGetEntityDoc[55]" classname="com.basistech.rosette.api.RosetteAPITest" time="0.018"/>
  <testcase name="testGetEntityURL[55]" classname="com.basistech.rosette.api.RosetteAPITest" time="0.015"/>
  <testcase name="testNameDeduplication[55]" classname="com.basistech.rosette.api.RosetteAPITest" time="0.014"/>
  <testcase name="testGetLanguageDoc[55]" classname="com.basistech.rosette.api.RosetteAPITest" time="0.015"/>
  <testcase name="testGetLanguageURL[55]" classname="com.basistech.rosette.api.RosetteAPITest" time="0.018"/>
  <testcase name="testMatchName[55]" classname="com.basistech.rosette.api.RosetteAPITest" time="0.014"/>
  <testcase name="testGetSentiment[55]" classname="com.basistech.rosette.api.RosetteAPITest" time="0.014"/>
  <testcase name="testGetCategoriesURL[55]" classname="com.basistech.rosette.api.RosetteAPITest" time="0.016"/>
  <testcase name="testGetSentimentURL[56]" classname="com.basistech.rosette.api.RosetteAPITest" time="0.015"/>
  <testcase name="testIgnoredUnknownField[56]" classname="com.basistech.rosette.api.RosetteAPITest" time="0.037"/>
  <testcase name="testTranslateName[56]" classname="com.basistech.rosette.api.RosetteAPITest" time="0.014"/>
  <testcase name="testGetRelationships[56]" classname="com.basistech.rosette.api.RosetteAPITest" time="0.017"/>
  <testcase name="testGetCategories[56]" classname="com.basistech.rosette.api.RosetteAPITest" time="0.015"/>
  <testcase name="testGetSyntaxDependencies[56]" classname="com.basistech.rosette.api.RosetteAPITest" time="0.014"/>
  <testcase name="testGetRelationshipsURL[56]" classname="com.basistech.rosette.api.RosetteAPITest" time="0.014"/>
  <testcase name="testGetMorphologyDoc[56]" classname="com.basistech.rosette.api.RosetteAPITest" time="0.014"/>
  <testcase name="testGetMorphologyURL[56]" classname="com.basistech.rosette.api.RosetteAPITest" time="0.014"/>
  <testcase name="testGetSyntaxDependenciesURL[56]" classname="com.basistech.rosette.api.RosetteAPITest" time="0.015"/>
  <testcase name="testNonIgnoredUnknownField[56]" classname="com.basistech.rosette.api.RosetteAPITest" time="0.015"/>
  <testcase name="testGetEntityDoc[56]" classname="com.basistech.rosette.api.RosetteAPITest" time="0.028"/>
  <testcase name="testGetEntityURL[56]" classname="com.basistech.rosette.api.RosetteAPITest" time="0.017"/>
  <testcase name="testNameDeduplication[56]" classname="com.basistech.rosette.api.RosetteAPITest" time="0.013"/>
  <testcase name="testGetLanguageDoc[56]" classname="com.basistech.rosette.api.RosetteAPITest" time="0.013"/>
  <testcase name="testGetLanguageURL[56]" classname="com.basistech.rosette.api.RosetteAPITest" time="0.014"/>
  <testcase name="testMatchName[56]" classname="com.basistech.rosette.api.RosetteAPITest" time="0.014"/>
  <testcase name="testGetSentiment[56]" classname="com.basistech.rosette.api.RosetteAPITest" time="0.014"/>
  <testcase name="testGetCategoriesURL[56]" classname="com.basistech.rosette.api.RosetteAPITest" time="0.019"/>
  <testcase name="testGetSentimentURL[57]" classname="com.basistech.rosette.api.RosetteAPITest" time="0.018"/>
  <testcase name="testIgnoredUnknownField[57]" classname="com.basistech.rosette.api.RosetteAPITest" time="0.024"/>
  <testcase name="testTranslateName[57]" classname="com.basistech.rosette.api.RosetteAPITest" time="0.014"/>
  <testcase name="testGetRelationships[57]" classname="com.basistech.rosette.api.RosetteAPITest" time="0.015"/>
  <testcase name="testGetCategories[57]" classname="com.basistech.rosette.api.RosetteAPITest" time="0.025"/>
  <testcase name="testGetSyntaxDependencies[57]" classname="com.basistech.rosette.api.RosetteAPITest" time="0.014"/>
  <testcase name="testGetRelationshipsURL[57]" classname="com.basistech.rosette.api.RosetteAPITest" time="0.014"/>
  <testcase name="testGetMorphologyDoc[57]" classname="com.basistech.rosette.api.RosetteAPITest" time="0.015"/>
  <testcase name="testGetMorphologyURL[57]" classname="com.basistech.rosette.api.RosetteAPITest" time="0.017"/>
  <testcase name="testGetSyntaxDependenciesURL[57]" classname="com.basistech.rosette.api.RosetteAPITest" time="0.017"/>
  <testcase name="testNonIgnoredUnknownField[57]" classname="com.basistech.rosette.api.RosetteAPITest" time="0.014"/>
  <testcase name="testGetEntityDoc[57]" classname="com.basistech.rosette.api.RosetteAPITest" time="0.015"/>
  <testcase name="testGetEntityURL[57]" classname="com.basistech.rosette.api.RosetteAPITest" time="0.014"/>
  <testcase name="testNameDeduplication[57]" classname="com.basistech.rosette.api.RosetteAPITest" time="0.035"/>
  <testcase name="testGetLanguageDoc[57]" classname="com.basistech.rosette.api.RosetteAPITest" time="0.018"/>
  <testcase name="testGetLanguageURL[57]" classname="com.basistech.rosette.api.RosetteAPITest" time="0.014"/>
  <testcase name="testMatchName[57]" classname="com.basistech.rosette.api.RosetteAPITest" time="0.014"/>
  <testcase name="testGetSentiment[57]" classname="com.basistech.rosette.api.RosetteAPITest" time="0.014"/>
  <testcase name="testGetCategoriesURL[57]" classname="com.basistech.rosette.api.RosetteAPITest" time="0.015"/>
  <testcase name="testGetSentimentURL[58]" classname="com.basistech.rosette.api.RosetteAPITest" time="0.021"/>
  <testcase name="testIgnoredUnknownField[58]" classname="com.basistech.rosette.api.RosetteAPITest" time="0.02"/>
  <testcase name="testTranslateName[58]" classname="com.basistech.rosette.api.RosetteAPITest" time="0.019"/>
  <testcase name="testGetRelationships[58]" classname="com.basistech.rosette.api.RosetteAPITest" time="0.016"/>
  <testcase name="testGetCategories[58]" classname="com.basistech.rosette.api.RosetteAPITest" time="0.02"/>
  <testcase name="testGetSyntaxDependencies[58]" classname="com.basistech.rosette.api.RosetteAPITest" time="0.016"/>
  <testcase name="testGetRelationshipsURL[58]" classname="com.basistech.rosette.api.RosetteAPITest" time="0.049"/>
  <testcase name="testGetMorphologyDoc[58]" classname="com.basistech.rosette.api.RosetteAPITest" time="0.021"/>
  <testcase name="testGetMorphologyURL[58]" classname="com.basistech.rosette.api.RosetteAPITest" time="0.027"/>
  <testcase name="testGetSyntaxDependenciesURL[58]" classname="com.basistech.rosette.api.RosetteAPITest" time="0.032"/>
  <testcase name="testNonIgnoredUnknownField[58]" classname="com.basistech.rosette.api.RosetteAPITest" time="0.018"/>
  <testcase name="testGetEntityDoc[58]" classname="com.basistech.rosette.api.RosetteAPITest" time="0.016"/>
  <testcase name="testGetEntityURL[58]" classname="com.basistech.rosette.api.RosetteAPITest" time="0.016"/>
  <testcase name="testNameDeduplication[58]" classname="com.basistech.rosette.api.RosetteAPITest" time="0.027"/>
  <testcase name="testGetLanguageDoc[58]" classname="com.basistech.rosette.api.RosetteAPITest" time="0.017"/>
  <testcase name="testGetLanguageURL[58]" classname="com.basistech.rosette.api.RosetteAPITest" time="0.017"/>
  <testcase name="testMatchName[58]" classname="com.basistech.rosette.api.RosetteAPITest" time="0.019"/>
  <testcase name="testGetSentiment[58]" classname="com.basistech.rosette.api.RosetteAPITest" time="0.017"/>
  <testcase name="testGetCategoriesURL[58]" classname="com.basistech.rosette.api.RosetteAPITest" time="0.017"/>
  <testcase name="testGetSentimentURL[59]" classname="com.basistech.rosette.api.RosetteAPITest" time="0.018"/>
  <testcase name="testIgnoredUnknownField[59]" classname="com.basistech.rosette.api.RosetteAPITest" time="0.026"/>
  <testcase name="testTranslateName[59]" classname="com.basistech.rosette.api.RosetteAPITest" time="0.024"/>
  <testcase name="testGetRelationships[59]" classname="com.basistech.rosette.api.RosetteAPITest" time="0.014"/>
  <testcase name="testGetCategories[59]" classname="com.basistech.rosette.api.RosetteAPITest" time="0.016"/>
  <testcase name="testGetSyntaxDependencies[59]" classname="com.basistech.rosette.api.RosetteAPITest" time="0.014"/>
  <testcase name="testGetRelationshipsURL[59]" classname="com.basistech.rosette.api.RosetteAPITest" time="0.015"/>
  <testcase name="testGetMorphologyDoc[59]" classname="com.basistech.rosette.api.RosetteAPITest" time="0.016"/>
  <testcase name="testGetMorphologyURL[59]" classname="com.basistech.rosette.api.RosetteAPITest" time="0.014"/>
  <testcase name="testGetSyntaxDependenciesURL[59]" classname="com.basistech.rosette.api.RosetteAPITest" time="0.015"/>
  <testcase name="testNonIgnoredUnknownField[59]" classname="com.basistech.rosette.api.RosetteAPITest" time="0.014"/>
  <testcase name="testGetEntityDoc[59]" classname="com.basistech.rosette.api.RosetteAPITest" time="0.03"/>
  <testcase name="testGetEntityURL[59]" classname="com.basistech.rosette.api.RosetteAPITest" time="0.019"/>
  <testcase name="testNameDeduplication[59]" classname="com.basistech.rosette.api.RosetteAPITest" time="0.016"/>
  <testcase name="testGetLanguageDoc[59]" classname="com.basistech.rosette.api.RosetteAPITest" time="0.016"/>
  <testcase name="testGetLanguageURL[59]" classname="com.basistech.rosette.api.RosetteAPITest" time="0.017"/>
  <testcase name="testMatchName[59]" classname="com.basistech.rosette.api.RosetteAPITest" time="0.016"/>
  <testcase name="testGetSentiment[59]" classname="com.basistech.rosette.api.RosetteAPITest" time="0.016"/>
  <testcase name="testGetCategoriesURL[59]" classname="com.basistech.rosette.api.RosetteAPITest" time="0.015"/>
  <testcase name="testGetSentimentURL[60]" classname="com.basistech.rosette.api.RosetteAPITest" time="0.014"/>
  <testcase name="testIgnoredUnknownField[60]" classname="com.basistech.rosette.api.RosetteAPITest" time="0.021"/>
  <testcase name="testTranslateName[60]" classname="com.basistech.rosette.api.RosetteAPITest" time="0.014"/>
  <testcase name="testGetRelationships[60]" classname="com.basistech.rosette.api.RosetteAPITest" time="0.014"/>
  <testcase name="testGetCategories[60]" classname="com.basistech.rosette.api.RosetteAPITest" time="0.016"/>
  <testcase name="testGetSyntaxDependencies[60]" classname="com.basistech.rosette.api.RosetteAPITest" time="0.017"/>
  <testcase name="testGetRelationshipsURL[60]" classname="com.basistech.rosette.api.RosetteAPITest" time="0.013"/>
  <testcase name="testGetMorphologyDoc[60]" classname="com.basistech.rosette.api.RosetteAPITest" time="0.014"/>
  <testcase name="testGetMorphologyURL[60]" classname="com.basistech.rosette.api.RosetteAPITest" time="0.014"/>
  <testcase name="testGetSyntaxDependenciesURL[60]" classname="com.basistech.rosette.api.RosetteAPITest" time="0.023"/>
  <testcase name="testNonIgnoredUnknownField[60]" classname="com.basistech.rosette.api.RosetteAPITest" time="0.014"/>
  <testcase name="testGetEntityDoc[60]" classname="com.basistech.rosette.api.RosetteAPITest" time="0.025"/>
  <testcase name="testGetEntityURL[60]" classname="com.basistech.rosette.api.RosetteAPITest" time="0.018"/>
  <testcase name="testNameDeduplication[60]" classname="com.basistech.rosette.api.RosetteAPITest" time="0.013"/>
  <testcase name="testGetLanguageDoc[60]" classname="com.basistech.rosette.api.RosetteAPITest" time="0.014"/>
  <testcase name="testGetLanguageURL[60]" classname="com.basistech.rosette.api.RosetteAPITest" time="0.014"/>
  <testcase name="testMatchName[60]" classname="com.basistech.rosette.api.RosetteAPITest" time="0.014"/>
  <testcase name="testGetSentiment[60]" classname="com.basistech.rosette.api.RosetteAPITest" time="0.016"/>
  <testcase name="testGetCategoriesURL[60]" classname="com.basistech.rosette.api.RosetteAPITest" time="0.014"/>
  <testcase name="testGetSentimentURL[61]" classname="com.basistech.rosette.api.RosetteAPITest" time="0.024"/>
  <testcase name="testIgnoredUnknownField[61]" classname="com.basistech.rosette.api.RosetteAPITest" time="0.015"/>
  <testcase name="testTranslateName[61]" classname="com.basistech.rosette.api.RosetteAPITest" time="0.015"/>
  <testcase name="testGetRelationships[61]" classname="com.basistech.rosette.api.RosetteAPITest" time="0.015"/>
  <testcase name="testGetCategories[61]" classname="com.basistech.rosette.api.RosetteAPITest" time="0.014"/>
  <testcase name="testGetSyntaxDependencies[61]" classname="com.basistech.rosette.api.RosetteAPITest" time="0.015"/>
  <testcase name="testGetRelationshipsURL[61]" classname="com.basistech.rosette.api.RosetteAPITest" time="0.015"/>
  <testcase name="testGetMorphologyDoc[61]" classname="com.basistech.rosette.api.RosetteAPITest" time="0.014"/>
  <testcase name="testGetMorphologyURL[61]" classname="com.basistech.rosette.api.RosetteAPITest" time="0.017"/>
  <testcase name="testGetSyntaxDependenciesURL[61]" classname="com.basistech.rosette.api.RosetteAPITest" time="0.015"/>
  <testcase name="testNonIgnoredUnknownField[61]" classname="com.basistech.rosette.api.RosetteAPITest" time="0.014"/>
  <testcase name="testGetEntityDoc[61]" classname="com.basistech.rosette.api.RosetteAPITest" time="0.016"/>
  <testcase name="testGetEntityURL[61]" classname="com.basistech.rosette.api.RosetteAPITest" time="0.015"/>
  <testcase name="testNameDeduplication[61]" classname="com.basistech.rosette.api.RosetteAPITest" time="0.015"/>
  <testcase name="testGetLanguageDoc[61]" classname="com.basistech.rosette.api.RosetteAPITest" time="0.017"/>
  <testcase name="testGetLanguageURL[61]" classname="com.basistech.rosette.api.RosetteAPITest" time="0.02"/>
  <testcase name="testMatchName[61]" classname="com.basistech.rosette.api.RosetteAPITest" time="0.014"/>
  <testcase name="testGetSentiment[61]" classname="com.basistech.rosette.api.RosetteAPITest" time="0.015"/>
  <testcase name="testGetCategoriesURL[61]" classname="com.basistech.rosette.api.RosetteAPITest" time="0.014"/>
  <testcase name="testGetSentimentURL[62]" classname="com.basistech.rosette.api.RosetteAPITest" time="0.014"/>
  <testcase name="testIgnoredUnknownField[62]" classname="com.basistech.rosette.api.RosetteAPITest" time="0.019"/>
  <testcase name="testTranslateName[62]" classname="com.basistech.rosette.api.RosetteAPITest" time="0.013"/>
  <testcase name="testGetRelationships[62]" classname="com.basistech.rosette.api.RosetteAPITest" time="0.014"/>
  <testcase name="testGetCategories[62]" classname="com.basistech.rosette.api.RosetteAPITest" time="0.014"/>
  <testcase name="testGetSyntaxDependencies[62]" classname="com.basistech.rosette.api.RosetteAPITest" time="0.018"/>
  <testcase name="testGetRelationshipsURL[62]" classname="com.basistech.rosette.api.RosetteAPITest" time="0.014"/>
  <testcase name="testGetMorphologyDoc[62]" classname="com.basistech.rosette.api.RosetteAPITest" time="0.015"/>
  <testcase name="testGetMorphologyURL[62]" classname="com.basistech.rosette.api.RosetteAPITest" time="0.015"/>
  <testcase name="testGetSyntaxDependenciesURL[62]" classname="com.basistech.rosette.api.RosetteAPITest" time="0.013"/>
  <testcase name="testNonIgnoredUnknownField[62]" classname="com.basistech.rosette.api.RosetteAPITest" time="0.014"/>
  <testcase name="testGetEntityDoc[62]" classname="com.basistech.rosette.api.RosetteAPITest" time="0.016"/>
  <testcase name="testGetEntityURL[62]" classname="com.basistech.rosette.api.RosetteAPITest" time="0.013"/>
  <testcase name="testNameDeduplication[62]" classname="com.basistech.rosette.api.RosetteAPITest" time="0.014"/>
  <testcase name="testGetLanguageDoc[62]" classname="com.basistech.rosette.api.RosetteAPITest" time="0.016"/>
  <testcase name="testGetLanguageURL[62]" classname="com.basistech.rosette.api.RosetteAPITest" time="0.016"/>
  <testcase name="testMatchName[62]" classname="com.basistech.rosette.api.RosetteAPITest" time="0.014"/>
  <testcase name="testGetSentiment[62]" classname="com.basistech.rosette.api.RosetteAPITest" time="0.017"/>
  <testcase name="testGetCategoriesURL[62]" classname="com.basistech.rosette.api.RosetteAPITest" time="0.014"/>
  <testcase name="testGetSentimentURL[63]" classname="com.basistech.rosette.api.RosetteAPITest" time="0.018"/>
  <testcase name="testIgnoredUnknownField[63]" classname="com.basistech.rosette.api.RosetteAPITest" time="0.016"/>
  <testcase name="testTranslateName[63]" classname="com.basistech.rosette.api.RosetteAPITest" time="0.024"/>
  <testcase name="testGetRelationships[63]" classname="com.basistech.rosette.api.RosetteAPITest" time="0.03"/>
  <testcase name="testGetCategories[63]" classname="com.basistech.rosette.api.RosetteAPITest" time="0.019"/>
  <testcase name="testGetSyntaxDependencies[63]" classname="com.basistech.rosette.api.RosetteAPITest" time="0.014"/>
  <testcase name="testGetRelationshipsURL[63]" classname="com.basistech.rosette.api.RosetteAPITest" time="0.016"/>
  <testcase name="testGetMorphologyDoc[63]" classname="com.basistech.rosette.api.RosetteAPITest" time="0.015"/>
  <testcase name="testGetMorphologyURL[63]" classname="com.basistech.rosette.api.RosetteAPITest" time="0.022"/>
  <testcase name="testGetSyntaxDependenciesURL[63]" classname="com.basistech.rosette.api.RosetteAPITest" time="0.038"/>
  <testcase name="testNonIgnoredUnknownField[63]" classname="com.basistech.rosette.api.RosetteAPITest" time="0.019"/>
  <testcase name="testGetEntityDoc[63]" classname="com.basistech.rosette.api.RosetteAPITest" time="0.016"/>
  <testcase name="testGetEntityURL[63]" classname="com.basistech.rosette.api.RosetteAPITest" time="0.014"/>
  <testcase name="testNameDeduplication[63]" classname="com.basistech.rosette.api.RosetteAPITest" time="0.015"/>
  <testcase name="testGetLanguageDoc[63]" classname="com.basistech.rosette.api.RosetteAPITest" time="0.016"/>
  <testcase name="testGetLanguageURL[63]" classname="com.basistech.rosette.api.RosetteAPITest" time="0.015"/>
  <testcase name="testMatchName[63]" classname="com.basistech.rosette.api.RosetteAPITest" time="0.019"/>
  <testcase name="testGetSentiment[63]" classname="com.basistech.rosette.api.RosetteAPITest" time="0.014"/>
  <testcase name="testGetCategoriesURL[63]" classname="com.basistech.rosette.api.RosetteAPITest" time="0.015"/>
  <testcase name="testGetSentimentURL[64]" classname="com.basistech.rosette.api.RosetteAPITest" time="0.014"/>
  <testcase name="testIgnoredUnknownField[64]" classname="com.basistech.rosette.api.RosetteAPITest" time="0.014"/>
  <testcase name="testTranslateName[64]" classname="com.basistech.rosette.api.RosetteAPITest" time="0.014"/>
  <testcase name="testGetRelationships[64]" classname="com.basistech.rosette.api.RosetteAPITest" time="0.016"/>
  <testcase name="testGetCategories[64]" classname="com.basistech.rosette.api.RosetteAPITest" time="0.013"/>
  <testcase name="testGetSyntaxDependencies[64]" classname="com.basistech.rosette.api.RosetteAPITest" time="0.013"/>
  <testcase name="testGetRelationshipsURL[64]" classname="com.basistech.rosette.api.RosetteAPITest" time="0.014"/>
  <testcase name="testGetMorphologyDoc[64]" classname="com.basistech.rosette.api.RosetteAPITest" time="0.014"/>
  <testcase name="testGetMorphologyURL[64]" classname="com.basistech.rosette.api.RosetteAPITest" time="0.013"/>
  <testcase name="testGetSyntaxDependenciesURL[64]" classname="com.basistech.rosette.api.RosetteAPITest" time="0.021"/>
  <testcase name="testNonIgnoredUnknownField[64]" classname="com.basistech.rosette.api.RosetteAPITest" time="0.015"/>
  <testcase name="testGetEntityDoc[64]" classname="com.basistech.rosette.api.RosetteAPITest" time="0.014"/>
  <testcase name="testGetEntityURL[64]" classname="com.basistech.rosette.api.RosetteAPITest" time="0.013"/>
  <testcase name="testNameDeduplication[64]" classname="com.basistech.rosette.api.RosetteAPITest" time="0.014"/>
  <testcase name="testGetLanguageDoc[64]" classname="com.basistech.rosette.api.RosetteAPITest" time="0.013"/>
  <testcase name="testGetLanguageURL[64]" classname="com.basistech.rosette.api.RosetteAPITest" time="0.017"/>
  <testcase name="testMatchName[64]" classname="com.basistech.rosette.api.RosetteAPITest" time="0.013"/>
  <testcase name="testGetSentiment[64]" classname="com.basistech.rosette.api.RosetteAPITest" time="0.018"/>
  <testcase name="testGetCategoriesURL[64]" classname="com.basistech.rosette.api.RosetteAPITest" time="0.016"/>
  <testcase name="testGetSentimentURL[65]" classname="com.basistech.rosette.api.RosetteAPITest" time="0.014"/>
  <testcase name="testIgnoredUnknownField[65]" classname="com.basistech.rosette.api.RosetteAPITest" time="0.023"/>
  <testcase name="testTranslateName[65]" classname="com.basistech.rosette.api.RosetteAPITest" time="0.014"/>
  <testcase name="testGetRelationships[65]" classname="com.basistech.rosette.api.RosetteAPITest" time="0.014"/>
  <testcase name="testGetCategories[65]" classname="com.basistech.rosette.api.RosetteAPITest" time="0.014"/>
  <testcase name="testGetSyntaxDependencies[65]" classname="com.basistech.rosette.api.RosetteAPITest" time="0.013"/>
  <testcase name="testGetRelationshipsURL[65]" classname="com.basistech.rosette.api.RosetteAPITest" time="0.013"/>
  <testcase name="testGetMorphologyDoc[65]" classname="com.basistech.rosette.api.RosetteAPITest" time="0.016"/>
  <testcase name="testGetMorphologyURL[65]" classname="com.basistech.rosette.api.RosetteAPITest" time="0.016"/>
  <testcase name="testGetSyntaxDependenciesURL[65]" classname="com.basistech.rosette.api.RosetteAPITest" time="0.013"/>
  <testcase name="testNonIgnoredUnknownField[65]" classname="com.basistech.rosette.api.RosetteAPITest" time="0.013"/>
  <testcase name="testGetEntityDoc[65]" classname="com.basistech.rosette.api.RosetteAPITest" time="0.017"/>
  <testcase name="testGetEntityURL[65]" classname="com.basistech.rosette.api.RosetteAPITest" time="0.014"/>
  <testcase name="testNameDeduplication[65]" classname="com.basistech.rosette.api.RosetteAPITest" time="0.014"/>
  <testcase name="testGetLanguageDoc[65]" classname="com.basistech.rosette.api.RosetteAPITest" time="0.013"/>
  <testcase name="testGetLanguageURL[65]" classname="com.basistech.rosette.api.RosetteAPITest" time="0.014"/>
  <testcase name="testMatchName[65]" classname="com.basistech.rosette.api.RosetteAPITest" time="0.013"/>
  <testcase name="testGetSentiment[65]" classname="com.basistech.rosette.api.RosetteAPITest" time="0.02"/>
  <testcase name="testGetCategoriesURL[65]" classname="com.basistech.rosette.api.RosetteAPITest" time="0.013"/>
  <testcase name="testGetSentimentURL[66]" classname="com.basistech.rosette.api.RosetteAPITest" time="0.014"/>
  <testcase name="testIgnoredUnknownField[66]" classname="com.basistech.rosette.api.RosetteAPITest" time="0.014"/>
  <testcase name="testTranslateName[66]" classname="com.basistech.rosette.api.RosetteAPITest" time="0.013"/>
  <testcase name="testGetRelationships[66]" classname="com.basistech.rosette.api.RosetteAPITest" time="0.013"/>
  <testcase name="testGetCategories[66]" classname="com.basistech.rosette.api.RosetteAPITest" time="0.016"/>
  <testcase name="testGetSyntaxDependencies[66]" classname="com.basistech.rosette.api.RosetteAPITest" time="0.014"/>
  <testcase name="testGetRelationshipsURL[66]" classname="com.basistech.rosette.api.RosetteAPITest" time="0.026"/>
  <testcase name="testGetMorphologyDoc[66]" classname="com.basistech.rosette.api.RosetteAPITest" time="0.016"/>
  <testcase name="testGetMorphologyURL[66]" classname="com.basistech.rosette.api.RosetteAPITest" time="0.015"/>
  <testcase name="testGetSyntaxDependenciesURL[66]" classname="com.basistech.rosette.api.RosetteAPITest" time="0.015"/>
  <testcase name="testNonIgnoredUnknownField[66]" classname="com.basistech.rosette.api.RosetteAPITest" time="0.016"/>
  <testcase name="testGetEntityDoc[66]" classname="com.basistech.rosette.api.RosetteAPITest" time="0.014"/>
  <testcase name="testGetEntityURL[66]" classname="com.basistech.rosette.api.RosetteAPITest" time="0.015"/>
  <testcase name="testNameDeduplication[66]" classname="com.basistech.rosette.api.RosetteAPITest" time="0.015"/>
  <testcase name="testGetLanguageDoc[66]" classname="com.basistech.rosette.api.RosetteAPITest" time="0.016"/>
  <testcase name="testGetLanguageURL[66]" classname="com.basistech.rosette.api.RosetteAPITest" time="0.014"/>
  <testcase name="testMatchName[66]" classname="com.basistech.rosette.api.RosetteAPITest" time="0.017"/>
  <testcase name="testGetSentiment[66]" classname="com.basistech.rosette.api.RosetteAPITest" time="0.015"/>
  <testcase name="testGetCategoriesURL[66]" classname="com.basistech.rosette.api.RosetteAPITest" time="0.019"/>
  <testcase name="testGetSentimentURL[67]" classname="com.basistech.rosette.api.RosetteAPITest" time="0.015"/>
  <testcase name="testIgnoredUnknownField[67]" classname="com.basistech.rosette.api.RosetteAPITest" time="0.014"/>
  <testcase name="testTranslateName[67]" classname="com.basistech.rosette.api.RosetteAPITest" time="0.017"/>
  <testcase name="testGetRelationships[67]" classname="com.basistech.rosette.api.RosetteAPITest" time="0.016"/>
  <testcase name="testGetCategories[67]" classname="com.basistech.rosette.api.RosetteAPITest" time="0.013"/>
  <testcase name="testGetSyntaxDependencies[67]" classname="com.basistech.rosette.api.RosetteAPITest" time="0.019"/>
  <testcase name="testGetRelationshipsURL[67]" classname="com.basistech.rosette.api.RosetteAPITest" time="0.015"/>
  <testcase name="testGetMorphologyDoc[67]" classname="com.basistech.rosette.api.RosetteAPITest" time="0.014"/>
  <testcase name="testGetMorphologyURL[67]" classname="com.basistech.rosette.api.RosetteAPITest" time="0.014"/>
  <testcase name="testGetSyntaxDependenciesURL[67]" classname="com.basistech.rosette.api.RosetteAPITest" time="0.017"/>
  <testcase name="testNonIgnoredUnknownField[67]" classname="com.basistech.rosette.api.RosetteAPITest" time="0.014"/>
  <testcase name="testGetEntityDoc[67]" classname="com.basistech.rosette.api.RosetteAPITest" time="0.014"/>
  <testcase name="testGetEntityURL[67]" classname="com.basistech.rosette.api.RosetteAPITest" time="0.017"/>
  <testcase name="testNameDeduplication[67]" classname="com.basistech.rosette.api.RosetteAPITest" time="0.043"/>
  <testcase name="testGetLanguageDoc[67]" classname="com.basistech.rosette.api.RosetteAPITest" time="0.026"/>
  <testcase name="testGetLanguageURL[67]" classname="com.basistech.rosette.api.RosetteAPITest" time="0.015"/>
  <testcase name="testMatchName[67]" classname="com.basistech.rosette.api.RosetteAPITest" time="0.014"/>
  <testcase name="testGetSentiment[67]" classname="com.basistech.rosette.api.RosetteAPITest" time="0.016"/>
  <testcase name="testGetCategoriesURL[67]" classname="com.basistech.rosette.api.RosetteAPITest" time="0.03"/>
  <testcase name="testGetSentimentURL[68]" classname="com.basistech.rosette.api.RosetteAPITest" time="0.015"/>
  <testcase name="testIgnoredUnknownField[68]" classname="com.basistech.rosette.api.RosetteAPITest" time="0.026"/>
  <testcase name="testTranslateName[68]" classname="com.basistech.rosette.api.RosetteAPITest" time="0.014"/>
  <testcase name="testGetRelationships[68]" classname="com.basistech.rosette.api.RosetteAPITest" time="0.014"/>
  <testcase name="testGetCategories[68]" classname="com.basistech.rosette.api.RosetteAPITest" time="0.013"/>
  <testcase name="testGetSyntaxDependencies[68]" classname="com.basistech.rosette.api.RosetteAPITest" time="0.016"/>
  <testcase name="testGetRelationshipsURL[68]" classname="com.basistech.rosette.api.RosetteAPITest" time="0.019"/>
  <testcase name="testGetMorphologyDoc[68]" classname="com.basistech.rosette.api.RosetteAPITest" time="0.019"/>
  <testcase name="testGetMorphologyURL[68]" classname="com.basistech.rosette.api.RosetteAPITest" time="0.014"/>
  <testcase name="testGetSyntaxDependenciesURL[68]" classname="com.basistech.rosette.api.RosetteAPITest" time="0.015"/>
  <testcase name="testNonIgnoredUnknownField[68]" classname="com.basistech.rosette.api.RosetteAPITest" time="0.023"/>
  <testcase name="testGetEntityDoc[68]" classname="com.basistech.rosette.api.RosetteAPITest" time="0.016"/>
  <testcase name="testGetEntityURL[68]" classname="com.basistech.rosette.api.RosetteAPITest" time="0.029"/>
  <testcase name="testNameDeduplication[68]" classname="com.basistech.rosette.api.RosetteAPITest" time="0.018"/>
  <testcase name="testGetLanguageDoc[68]" classname="com.basistech.rosette.api.RosetteAPITest" time="0.015"/>
  <testcase name="testGetLanguageURL[68]" classname="com.basistech.rosette.api.RosetteAPITest" time="0.015"/>
  <testcase name="testMatchName[68]" classname="com.basistech.rosette.api.RosetteAPITest" time="0.017"/>
  <testcase name="testGetSentiment[68]" classname="com.basistech.rosette.api.RosetteAPITest" time="0.014"/>
  <testcase name="testGetCategoriesURL[68]" classname="com.basistech.rosette.api.RosetteAPITest" time="0.02"/>
  <testcase name="testGetSentimentURL[69]" classname="com.basistech.rosette.api.RosetteAPITest" time="0.02"/>
  <testcase name="testIgnoredUnknownField[69]" classname="com.basistech.rosette.api.RosetteAPITest" time="0.014"/>
  <testcase name="testTranslateName[69]" classname="com.basistech.rosette.api.RosetteAPITest" time="0.014"/>
  <testcase name="testGetRelationships[69]" classname="com.basistech.rosette.api.RosetteAPITest" time="0.016"/>
  <testcase name="testGetCategories[69]" classname="com.basistech.rosette.api.RosetteAPITest" time="0.013"/>
  <testcase name="testGetSyntaxDependencies[69]" classname="com.basistech.rosette.api.RosetteAPITest" time="0.015"/>
  <testcase name="testGetRelationshipsURL[69]" classname="com.basistech.rosette.api.RosetteAPITest" time="0.015"/>
  <testcase name="testGetMorphologyDoc[69]" classname="com.basistech.rosette.api.RosetteAPITest" time="0.014"/>
  <testcase name="testGetMorphologyURL[69]" classname="com.basistech.rosette.api.RosetteAPITest" time="0.025"/>
  <testcase name="testGetSyntaxDependenciesURL[69]" classname="com.basistech.rosette.api.RosetteAPITest" time="0.013"/>
  <testcase name="testNonIgnoredUnknownField[69]" classname="com.basistech.rosette.api.RosetteAPITest" time="0.015"/>
  <testcase name="testGetEntityDoc[69]" classname="com.basistech.rosette.api.RosetteAPITest" time="0.013"/>
  <testcase name="testGetEntityURL[69]" classname="com.basistech.rosette.api.RosetteAPITest" time="0.024"/>
  <testcase name="testNameDeduplication[69]" classname="com.basistech.rosette.api.RosetteAPITest" time="0.016"/>
  <testcase name="testGetLanguageDoc[69]" classname="com.basistech.rosette.api.RosetteAPITest" time="0.019"/>
  <testcase name="testGetLanguageURL[69]" classname="com.basistech.rosette.api.RosetteAPITest" time="0.017"/>
  <testcase name="testMatchName[69]" classname="com.basistech.rosette.api.RosetteAPITest" time="0.015"/>
  <testcase name="testGetSentiment[69]" classname="com.basistech.rosette.api.RosetteAPITest" time="0.02"/>
  <testcase name="testGetCategoriesURL[69]" classname="com.basistech.rosette.api.RosetteAPITest" time="0.028"/>
  <testcase name="testGetSentimentURL[70]" classname="com.basistech.rosette.api.RosetteAPITest" time="0.016"/>
  <testcase name="testIgnoredUnknownField[70]" classname="com.basistech.rosette.api.RosetteAPITest" time="0.015"/>
  <testcase name="testTranslateName[70]" classname="com.basistech.rosette.api.RosetteAPITest" time="0.015"/>
  <testcase name="testGetRelationships[70]" classname="com.basistech.rosette.api.RosetteAPITest" time="0.015"/>
  <testcase name="testGetCategories[70]" classname="com.basistech.rosette.api.RosetteAPITest" time="0.015"/>
  <testcase name="testGetSyntaxDependencies[70]" classname="com.basistech.rosette.api.RosetteAPITest" time="0.019"/>
  <testcase name="testGetRelationshipsURL[70]" classname="com.basistech.rosette.api.RosetteAPITest" time="0.026"/>
  <testcase name="testGetMorphologyDoc[70]" classname="com.basistech.rosette.api.RosetteAPITest" time="0.021"/>
  <testcase name="testGetMorphologyURL[70]" classname="com.basistech.rosette.api.RosetteAPITest" time="0.016"/>
  <testcase name="testGetSyntaxDependenciesURL[70]" classname="com.basistech.rosette.api.RosetteAPITest" time="0.014"/>
  <testcase name="testNonIgnoredUnknownField[70]" classname="com.basistech.rosette.api.RosetteAPITest" time="0.015"/>
  <testcase name="testGetEntityDoc[70]" classname="com.basistech.rosette.api.RosetteAPITest" time="0.021"/>
  <testcase name="testGetEntityURL[70]" classname="com.basistech.rosette.api.RosetteAPITest" time="0.016"/>
  <testcase name="testNameDeduplication[70]" classname="com.basistech.rosette.api.RosetteAPITest" time="0.036"/>
  <testcase name="testGetLanguageDoc[70]" classname="com.basistech.rosette.api.RosetteAPITest" time="0.014"/>
  <testcase name="testGetLanguageURL[70]" classname="com.basistech.rosette.api.RosetteAPITest" time="0.016"/>
  <testcase name="testMatchName[70]" classname="com.basistech.rosette.api.RosetteAPITest" time="0.017"/>
  <testcase name="testGetSentiment[70]" classname="com.basistech.rosette.api.RosetteAPITest" time="0.025"/>
  <testcase name="testGetCategoriesURL[70]" classname="com.basistech.rosette.api.RosetteAPITest" time="0.013"/>
  <testcase name="testGetSentimentURL[71]" classname="com.basistech.rosette.api.RosetteAPITest" time="0.013"/>
  <testcase name="testIgnoredUnknownField[71]" classname="com.basistech.rosette.api.RosetteAPITest" time="0.022"/>
  <testcase name="testTranslateName[71]" classname="com.basistech.rosette.api.RosetteAPITest" time="0.013"/>
  <testcase name="testGetRelationships[71]" classname="com.basistech.rosette.api.RosetteAPITest" time="0.042"/>
  <testcase name="testGetCategories[71]" classname="com.basistech.rosette.api.RosetteAPITest" time="0.019"/>
  <testcase name="testGetSyntaxDependencies[71]" classname="com.basistech.rosette.api.RosetteAPITest" time="0.015"/>
  <testcase name="testGetRelationshipsURL[71]" classname="com.basistech.rosette.api.RosetteAPITest" time="0.014"/>
  <testcase name="testGetMorphologyDoc[71]" classname="com.basistech.rosette.api.RosetteAPITest" time="0.023"/>
  <testcase name="testGetMorphologyURL[71]" classname="com.basistech.rosette.api.RosetteAPITest" time="0.015"/>
  <testcase name="testGetSyntaxDependenciesURL[71]" classname="com.basistech.rosette.api.RosetteAPITest" time="0.013"/>
  <testcase name="testNonIgnoredUnknownField[71]" classname="com.basistech.rosette.api.RosetteAPITest" time="0.013"/>
  <testcase name="testGetEntityDoc[71]" classname="com.basistech.rosette.api.RosetteAPITest" time="0.014"/>
  <testcase name="testGetEntityURL[71]" classname="com.basistech.rosette.api.RosetteAPITest" time="0.013"/>
  <testcase name="testNameDeduplication[71]" classname="com.basistech.rosette.api.RosetteAPITest" time="0.015"/>
  <testcase name="testGetLanguageDoc[71]" classname="com.basistech.rosette.api.RosetteAPITest" time="0.014"/>
  <testcase name="testGetLanguageURL[71]" classname="com.basistech.rosette.api.RosetteAPITest" time="0.014"/>
  <testcase name="testMatchName[71]" classname="com.basistech.rosette.api.RosetteAPITest" time="0.013"/>
  <testcase name="testGetSentiment[71]" classname="com.basistech.rosette.api.RosetteAPITest" time="0.014"/>
  <testcase name="testGetCategoriesURL[71]" classname="com.basistech.rosette.api.RosetteAPITest" time="0.016"/>
  <testcase name="testGetSentimentURL[72]" classname="com.basistech.rosette.api.RosetteAPITest" time="0.014"/>
  <testcase name="testIgnoredUnknownField[72]" classname="com.basistech.rosette.api.RosetteAPITest" time="0.013"/>
  <testcase name="testTranslateName[72]" classname="com.basistech.rosette.api.RosetteAPITest" time="0.015"/>
  <testcase name="testGetRelationships[72]" classname="com.basistech.rosette.api.RosetteAPITest" time="0.016"/>
  <testcase name="testGetCategories[72]" classname="com.basistech.rosette.api.RosetteAPITest" time="0.014"/>
  <testcase name="testGetSyntaxDependencies[72]" classname="com.basistech.rosette.api.RosetteAPITest" time="0.014"/>
  <testcase name="testGetRelationshipsURL[72]" classname="com.basistech.rosette.api.RosetteAPITest" time="0.016"/>
  <testcase name="testGetMorphologyDoc[72]" classname="com.basistech.rosette.api.RosetteAPITest" time="0.024"/>
  <testcase name="testGetMorphologyURL[72]" classname="com.basistech.rosette.api.RosetteAPITest" time="0.017"/>
  <testcase name="testGetSyntaxDependenciesURL[72]" classname="com.basistech.rosette.api.RosetteAPITest" time="0.023"/>
  <testcase name="testNonIgnoredUnknownField[72]" classname="com.basistech.rosette.api.RosetteAPITest" time="0.015"/>
  <testcase name="testGetEntityDoc[72]" classname="com.basistech.rosette.api.RosetteAPITest" time="0.016"/>
  <testcase name="testGetEntityURL[72]" classname="com.basistech.rosette.api.RosetteAPITest" time="0.014"/>
  <testcase name="testNameDeduplication[72]" classname="com.basistech.rosette.api.RosetteAPITest" time="0.014"/>
  <testcase name="testGetLanguageDoc[72]" classname="com.basistech.rosette.api.RosetteAPITest" time="0.014"/>
  <testcase name="testGetLanguageURL[72]" classname="com.basistech.rosette.api.RosetteAPITest" time="0.023"/>
  <testcase name="testMatchName[72]" classname="com.basistech.rosette.api.RosetteAPITest" time="0.014"/>
  <testcase name="testGetSentiment[72]" classname="com.basistech.rosette.api.RosetteAPITest" time="0.014"/>
  <testcase name="testGetCategoriesURL[72]" classname="com.basistech.rosette.api.RosetteAPITest" time="0.014"/>
  <testcase name="testGetSentimentURL[73]" classname="com.basistech.rosette.api.RosetteAPITest" time="0.017"/>
  <testcase name="testIgnoredUnknownField[73]" classname="com.basistech.rosette.api.RosetteAPITest" time="0.015"/>
  <testcase name="testTranslateName[73]" classname="com.basistech.rosette.api.RosetteAPITest" time="0.017"/>
  <testcase name="testGetRelationships[73]" classname="com.basistech.rosette.api.RosetteAPITest" time="0.015"/>
  <testcase name="testGetCategories[73]" classname="com.basistech.rosette.api.RosetteAPITest" time="0.014"/>
  <testcase name="testGetSyntaxDependencies[73]" classname="com.basistech.rosette.api.RosetteAPITest" time="0.014"/>
  <testcase name="testGetRelationshipsURL[73]" classname="com.basistech.rosette.api.RosetteAPITest" time="0.015"/>
  <testcase name="testGetMorphologyDoc[73]" classname="com.basistech.rosette.api.RosetteAPITest" time="0.018"/>
  <testcase name="testGetMorphologyURL[73]" classname="com.basistech.rosette.api.RosetteAPITest" time="0.022"/>
  <testcase name="testGetSyntaxDependenciesURL[73]" classname="com.basistech.rosette.api.RosetteAPITest" time="0.015"/>
  <testcase name="testNonIgnoredUnknownField[73]" classname="com.basistech.rosette.api.RosetteAPITest" time="0.014"/>
  <testcase name="testGetEntityDoc[73]" classname="com.basistech.rosette.api.RosetteAPITest" time="0.014"/>
  <testcase name="testGetEntityURL[73]" classname="com.basistech.rosette.api.RosetteAPITest" time="0.019"/>
  <testcase name="testNameDeduplication[73]" classname="com.basistech.rosette.api.RosetteAPITest" time="0.014"/>
  <testcase name="testGetLanguageDoc[73]" classname="com.basistech.rosette.api.RosetteAPITest" time="0.017"/>
  <testcase name="testGetLanguageURL[73]" classname="com.basistech.rosette.api.RosetteAPITest" time="0.013"/>
  <testcase name="testMatchName[73]" classname="com.basistech.rosette.api.RosetteAPITest" time="0.013"/>
  <testcase name="testGetSentiment[73]" classname="com.basistech.rosette.api.RosetteAPITest" time="0.015"/>
  <testcase name="testGetCategoriesURL[73]" classname="com.basistech.rosette.api.RosetteAPITest" time="0.013"/>
  <testcase name="testGetSentimentURL[74]" classname="com.basistech.rosette.api.RosetteAPITest" time="0.015"/>
  <testcase name="testIgnoredUnknownField[74]" classname="com.basistech.rosette.api.RosetteAPITest" time="0.02"/>
  <testcase name="testTranslateName[74]" classname="com.basistech.rosette.api.RosetteAPITest" time="0.014"/>
  <testcase name="testGetRelationships[74]" classname="com.basistech.rosette.api.RosetteAPITest" time="0.015"/>
  <testcase name="testGetCategories[74]" classname="com.basistech.rosette.api.RosetteAPITest" time="0.016"/>
  <testcase name="testGetSyntaxDependencies[74]" classname="com.basistech.rosette.api.RosetteAPITest" time="0.015"/>
  <testcase name="testGetRelationshipsURL[74]" classname="com.basistech.rosette.api.RosetteAPITest" time="0.014"/>
  <testcase name="testGetMorphologyDoc[74]" classname="com.basistech.rosette.api.RosetteAPITest" time="0.016"/>
  <testcase name="testGetMorphologyURL[74]" classname="com.basistech.rosette.api.RosetteAPITest" time="0.013"/>
  <testcase name="testGetSyntaxDependenciesURL[74]" classname="com.basistech.rosette.api.RosetteAPITest" time="0.014"/>
  <testcase name="testNonIgnoredUnknownField[74]" classname="com.basistech.rosette.api.RosetteAPITest" time="0.013"/>
  <testcase name="testGetEntityDoc[74]" classname="com.basistech.rosette.api.RosetteAPITest" time="0.013"/>
  <testcase name="testGetEntityURL[74]" classname="com.basistech.rosette.api.RosetteAPITest" time="0.014"/>
  <testcase name="testNameDeduplication[74]" classname="com.basistech.rosette.api.RosetteAPITest" time="0.02"/>
  <testcase name="testGetLanguageDoc[74]" classname="com.basistech.rosette.api.RosetteAPITest" time="0.014"/>
  <testcase name="testGetLanguageURL[74]" classname="com.basistech.rosette.api.RosetteAPITest" time="0.014"/>
  <testcase name="testMatchName[74]" classname="com.basistech.rosette.api.RosetteAPITest" time="0.015"/>
  <testcase name="testGetSentiment[74]" classname="com.basistech.rosette.api.RosetteAPITest" time="0.012"/>
  <testcase name="testGetCategoriesURL[74]" classname="com.basistech.rosette.api.RosetteAPITest" time="0.014"/>
  <testcase name="testGetSentimentURL[75]" classname="com.basistech.rosette.api.RosetteAPITest" time="0.017"/>
  <testcase name="testIgnoredUnknownField[75]" classname="com.basistech.rosette.api.RosetteAPITest" time="0.015"/>
  <testcase name="testTranslateName[75]" classname="com.basistech.rosette.api.RosetteAPITest" time="0.013"/>
  <testcase name="testGetRelationships[75]" classname="com.basistech.rosette.api.RosetteAPITest" time="0.015"/>
  <testcase name="testGetCategories[75]" classname="com.basistech.rosette.api.RosetteAPITest" time="0.015"/>
  <testcase name="testGetSyntaxDependencies[75]" classname="com.basistech.rosette.api.RosetteAPITest" time="0.015"/>
  <testcase name="testGetRelationshipsURL[75]" classname="com.basistech.rosette.api.RosetteAPITest" time="0.016"/>
  <testcase name="testGetMorphologyDoc[75]" classname="com.basistech.rosette.api.RosetteAPITest" time="0.014"/>
  <testcase name="testGetMorphologyURL[75]" classname="com.basistech.rosette.api.RosetteAPITest" time="0.014"/>
  <testcase name="testGetSyntaxDependenciesURL[75]" classname="com.basistech.rosette.api.RosetteAPITest" time="0.014"/>
  <testcase name="testNonIgnoredUnknownField[75]" classname="com.basistech.rosette.api.RosetteAPITest" time="0.014"/>
  <testcase name="testGetEntityDoc[75]" classname="com.basistech.rosette.api.RosetteAPITest" time="0.022"/>
  <testcase name="testGetEntityURL[75]" classname="com.basistech.rosette.api.RosetteAPITest" time="0.018"/>
  <testcase name="testNameDeduplication[75]" classname="com.basistech.rosette.api.RosetteAPITest" time="0.013"/>
  <testcase name="testGetLanguageDoc[75]" classname="com.basistech.rosette.api.RosetteAPITest" time="0.014"/>
  <testcase name="testGetLanguageURL[75]" classname="com.basistech.rosette.api.RosetteAPITest" time="0.014"/>
  <testcase name="testMatchName[75]" classname="com.basistech.rosette.api.RosetteAPITest" time="0.014"/>
  <testcase name="testGetSentiment[75]" classname="com.basistech.rosette.api.RosetteAPITest" time="0.014"/>
  <testcase name="testGetCategoriesURL[75]" classname="com.basistech.rosette.api.RosetteAPITest" time="0.016"/>
  <testcase name="testGetSentimentURL[76]" classname="com.basistech.rosette.api.RosetteAPITest" time="0.014"/>
  <testcase name="testIgnoredUnknownField[76]" classname="com.basistech.rosette.api.RosetteAPITest" time="0.013"/>
  <testcase name="testTranslateName[76]" classname="com.basistech.rosette.api.RosetteAPITest" time="0.014"/>
  <testcase name="testGetRelationships[76]" classname="com.basistech.rosette.api.RosetteAPITest" time="0.014"/>
  <testcase name="testGetCategories[76]" classname="com.basistech.rosette.api.RosetteAPITest" time="0.014"/>
  <testcase name="testGetSyntaxDependencies[76]" classname="com.basistech.rosette.api.RosetteAPITest" time="0.016"/>
  <testcase name="testGetRelationshipsURL[76]" classname="com.basistech.rosette.api.RosetteAPITest" time="0.013"/>
  <testcase name="testGetMorphologyDoc[76]" classname="com.basistech.rosette.api.RosetteAPITest" time="0.013"/>
  <testcase name="testGetMorphologyURL[76]" classname="com.basistech.rosette.api.RosetteAPITest" time="0.013"/>
  <testcase name="testGetSyntaxDependenciesURL[76]" classname="com.basistech.rosette.api.RosetteAPITest" time="0.013"/>
  <testcase name="testNonIgnoredUnknownField[76]" classname="com.basistech.rosette.api.RosetteAPITest" time="0.014"/>
  <testcase name="testGetEntityDoc[76]" classname="com.basistech.rosette.api.RosetteAPITest" time="0.023"/>
  <testcase name="testGetEntityURL[76]" classname="com.basistech.rosette.api.RosetteAPITest" time="0.015"/>
  <testcase name="testNameDeduplication[76]" classname="com.basistech.rosette.api.RosetteAPITest" time="0.016"/>
  <testcase name="testGetLanguageDoc[76]" classname="com.basistech.rosette.api.RosetteAPITest" time="0.019"/>
  <testcase name="testGetLanguageURL[76]" classname="com.basistech.rosette.api.RosetteAPITest" time="0.014"/>
  <testcase name="testMatchName[76]" classname="com.basistech.rosette.api.RosetteAPITest" time="0.013"/>
  <testcase name="testGetSentiment[76]" classname="com.basistech.rosette.api.RosetteAPITest" time="0.023"/>
  <testcase name="testGetCategoriesURL[76]" classname="com.basistech.rosette.api.RosetteAPITest" time="0.015"/>
  <testcase name="testGetSentimentURL[77]" classname="com.basistech.rosette.api.RosetteAPITest" time="0.014"/>
  <testcase name="testIgnoredUnknownField[77]" classname="com.basistech.rosette.api.RosetteAPITest" time="0.015"/>
  <testcase name="testTranslateName[77]" classname="com.basistech.rosette.api.RosetteAPITest" time="0.014"/>
  <testcase name="testGetRelationships[77]" classname="com.basistech.rosette.api.RosetteAPITest" time="0.015"/>
  <testcase name="testGetCategories[77]" classname="com.basistech.rosette.api.RosetteAPITest" time="0.023"/>
  <testcase name="testGetSyntaxDependencies[77]" classname="com.basistech.rosette.api.RosetteAPITest" time="0.016"/>
  <testcase name="testGetRelationshipsURL[77]" classname="com.basistech.rosette.api.RosetteAPITest" time="0.014"/>
  <testcase name="testGetMorphologyDoc[77]" classname="com.basistech.rosette.api.RosetteAPITest" time="0.014"/>
  <testcase name="testGetMorphologyURL[77]" classname="com.basistech.rosette.api.RosetteAPITest" time="0.014"/>
  <testcase name="testGetSyntaxDependenciesURL[77]" classname="com.basistech.rosette.api.RosetteAPITest" time="0.015"/>
  <testcase name="testNonIgnoredUnknownField[77]" classname="com.basistech.rosette.api.RosetteAPITest" time="0.021"/>
  <testcase name="testGetEntityDoc[77]" classname="com.basistech.rosette.api.RosetteAPITest" time="0.015"/>
  <testcase name="testGetEntityURL[77]" classname="com.basistech.rosette.api.RosetteAPITest" time="0.015"/>
  <testcase name="testNameDeduplication[77]" classname="com.basistech.rosette.api.RosetteAPITest" time="0.014"/>
  <testcase name="testGetLanguageDoc[77]" classname="com.basistech.rosette.api.RosetteAPITest" time="0.014"/>
  <testcase name="testGetLanguageURL[77]" classname="com.basistech.rosette.api.RosetteAPITest" time="0.015"/>
  <testcase name="testMatchName[77]" classname="com.basistech.rosette.api.RosetteAPITest" time="0.015"/>
  <testcase name="testGetSentiment[77]" classname="com.basistech.rosette.api.RosetteAPITest" time="0.015"/>
  <testcase name="testGetCategoriesURL[77]" classname="com.basistech.rosette.api.RosetteAPITest" time="0.015"/>
  <testcase name="testGetSentimentURL[78]" classname="com.basistech.rosette.api.RosetteAPITest" time="0.014"/>
  <testcase name="testIgnoredUnknownField[78]" classname="com.basistech.rosette.api.RosetteAPITest" time="0.014"/>
  <testcase name="testTranslateName[78]" classname="com.basistech.rosette.api.RosetteAPITest" time="0.014"/>
  <testcase name="testGetRelationships[78]" classname="com.basistech.rosette.api.RosetteAPITest" time="0.015"/>
  <testcase name="testGetCategories[78]" classname="com.basistech.rosette.api.RosetteAPITest" time="0.037"/>
  <testcase name="testGetSyntaxDependencies[78]" classname="com.basistech.rosette.api.RosetteAPITest" time="0.015"/>
  <testcase name="testGetRelationshipsURL[78]" classname="com.basistech.rosette.api.RosetteAPITest" time="0.015"/>
  <testcase name="testGetMorphologyDoc[78]" classname="com.basistech.rosette.api.RosetteAPITest" time="0.014"/>
  <testcase name="testGetMorphologyURL[78]" classname="com.basistech.rosette.api.RosetteAPITest" time="0.016"/>
  <testcase name="testGetSyntaxDependenciesURL[78]" classname="com.basistech.rosette.api.RosetteAPITest" time="0.014"/>
  <testcase name="testNonIgnoredUnknownField[78]" classname="com.basistech.rosette.api.RosetteAPITest" time="0.013"/>
  <testcase name="testGetEntityDoc[78]" classname="com.basistech.rosette.api.RosetteAPITest" time="0.014"/>
  <testcase name="testGetEntityURL[78]" classname="com.basistech.rosette.api.RosetteAPITest" time="0.013"/>
  <testcase name="testNameDeduplication[78]" classname="com.basistech.rosette.api.RosetteAPITest" time="0.014"/>
  <testcase name="testGetLanguageDoc[78]" classname="com.basistech.rosette.api.RosetteAPITest" time="0.023"/>
  <testcase name="testGetLanguageURL[78]" classname="com.basistech.rosette.api.RosetteAPITest" time="0.014"/>
  <testcase name="testMatchName[78]" classname="com.basistech.rosette.api.RosetteAPITest" time="0.014"/>
  <testcase name="testGetSentiment[78]" classname="com.basistech.rosette.api.RosetteAPITest" time="0.017"/>
  <testcase name="testGetCategoriesURL[78]" classname="com.basistech.rosette.api.RosetteAPITest" time="0.02"/>
  <testcase name="testGetSentimentURL[79]" classname="com.basistech.rosette.api.RosetteAPITest" time="0.015"/>
  <testcase name="testIgnoredUnknownField[79]" classname="com.basistech.rosette.api.RosetteAPITest" time="0.018"/>
  <testcase name="testTranslateName[79]" classname="com.basistech.rosette.api.RosetteAPITest" time="0.015"/>
  <testcase name="testGetRelationships[79]" classname="com.basistech.rosette.api.RosetteAPITest" time="0.015"/>
  <testcase name="testGetCategories[79]" classname="com.basistech.rosette.api.RosetteAPITest" time="0.014"/>
  <testcase name="testGetSyntaxDependencies[79]" classname="com.basistech.rosette.api.RosetteAPITest" time="0.018"/>
  <testcase name="testGetRelationshipsURL[79]" classname="com.basistech.rosette.api.RosetteAPITest" time="0.016"/>
  <testcase name="testGetMorphologyDoc[79]" classname="com.basistech.rosette.api.RosetteAPITest" time="0.015"/>
  <testcase name="testGetMorphologyURL[79]" classname="com.basistech.rosette.api.RosetteAPITest" time="0.021"/>
  <testcase name="testGetSyntaxDependenciesURL[79]" classname="com.basistech.rosette.api.RosetteAPITest" time="0.016"/>
  <testcase name="testNonIgnoredUnknownField[79]" classname="com.basistech.rosette.api.RosetteAPITest" time="0.016"/>
  <testcase name="testGetEntityDoc[79]" classname="com.basistech.rosette.api.RosetteAPITest" time="0.018"/>
  <testcase name="testGetEntityURL[79]" classname="com.basistech.rosette.api.RosetteAPITest" time="0.015"/>
  <testcase name="testNameDeduplication[79]" classname="com.basistech.rosette.api.RosetteAPITest" time="0.016"/>
  <testcase name="testGetLanguageDoc[79]" classname="com.basistech.rosette.api.RosetteAPITest" time="0.014"/>
  <testcase name="testGetLanguageURL[79]" classname="com.basistech.rosette.api.RosetteAPITest" time="0.015"/>
  <testcase name="testMatchName[79]" classname="com.basistech.rosette.api.RosetteAPITest" time="0.015"/>
  <testcase name="testGetSentiment[79]" classname="com.basistech.rosette.api.RosetteAPITest" time="0.023"/>
  <testcase name="testGetCategoriesURL[79]" classname="com.basistech.rosette.api.RosetteAPITest" time="0.016"/>
  <testcase name="testGetSentimentURL[80]" classname="com.basistech.rosette.api.RosetteAPITest" time="0.014"/>
  <testcase name="testIgnoredUnknownField[80]" classname="com.basistech.rosette.api.RosetteAPITest" time="0.013"/>
  <testcase name="testTranslateName[80]" classname="com.basistech.rosette.api.RosetteAPITest" time="0.014"/>
  <testcase name="testGetRelationships[80]" classname="com.basistech.rosette.api.RosetteAPITest" time="0.014"/>
  <testcase name="testGetCategories[80]" classname="com.basistech.rosette.api.RosetteAPITest" time="0.021"/>
  <testcase name="testGetSyntaxDependencies[80]" classname="com.basistech.rosette.api.RosetteAPITest" time="0.018"/>
  <testcase name="testGetRelationshipsURL[80]" classname="com.basistech.rosette.api.RosetteAPITest" time="0.013"/>
  <testcase name="testGetMorphologyDoc[80]" classname="com.basistech.rosette.api.RosetteAPITest" time="0.014"/>
  <testcase name="testGetMorphologyURL[80]" classname="com.basistech.rosette.api.RosetteAPITest" time="0.013"/>
  <testcase name="testGetSyntaxDependenciesURL[80]" classname="com.basistech.rosette.api.RosetteAPITest" time="0.013"/>
  <testcase name="testNonIgnoredUnknownField[80]" classname="com.basistech.rosette.api.RosetteAPITest" time="0.02"/>
  <testcase name="testGetEntityDoc[80]" classname="com.basistech.rosette.api.RosetteAPITest" time="0.015"/>
  <testcase name="testGetEntityURL[80]" classname="com.basistech.rosette.api.RosetteAPITest" time="0.013"/>
  <testcase name="testNameDeduplication[80]" classname="com.basistech.rosette.api.RosetteAPITest" time="0.013"/>
  <testcase name="testGetLanguageDoc[80]" classname="com.basistech.rosette.api.RosetteAPITest" time="0.018"/>
  <testcase name="testGetLanguageURL[80]" classname="com.basistech.rosette.api.RosetteAPITest" time="0.015"/>
  <testcase name="testMatchName[80]" classname="com.basistech.rosette.api.RosetteAPITest" time="0.014"/>
  <testcase name="testGetSentiment[80]" classname="com.basistech.rosette.api.RosetteAPITest" time="0.014"/>
  <testcase name="testGetCategoriesURL[80]" classname="com.basistech.rosette.api.RosetteAPITest" time="0.013"/>
  <testcase name="testGetSentimentURL[81]" classname="com.basistech.rosette.api.RosetteAPITest" time="0.015"/>
  <testcase name="testIgnoredUnknownField[81]" classname="com.basistech.rosette.api.RosetteAPITest" time="0.014"/>
  <testcase name="testTranslateName[81]" classname="com.basistech.rosette.api.RosetteAPITest" time="0.023"/>
  <testcase name="testGetRelationships[81]" classname="com.basistech.rosette.api.RosetteAPITest" time="0.014"/>
  <testcase name="testGetCategories[81]" classname="com.basistech.rosette.api.RosetteAPITest" time="0.014"/>
  <testcase name="testGetSyntaxDependencies[81]" classname="com.basistech.rosette.api.RosetteAPITest" time="0.015"/>
  <testcase name="testGetRelationshipsURL[81]" classname="com.basistech.rosette.api.RosetteAPITest" time="0.014"/>
  <testcase name="testGetMorphologyDoc[81]" classname="com.basistech.rosette.api.RosetteAPITest" time="0.013"/>
  <testcase name="testGetMorphologyURL[81]" classname="com.basistech.rosette.api.RosetteAPITest" time="0.021"/>
  <testcase name="testGetSyntaxDependenciesURL[81]" classname="com.basistech.rosette.api.RosetteAPITest" time="0.015"/>
  <testcase name="testNonIgnoredUnknownField[81]" classname="com.basistech.rosette.api.RosetteAPITest" time="0.015"/>
  <testcase name="testGetEntityDoc[81]" classname="com.basistech.rosette.api.RosetteAPITest" time="0.014"/>
  <testcase name="testGetEntityURL[81]" classname="com.basistech.rosette.api.RosetteAPITest" time="0.025"/>
  <testcase name="testNameDeduplication[81]" classname="com.basistech.rosette.api.RosetteAPITest" time="0.03"/>
  <testcase name="testGetLanguageDoc[81]" classname="com.basistech.rosette.api.RosetteAPITest" time="0.026"/>
  <testcase name="testGetLanguageURL[81]" classname="com.basistech.rosette.api.RosetteAPITest" time="0.014"/>
  <testcase name="testMatchName[81]" classname="com.basistech.rosette.api.RosetteAPITest" time="0.014"/>
  <testcase name="testGetSentiment[81]" classname="com.basistech.rosette.api.RosetteAPITest" time="0.014"/>
  <testcase name="testGetCategoriesURL[81]" classname="com.basistech.rosette.api.RosetteAPITest" time="0.014"/>
  <testcase name="testGetSentimentURL[82]" classname="com.basistech.rosette.api.RosetteAPITest" time="0.015"/>
  <testcase name="testIgnoredUnknownField[82]" classname="com.basistech.rosette.api.RosetteAPITest" time="0.016"/>
  <testcase name="testTranslateName[82]" classname="com.basistech.rosette.api.RosetteAPITest" time="0.016"/>
  <testcase name="testGetRelationships[82]" classname="com.basistech.rosette.api.RosetteAPITest" time="0.013"/>
  <testcase name="testGetCategories[82]" classname="com.basistech.rosette.api.RosetteAPITest" time="0.013"/>
  <testcase name="testGetSyntaxDependencies[82]" classname="com.basistech.rosette.api.RosetteAPITest" time="0.014"/>
  <testcase name="testGetRelationshipsURL[82]" classname="com.basistech.rosette.api.RosetteAPITest" time="0.013"/>
  <testcase name="testGetMorphologyDoc[82]" classname="com.basistech.rosette.api.RosetteAPITest" time="0.013"/>
  <testcase name="testGetMorphologyURL[82]" classname="com.basistech.rosette.api.RosetteAPITest" time="0.016"/>
  <testcase name="testGetSyntaxDependenciesURL[82]" classname="com.basistech.rosette.api.RosetteAPITest" time="0.012"/>
  <testcase name="testNonIgnoredUnknownField[82]" classname="com.basistech.rosette.api.RosetteAPITest" time="0.013"/>
  <testcase name="testGetEntityDoc[82]" classname="com.basistech.rosette.api.RosetteAPITest" time="0.014"/>
  <testcase name="testGetEntityURL[82]" classname="com.basistech.rosette.api.RosetteAPITest" time="0.013"/>
  <testcase name="testNameDeduplication[82]" classname="com.basistech.rosette.api.RosetteAPITest" time="0.021"/>
  <testcase name="testGetLanguageDoc[82]" classname="com.basistech.rosette.api.RosetteAPITest" time="0.016"/>
  <testcase name="testGetLanguageURL[82]" classname="com.basistech.rosette.api.RosetteAPITest" time="0.014"/>
  <testcase name="testMatchName[82]" classname="com.basistech.rosette.api.RosetteAPITest" time="0.018"/>
  <testcase name="testGetSentiment[82]" classname="com.basistech.rosette.api.RosetteAPITest" time="0.015"/>
  <testcase name="testGetCategoriesURL[82]" classname="com.basistech.rosette.api.RosetteAPITest" time="0.013"/>
  <testcase name="testGetSentimentURL[83]" classname="com.basistech.rosette.api.RosetteAPITest" time="0.014"/>
  <testcase name="testIgnoredUnknownField[83]" classname="com.basistech.rosette.api.RosetteAPITest" time="0.016"/>
  <testcase name="testTranslateName[83]" classname="com.basistech.rosette.api.RosetteAPITest" time="0.013"/>
  <testcase name="testGetRelationships[83]" classname="com.basistech.rosette.api.RosetteAPITest" time="0.014"/>
  <testcase name="testGetCategories[83]" classname="com.basistech.rosette.api.RosetteAPITest" time="0.018"/>
  <testcase name="testGetSyntaxDependencies[83]" classname="com.basistech.rosette.api.RosetteAPITest" time="0.013"/>
  <testcase name="testGetRelationshipsURL[83]" classname="com.basistech.rosette.api.RosetteAPITest" time="0.023"/>
  <testcase name="testGetMorphologyDoc[83]" classname="com.basistech.rosette.api.RosetteAPITest" time="0.013"/>
  <testcase name="testGetMorphologyURL[83]" classname="com.basistech.rosette.api.RosetteAPITest" time="0.013"/>
  <testcase name="testGetSyntaxDependenciesURL[83]" classname="com.basistech.rosette.api.RosetteAPITest" time="0.014"/>
  <testcase name="testNonIgnoredUnknownField[83]" classname="com.basistech.rosette.api.RosetteAPITest" time="0.015"/>
  <testcase name="testGetEntityDoc[83]" classname="com.basistech.rosette.api.RosetteAPITest" time="0.013"/>
  <testcase name="testGetEntityURL[83]" classname="com.basistech.rosette.api.RosetteAPITest" time="0.013"/>
  <testcase name="testNameDeduplication[83]" classname="com.basistech.rosette.api.RosetteAPITest" time="0.013"/>
  <testcase name="testGetLanguageDoc[83]" classname="com.basistech.rosette.api.RosetteAPITest" time="0.013"/>
  <testcase name="testGetLanguageURL[83]" classname="com.basistech.rosette.api.RosetteAPITest" time="0.016"/>
  <testcase name="testMatchName[83]" classname="com.basistech.rosette.api.RosetteAPITest" time="0.013"/>
  <testcase name="testGetSentiment[83]" classname="com.basistech.rosette.api.RosetteAPITest" time="0.014"/>
  <testcase name="testGetCategoriesURL[83]" classname="com.basistech.rosette.api.RosetteAPITest" time="0.013"/>
</testsuite>